0 verbose cli /usr/local/bin/node /usr/local/bin/npm
1 info using npm@10.9.2
2 info using node@v22.15.1
3 silly config load:file:/usr/local/lib/node_modules/npm/npmrc
4 silly config load:file:/Users/abel/Desktop/Codename Stealth Project/Website Code/debtoptimizer/.npmrc
5 silly config load:file:/Users/abel/.npmrc
6 silly config load:file:/usr/local/etc/npmrc
7 verbose title npm install @tailwindcss/postcss
8 verbose argv "install" "@tailwindcss/postcss" "--save-dev" "--legacy-peer-deps"
9 verbose logfile logs-max:10 dir:/Users/abel/Desktop/Codename Stealth Project/Website Code/debtoptimizer/.npm-cache/_logs/2025-09-12T19_18_32_061Z-
10 verbose logfile /Users/abel/Desktop/Codename Stealth Project/Website Code/debtoptimizer/.npm-cache/_logs/2025-09-12T19_18_32_061Z-debug-0.log
11 silly logfile start cleaning logs, removing 1 files
12 silly packumentCache heap:4345298944 maxSize:1086324736 maxEntrySize:543162368
13 silly logfile done cleaning log files
14 silly idealTree buildDeps
15 silly fetch manifest @tailwindcss/postcss@*
16 silly packumentCache full:https://registry.npmjs.org/@tailwindcss%2fpostcss cache-miss
17 http fetch GET 200 https://registry.npmjs.org/@tailwindcss%2fpostcss 272ms (cache miss)
18 silly packumentCache full:https://registry.npmjs.org/@tailwindcss%2fpostcss set size:undefined disposed:false
19 silly placeDep ROOT @tailwindcss/postcss@4.1.13 OK for: debtoptimizer@0.1.0 want: *
20 silly fetch manifest tailwindcss@4.1.13
21 silly packumentCache full:https://registry.npmjs.org/tailwindcss cache-miss
22 silly fetch manifest @tailwindcss/node@4.1.13
23 silly packumentCache full:https://registry.npmjs.org/@tailwindcss%2fnode cache-miss
24 silly fetch manifest @tailwindcss/oxide@4.1.13
25 silly packumentCache full:https://registry.npmjs.org/@tailwindcss%2foxide cache-miss
26 http cache https://registry.npmjs.org/tailwindcss 20ms (cache hit)
27 silly packumentCache full:https://registry.npmjs.org/tailwindcss set size:9498633 disposed:false
28 http fetch GET 200 https://registry.npmjs.org/@tailwindcss%2fnode 153ms (cache miss)
29 silly packumentCache full:https://registry.npmjs.org/@tailwindcss%2fnode set size:undefined disposed:false
30 http fetch GET 200 https://registry.npmjs.org/@tailwindcss%2foxide 343ms (cache miss)
31 silly packumentCache full:https://registry.npmjs.org/@tailwindcss%2foxide set size:undefined disposed:false
32 silly placeDep ROOT @tailwindcss/node@4.1.13 OK for: @tailwindcss/postcss@4.1.13 want: 4.1.13
33 silly placeDep ROOT @tailwindcss/oxide@4.1.13 OK for: @tailwindcss/postcss@4.1.13 want: 4.1.13
34 silly placeDep node_modules/@tailwindcss/postcss tailwindcss@4.1.13 OK for: @tailwindcss/postcss@4.1.13 want: 4.1.13
35 silly fetch manifest jiti@^2.5.1
36 silly packumentCache full:https://registry.npmjs.org/jiti cache-miss
37 silly fetch manifest lightningcss@1.30.1
38 silly packumentCache full:https://registry.npmjs.org/lightningcss cache-miss
39 silly fetch manifest magic-string@^0.30.18
40 silly packumentCache full:https://registry.npmjs.org/magic-string cache-miss
41 silly fetch manifest enhanced-resolve@^5.18.3
42 silly packumentCache full:https://registry.npmjs.org/enhanced-resolve cache-miss
43 silly fetch manifest @jridgewell/remapping@^2.3.4
44 silly packumentCache full:https://registry.npmjs.org/@jridgewell%2fremapping cache-miss
45 silly fetch manifest tar@^7.4.3
46 silly packumentCache full:https://registry.npmjs.org/tar cache-miss
47 silly fetch manifest @tailwindcss/oxide-darwin-x64@4.1.13
48 silly packumentCache full:https://registry.npmjs.org/@tailwindcss%2foxide-darwin-x64 cache-miss
49 silly fetch manifest @tailwindcss/oxide-freebsd-x64@4.1.13
50 silly packumentCache full:https://registry.npmjs.org/@tailwindcss%2foxide-freebsd-x64 cache-miss
51 silly fetch manifest @tailwindcss/oxide-wasm32-wasi@4.1.13
52 silly packumentCache full:https://registry.npmjs.org/@tailwindcss%2foxide-wasm32-wasi cache-miss
53 silly fetch manifest @tailwindcss/oxide-darwin-arm64@4.1.13
54 silly packumentCache full:https://registry.npmjs.org/@tailwindcss%2foxide-darwin-arm64 cache-miss
55 http cache https://registry.npmjs.org/jiti 41ms (cache hit)
56 silly packumentCache full:https://registry.npmjs.org/jiti set size:373202 disposed:false
57 silly fetch manifest @tailwindcss/oxide-android-arm64@4.1.13
58 silly packumentCache full:https://registry.npmjs.org/@tailwindcss%2foxide-android-arm64 cache-miss
59 http fetch GET 200 https://registry.npmjs.org/@jridgewell%2fremapping 137ms (cache miss)
60 silly packumentCache full:https://registry.npmjs.org/@jridgewell%2fremapping set size:undefined disposed:false
61 silly fetch manifest @tailwindcss/oxide-linux-x64-gnu@4.1.13
62 silly packumentCache full:https://registry.npmjs.org/@tailwindcss%2foxide-linux-x64-gnu cache-miss
63 http fetch GET 200 https://registry.npmjs.org/magic-string 157ms (cache miss)
64 silly packumentCache full:https://registry.npmjs.org/magic-string set size:undefined disposed:false
65 silly fetch manifest @tailwindcss/oxide-linux-x64-musl@4.1.13
66 silly packumentCache full:https://registry.npmjs.org/@tailwindcss%2foxide-linux-x64-musl cache-miss
67 http fetch GET 200 https://registry.npmjs.org/lightningcss 169ms (cache miss)
68 silly packumentCache full:https://registry.npmjs.org/lightningcss set size:undefined disposed:false
69 silly fetch manifest @tailwindcss/oxide-win32-x64-msvc@4.1.13
70 silly packumentCache full:https://registry.npmjs.org/@tailwindcss%2foxide-win32-x64-msvc cache-miss
71 http fetch GET 200 https://registry.npmjs.org/tar 212ms (cache miss)
72 silly packumentCache full:https://registry.npmjs.org/tar set size:undefined disposed:false
73 silly fetch manifest @tailwindcss/oxide-linux-arm64-gnu@4.1.13
74 silly packumentCache full:https://registry.npmjs.org/@tailwindcss%2foxide-linux-arm64-gnu cache-miss
75 http fetch GET 200 https://registry.npmjs.org/@tailwindcss%2foxide-wasm32-wasi 221ms (cache miss)
76 silly packumentCache full:https://registry.npmjs.org/@tailwindcss%2foxide-wasm32-wasi set size:undefined disposed:false
77 silly fetch manifest @tailwindcss/oxide-linux-arm64-musl@4.1.13
78 silly packumentCache full:https://registry.npmjs.org/@tailwindcss%2foxide-linux-arm64-musl cache-miss
79 http fetch GET 200 https://registry.npmjs.org/enhanced-resolve 233ms (cache miss)
80 silly packumentCache full:https://registry.npmjs.org/enhanced-resolve set size:undefined disposed:false
81 silly fetch manifest @tailwindcss/oxide-win32-arm64-msvc@4.1.13
82 silly packumentCache full:https://registry.npmjs.org/@tailwindcss%2foxide-win32-arm64-msvc cache-miss
83 http fetch GET 200 https://registry.npmjs.org/@tailwindcss%2foxide-android-arm64 341ms (cache miss)
84 silly packumentCache full:https://registry.npmjs.org/@tailwindcss%2foxide-android-arm64 set size:undefined disposed:false
85 silly fetch manifest @tailwindcss/oxide-linux-arm-gnueabihf@4.1.13
86 silly packumentCache full:https://registry.npmjs.org/@tailwindcss%2foxide-linux-arm-gnueabihf cache-miss
87 http fetch GET 200 https://registry.npmjs.org/@tailwindcss%2foxide-linux-x64-gnu 245ms (cache miss)
88 silly packumentCache full:https://registry.npmjs.org/@tailwindcss%2foxide-linux-x64-gnu set size:undefined disposed:false
89 http fetch GET 200 https://registry.npmjs.org/@tailwindcss%2foxide-linux-x64-musl 290ms (cache miss)
90 silly packumentCache full:https://registry.npmjs.org/@tailwindcss%2foxide-linux-x64-musl set size:undefined disposed:false
91 http fetch GET 200 https://registry.npmjs.org/@tailwindcss%2foxide-linux-arm64-gnu 241ms (cache miss)
92 silly packumentCache full:https://registry.npmjs.org/@tailwindcss%2foxide-linux-arm64-gnu set size:undefined disposed:false
93 http fetch GET 200 https://registry.npmjs.org/@tailwindcss%2foxide-win32-arm64-msvc 231ms (cache miss)
94 silly packumentCache full:https://registry.npmjs.org/@tailwindcss%2foxide-win32-arm64-msvc set size:undefined disposed:false
95 http fetch GET 200 https://registry.npmjs.org/@tailwindcss%2foxide-freebsd-x64 480ms (cache miss)
96 silly packumentCache full:https://registry.npmjs.org/@tailwindcss%2foxide-freebsd-x64 set size:undefined disposed:false
97 http fetch GET 200 https://registry.npmjs.org/@tailwindcss%2foxide-win32-x64-msvc 320ms (cache miss)
98 silly packumentCache full:https://registry.npmjs.org/@tailwindcss%2foxide-win32-x64-msvc set size:undefined disposed:false
99 http fetch GET 200 https://registry.npmjs.org/@tailwindcss%2foxide-darwin-arm64 490ms (cache miss)
100 silly packumentCache full:https://registry.npmjs.org/@tailwindcss%2foxide-darwin-arm64 set size:undefined disposed:false
101 http fetch GET 200 https://registry.npmjs.org/@tailwindcss%2foxide-darwin-x64 607ms (cache miss)
102 silly packumentCache full:https://registry.npmjs.org/@tailwindcss%2foxide-darwin-x64 set size:undefined disposed:false
103 http fetch GET 200 https://registry.npmjs.org/@tailwindcss%2foxide-linux-arm-gnueabihf 235ms (cache miss)
104 silly packumentCache full:https://registry.npmjs.org/@tailwindcss%2foxide-linux-arm-gnueabihf set size:undefined disposed:false
105 http fetch GET 200 https://registry.npmjs.org/@tailwindcss%2foxide-linux-arm64-musl 398ms (cache miss)
106 silly packumentCache full:https://registry.npmjs.org/@tailwindcss%2foxide-linux-arm64-musl set size:undefined disposed:false
107 silly placeDep ROOT @jridgewell/remapping@2.3.5 OK for: @tailwindcss/node@4.1.13 want: ^2.3.4
108 silly placeDep ROOT enhanced-resolve@5.18.3 OK for: @tailwindcss/node@4.1.13 want: ^5.18.3
109 silly placeDep ROOT jiti@2.5.1 OK for: @tailwindcss/node@4.1.13 want: ^2.5.1
110 silly placeDep ROOT lightningcss@1.30.1 OK for: @tailwindcss/node@4.1.13 want: 1.30.1
111 silly placeDep ROOT magic-string@0.30.19 OK for: @tailwindcss/node@4.1.13 want: ^0.30.18
112 silly placeDep node_modules/@tailwindcss/node tailwindcss@4.1.13 OK for: @tailwindcss/node@4.1.13 want: 4.1.13
113 silly fetch manifest tapable@^2.2.0
114 silly packumentCache full:https://registry.npmjs.org/tapable cache-miss
115 silly fetch manifest lightningcss-darwin-x64@1.30.1
116 silly packumentCache full:https://registry.npmjs.org/lightningcss-darwin-x64 cache-miss
117 silly fetch manifest lightningcss-linux-x64-gnu@1.30.1
118 silly packumentCache full:https://registry.npmjs.org/lightningcss-linux-x64-gnu cache-miss
119 silly fetch manifest lightningcss-win32-x64-msvc@1.30.1
120 silly packumentCache full:https://registry.npmjs.org/lightningcss-win32-x64-msvc cache-miss
121 silly fetch manifest lightningcss-win32-arm64-msvc@1.30.1
122 silly packumentCache full:https://registry.npmjs.org/lightningcss-win32-arm64-msvc cache-miss
123 silly fetch manifest lightningcss-darwin-arm64@1.30.1
124 silly packumentCache full:https://registry.npmjs.org/lightningcss-darwin-arm64 cache-miss
125 silly fetch manifest lightningcss-linux-arm64-gnu@1.30.1
126 silly packumentCache full:https://registry.npmjs.org/lightningcss-linux-arm64-gnu cache-miss
127 silly fetch manifest lightningcss-linux-arm-gnueabihf@1.30.1
128 silly packumentCache full:https://registry.npmjs.org/lightningcss-linux-arm-gnueabihf cache-miss
129 silly fetch manifest lightningcss-linux-arm64-musl@1.30.1
130 silly packumentCache full:https://registry.npmjs.org/lightningcss-linux-arm64-musl cache-miss
131 silly fetch manifest lightningcss-linux-x64-musl@1.30.1
132 silly packumentCache full:https://registry.npmjs.org/lightningcss-linux-x64-musl cache-miss
133 http fetch GET 200 https://registry.npmjs.org/lightningcss-darwin-x64 59ms (cache miss)
134 silly packumentCache full:https://registry.npmjs.org/lightningcss-darwin-x64 set size:undefined disposed:false
135 silly fetch manifest lightningcss-freebsd-x64@1.30.1
136 silly packumentCache full:https://registry.npmjs.org/lightningcss-freebsd-x64 cache-miss
137 http fetch GET 200 https://registry.npmjs.org/lightningcss-linux-arm-gnueabihf 60ms (cache miss)
138 silly packumentCache full:https://registry.npmjs.org/lightningcss-linux-arm-gnueabihf set size:undefined disposed:false
139 http fetch GET 200 https://registry.npmjs.org/lightningcss-win32-arm64-msvc 61ms (cache miss)
140 silly packumentCache full:https://registry.npmjs.org/lightningcss-win32-arm64-msvc set size:undefined disposed:false
141 http fetch GET 200 https://registry.npmjs.org/lightningcss-linux-arm64-musl 65ms (cache miss)
142 silly packumentCache full:https://registry.npmjs.org/lightningcss-linux-arm64-musl set size:undefined disposed:false
143 http fetch GET 200 https://registry.npmjs.org/tapable 76ms (cache miss)
144 silly packumentCache full:https://registry.npmjs.org/tapable set size:undefined disposed:false
145 http fetch GET 200 https://registry.npmjs.org/lightningcss-darwin-arm64 76ms (cache miss)
146 silly packumentCache full:https://registry.npmjs.org/lightningcss-darwin-arm64 set size:undefined disposed:false
147 http fetch GET 200 https://registry.npmjs.org/lightningcss-linux-x64-gnu 77ms (cache miss)
148 silly packumentCache full:https://registry.npmjs.org/lightningcss-linux-x64-gnu set size:undefined disposed:false
149 http fetch GET 200 https://registry.npmjs.org/lightningcss-linux-arm64-gnu 88ms (cache miss)
150 silly packumentCache full:https://registry.npmjs.org/lightningcss-linux-arm64-gnu set size:undefined disposed:false
151 http fetch GET 200 https://registry.npmjs.org/lightningcss-win32-x64-msvc 99ms (cache miss)
152 silly packumentCache full:https://registry.npmjs.org/lightningcss-win32-x64-msvc set size:undefined disposed:false
153 http fetch GET 200 https://registry.npmjs.org/lightningcss-freebsd-x64 40ms (cache miss)
154 silly packumentCache full:https://registry.npmjs.org/lightningcss-freebsd-x64 set size:undefined disposed:false
155 http fetch GET 200 https://registry.npmjs.org/lightningcss-linux-x64-musl 106ms (cache miss)
156 silly packumentCache full:https://registry.npmjs.org/lightningcss-linux-x64-musl set size:undefined disposed:false
157 silly placeDep ROOT @tailwindcss/oxide-android-arm64@4.1.13 OK for: @tailwindcss/oxide@4.1.13 want: 4.1.13
158 silly placeDep ROOT @tailwindcss/oxide-darwin-arm64@4.1.13 OK for: @tailwindcss/oxide@4.1.13 want: 4.1.13
159 silly placeDep ROOT @tailwindcss/oxide-darwin-x64@4.1.13 OK for: @tailwindcss/oxide@4.1.13 want: 4.1.13
160 silly placeDep ROOT @tailwindcss/oxide-freebsd-x64@4.1.13 OK for: @tailwindcss/oxide@4.1.13 want: 4.1.13
161 silly placeDep ROOT @tailwindcss/oxide-linux-arm-gnueabihf@4.1.13 OK for: @tailwindcss/oxide@4.1.13 want: 4.1.13
162 silly placeDep ROOT @tailwindcss/oxide-linux-arm64-gnu@4.1.13 OK for: @tailwindcss/oxide@4.1.13 want: 4.1.13
163 silly placeDep ROOT @tailwindcss/oxide-linux-arm64-musl@4.1.13 OK for: @tailwindcss/oxide@4.1.13 want: 4.1.13
164 silly placeDep ROOT @tailwindcss/oxide-linux-x64-gnu@4.1.13 OK for: @tailwindcss/oxide@4.1.13 want: 4.1.13
165 silly placeDep ROOT @tailwindcss/oxide-linux-x64-musl@4.1.13 OK for: @tailwindcss/oxide@4.1.13 want: 4.1.13
166 silly placeDep ROOT @tailwindcss/oxide-wasm32-wasi@4.1.13 OK for: @tailwindcss/oxide@4.1.13 want: 4.1.13
167 silly placeDep ROOT @tailwindcss/oxide-win32-arm64-msvc@4.1.13 OK for: @tailwindcss/oxide@4.1.13 want: 4.1.13
168 silly placeDep ROOT @tailwindcss/oxide-win32-x64-msvc@4.1.13 OK for: @tailwindcss/oxide@4.1.13 want: 4.1.13
169 silly placeDep ROOT tar@7.4.3 OK for: @tailwindcss/oxide@4.1.13 want: ^7.4.3
170 silly fetch manifest @isaacs/fs-minipass@^4.0.0
171 silly packumentCache full:https://registry.npmjs.org/@isaacs%2ffs-minipass cache-miss
172 silly fetch manifest chownr@^3.0.0
173 silly packumentCache full:https://registry.npmjs.org/chownr cache-miss
174 silly fetch manifest minizlib@^3.0.1
175 silly packumentCache full:https://registry.npmjs.org/minizlib cache-miss
176 silly fetch manifest mkdirp@^3.0.1
177 silly packumentCache full:https://registry.npmjs.org/mkdirp cache-miss
178 silly fetch manifest yallist@^5.0.0
179 silly packumentCache full:https://registry.npmjs.org/yallist cache-miss
180 http fetch GET 200 https://registry.npmjs.org/chownr 44ms (cache miss)
181 silly packumentCache full:https://registry.npmjs.org/chownr set size:undefined disposed:false
182 http fetch GET 200 https://registry.npmjs.org/mkdirp 45ms (cache miss)
183 silly packumentCache full:https://registry.npmjs.org/mkdirp set size:undefined disposed:false
184 http fetch GET 200 https://registry.npmjs.org/yallist 61ms (cache miss)
185 silly packumentCache full:https://registry.npmjs.org/yallist set size:undefined disposed:false
186 http fetch GET 200 https://registry.npmjs.org/minizlib 103ms (cache miss)
187 silly packumentCache full:https://registry.npmjs.org/minizlib set size:undefined disposed:false
188 http fetch GET 200 https://registry.npmjs.org/@isaacs%2ffs-minipass 105ms (cache miss)
189 silly packumentCache full:https://registry.npmjs.org/@isaacs%2ffs-minipass set size:undefined disposed:false
190 silly placeDep ROOT tapable@2.2.3 OK for: enhanced-resolve@5.18.3 want: ^2.2.0
191 silly placeDep ROOT lightningcss-darwin-arm64@1.30.1 OK for: lightningcss@1.30.1 want: 1.30.1
192 silly placeDep ROOT lightningcss-darwin-x64@1.30.1 OK for: lightningcss@1.30.1 want: 1.30.1
193 silly placeDep ROOT lightningcss-freebsd-x64@1.30.1 OK for: lightningcss@1.30.1 want: 1.30.1
194 silly placeDep ROOT lightningcss-linux-arm-gnueabihf@1.30.1 OK for: lightningcss@1.30.1 want: 1.30.1
195 silly placeDep ROOT lightningcss-linux-arm64-gnu@1.30.1 OK for: lightningcss@1.30.1 want: 1.30.1
196 silly placeDep ROOT lightningcss-linux-arm64-musl@1.30.1 OK for: lightningcss@1.30.1 want: 1.30.1
197 silly placeDep ROOT lightningcss-linux-x64-gnu@1.30.1 OK for: lightningcss@1.30.1 want: 1.30.1
198 silly placeDep ROOT lightningcss-linux-x64-musl@1.30.1 OK for: lightningcss@1.30.1 want: 1.30.1
199 silly placeDep ROOT lightningcss-win32-arm64-msvc@1.30.1 OK for: lightningcss@1.30.1 want: 1.30.1
200 silly placeDep ROOT lightningcss-win32-x64-msvc@1.30.1 OK for: lightningcss@1.30.1 want: 1.30.1
201 silly placeDep ROOT @isaacs/fs-minipass@4.0.1 OK for: tar@7.4.3 want: ^4.0.0
202 silly placeDep ROOT chownr@3.0.0 OK for: tar@7.4.3 want: ^3.0.0
203 silly placeDep ROOT minizlib@3.0.2 OK for: tar@7.4.3 want: ^3.0.1
204 silly placeDep ROOT mkdirp@3.0.1 OK for: tar@7.4.3 want: ^3.0.1
205 silly placeDep ROOT yallist@5.0.0 OK for: tar@7.4.3 want: ^5.0.0
206 silly reify moves {}
207 verbose reify failed optional dependency /Users/abel/Desktop/Codename Stealth Project/Website Code/debtoptimizer/node_modules/@tailwindcss/oxide-wasm32-wasi
208 silly reify mark deleted [
208 silly reify   '/Users/abel/Desktop/Codename Stealth Project/Website Code/debtoptimizer/node_modules/@tailwindcss/oxide-wasm32-wasi'
208 silly reify ]
209 silly audit bulk request {
209 silly audit   '@alloc/quick-lru': [ '5.2.0' ],
209 silly audit   '@emnapi/core': [ '1.5.0' ],
209 silly audit   '@emnapi/runtime': [ '1.5.0' ],
209 silly audit   '@emnapi/wasi-threads': [ '1.1.0' ],
209 silly audit   '@eslint-community/eslint-utils': [ '4.9.0' ],
209 silly audit   'eslint-visitor-keys': [ '3.4.3', '4.2.1' ],
209 silly audit   '@eslint-community/regexpp': [ '4.12.1' ],
209 silly audit   '@eslint/eslintrc': [ '3.3.1', '2.1.4' ],
209 silly audit   '@eslint/js': [ '8.57.1' ],
209 silly audit   '@headlessui/react': [ '1.7.19' ],
209 silly audit   '@hookform/resolvers': [ '3.10.0' ],
209 silly audit   '@humanwhocodes/config-array': [ '0.13.0' ],
209 silly audit   '@humanwhocodes/module-importer': [ '1.0.1' ],
209 silly audit   '@humanwhocodes/object-schema': [ '2.0.3' ],
209 silly audit   '@img/sharp-darwin-arm64': [ '0.34.3' ],
209 silly audit   '@img/sharp-darwin-x64': [ '0.34.3' ],
209 silly audit   '@img/sharp-libvips-darwin-arm64': [ '1.2.0' ],
209 silly audit   '@img/sharp-libvips-darwin-x64': [ '1.2.0' ],
209 silly audit   '@img/sharp-libvips-linux-arm': [ '1.2.0' ],
209 silly audit   '@img/sharp-libvips-linux-arm64': [ '1.2.0' ],
209 silly audit   '@img/sharp-libvips-linux-ppc64': [ '1.2.0' ],
209 silly audit   '@img/sharp-libvips-linux-s390x': [ '1.2.0' ],
209 silly audit   '@img/sharp-libvips-linux-x64': [ '1.2.0' ],
209 silly audit   '@img/sharp-libvips-linuxmusl-arm64': [ '1.2.0' ],
209 silly audit   '@img/sharp-libvips-linuxmusl-x64': [ '1.2.0' ],
209 silly audit   '@img/sharp-linux-arm': [ '0.34.3' ],
209 silly audit   '@img/sharp-linux-arm64': [ '0.34.3' ],
209 silly audit   '@img/sharp-linux-ppc64': [ '0.34.3' ],
209 silly audit   '@img/sharp-linux-s390x': [ '0.34.3' ],
209 silly audit   '@img/sharp-linux-x64': [ '0.34.3' ],
209 silly audit   '@img/sharp-linuxmusl-arm64': [ '0.34.3' ],
209 silly audit   '@img/sharp-linuxmusl-x64': [ '0.34.3' ],
209 silly audit   '@img/sharp-wasm32': [ '0.34.3' ],
209 silly audit   '@img/sharp-win32-arm64': [ '0.34.3' ],
209 silly audit   '@img/sharp-win32-ia32': [ '0.34.3' ],
209 silly audit   '@img/sharp-win32-x64': [ '0.34.3' ],
209 silly audit   '@isaacs/cliui': [ '8.0.2' ],
209 silly audit   'ansi-regex': [ '6.2.2', '5.0.1' ],
209 silly audit   'strip-ansi': [ '7.1.2', '6.0.1' ],
209 silly audit   '@jridgewell/gen-mapping': [ '0.3.13' ],
209 silly audit   '@jridgewell/resolve-uri': [ '3.1.2' ],
209 silly audit   '@jridgewell/sourcemap-codec': [ '1.5.5' ],
209 silly audit   '@jridgewell/trace-mapping': [ '0.3.31' ],
209 silly audit   '@napi-rs/wasm-runtime': [ '0.2.12' ],
209 silly audit   '@next/env': [ '15.5.3' ],
209 silly audit   '@next/eslint-plugin-next': [ '15.5.3' ],
209 silly audit   '@next/swc-darwin-arm64': [ '15.5.3' ],
209 silly audit   '@next/swc-darwin-x64': [ '15.5.3' ],
209 silly audit   '@next/swc-linux-arm64-gnu': [ '15.5.3' ],
209 silly audit   '@next/swc-linux-arm64-musl': [ '15.5.3' ],
209 silly audit   '@next/swc-linux-x64-gnu': [ '15.5.3' ],
209 silly audit   '@next/swc-linux-x64-musl': [ '15.5.3' ],
209 silly audit   '@next/swc-win32-arm64-msvc': [ '15.5.3' ],
209 silly audit   '@next/swc-win32-x64-msvc': [ '15.5.3' ],
209 silly audit   '@nodelib/fs.scandir': [ '2.1.5' ],
209 silly audit   '@nodelib/fs.stat': [ '2.0.5' ],
209 silly audit   '@nodelib/fs.walk': [ '1.2.8' ],
209 silly audit   '@nolyfill/is-core-module': [ '1.0.39' ],
209 silly audit   '@pkgjs/parseargs': [ '0.11.0' ],
209 silly audit   '@rtsao/scc': [ '1.1.0' ],
209 silly audit   '@rushstack/eslint-patch': [ '1.12.0' ],
209 silly audit   '@swc/helpers': [ '0.5.15' ],
209 silly audit   '@tanstack/react-virtual': [ '3.13.12' ],
209 silly audit   '@tanstack/virtual-core': [ '3.13.12' ],
209 silly audit   '@tybys/wasm-util': [ '0.10.1' ],
209 silly audit   '@types/json5': [ '0.0.29' ],
209 silly audit   '@types/node': [ '20.19.13' ],
209 silly audit   '@types/prop-types': [ '15.7.15' ],
209 silly audit   '@types/react': [ '18.3.24' ],
209 silly audit   '@types/react-dom': [ '18.3.7' ],
209 silly audit   '@typescript-eslint/eslint-plugin': [ '8.43.0' ],
209 silly audit   ignore: [ '7.0.5', '5.3.2' ],
209 silly audit   '@typescript-eslint/parser': [ '8.43.0' ],
209 silly audit   '@typescript-eslint/project-service': [ '8.43.0' ],
209 silly audit   '@typescript-eslint/scope-manager': [ '8.43.0' ],
209 silly audit   '@typescript-eslint/tsconfig-utils': [ '8.43.0' ],
209 silly audit   '@typescript-eslint/type-utils': [ '8.43.0' ],
209 silly audit   '@typescript-eslint/types': [ '8.43.0' ],
209 silly audit   '@typescript-eslint/typescript-estree': [ '8.43.0' ],
209 silly audit   'brace-expansion': [ '2.0.2', '1.1.12' ],
209 silly audit   'fast-glob': [ '3.3.3', '3.3.1' ],
209 silly audit   'glob-parent': [ '5.1.2', '6.0.2' ],
209 silly audit   minimatch: [ '9.0.5', '3.1.2' ],
209 silly audit   '@typescript-eslint/utils': [ '8.43.0' ],
209 silly audit   '@typescript-eslint/visitor-keys': [ '8.43.0' ],
209 silly audit   '@ungap/structured-clone': [ '1.3.0' ],
209 silly audit   '@unrs/resolver-binding-android-arm-eabi': [ '1.11.1' ],
209 silly audit   '@unrs/resolver-binding-android-arm64': [ '1.11.1' ],
209 silly audit   '@unrs/resolver-binding-darwin-arm64': [ '1.11.1' ],
209 silly audit   '@unrs/resolver-binding-darwin-x64': [ '1.11.1' ],
209 silly audit   '@unrs/resolver-binding-freebsd-x64': [ '1.11.1' ],
209 silly audit   '@unrs/resolver-binding-linux-arm-gnueabihf': [ '1.11.1' ],
209 silly audit   '@unrs/resolver-binding-linux-arm-musleabihf': [ '1.11.1' ],
209 silly audit   '@unrs/resolver-binding-linux-arm64-gnu': [ '1.11.1' ],
209 silly audit   '@unrs/resolver-binding-linux-arm64-musl': [ '1.11.1' ],
209 silly audit   '@unrs/resolver-binding-linux-ppc64-gnu': [ '1.11.1' ],
209 silly audit   '@unrs/resolver-binding-linux-riscv64-gnu': [ '1.11.1' ],
209 silly audit   '@unrs/resolver-binding-linux-riscv64-musl': [ '1.11.1' ],
209 silly audit   '@unrs/resolver-binding-linux-s390x-gnu': [ '1.11.1' ],
209 silly audit   '@unrs/resolver-binding-linux-x64-gnu': [ '1.11.1' ],
209 silly audit   '@unrs/resolver-binding-linux-x64-musl': [ '1.11.1' ],
209 silly audit   '@unrs/resolver-binding-wasm32-wasi': [ '1.11.1' ],
209 silly audit   '@unrs/resolver-binding-win32-arm64-msvc': [ '1.11.1' ],
209 silly audit   '@unrs/resolver-binding-win32-ia32-msvc': [ '1.11.1' ],
209 silly audit   '@unrs/resolver-binding-win32-x64-msvc': [ '1.11.1' ],
209 silly audit   acorn: [ '8.15.0' ],
209 silly audit   'acorn-jsx': [ '5.3.2' ],
209 silly audit   ajv: [ '6.12.6' ],
209 silly audit   'ansi-styles': [ '4.3.0', '6.2.3' ],
209 silly audit   'any-promise': [ '1.3.0' ],
209 silly audit   anymatch: [ '3.1.3' ],
209 silly audit   arg: [ '5.0.2' ],
209 silly audit   argparse: [ '2.0.1' ],
209 silly audit   'aria-query': [ '5.3.2' ],
209 silly audit   'array-buffer-byte-length': [ '1.0.2' ],
209 silly audit   'array-includes': [ '3.1.9' ],
209 silly audit   'array-union': [ '2.1.0' ],
209 silly audit   'array.prototype.findlast': [ '1.2.5' ],
209 silly audit   'array.prototype.findlastindex': [ '1.2.6' ],
209 silly audit   'array.prototype.flat': [ '1.3.3' ],
209 silly audit   'array.prototype.flatmap': [ '1.3.3' ],
209 silly audit   'array.prototype.tosorted': [ '1.1.4' ],
209 silly audit   'arraybuffer.prototype.slice': [ '1.0.4' ],
209 silly audit   'ast-types-flow': [ '0.0.8' ],
209 silly audit   async: [ '3.2.6' ],
209 silly audit   'async-function': [ '1.0.0' ],
209 silly audit   'available-typed-arrays': [ '1.0.7' ],
209 silly audit   'axe-core': [ '4.10.3' ],
209 silly audit   'axobject-query': [ '4.1.0' ],
209 silly audit   'balanced-match': [ '1.0.2' ],
209 silly audit   'binary-extensions': [ '2.3.0' ],
209 silly audit   braces: [ '3.0.3' ],
209 silly audit   'call-bind': [ '1.0.8' ],
209 silly audit   'call-bind-apply-helpers': [ '1.0.2' ],
209 silly audit   'call-bound': [ '1.0.4' ],
209 silly audit   callsites: [ '3.1.0' ],
209 silly audit   'camelcase-css': [ '2.0.1' ],
209 silly audit   'caniuse-lite': [ '1.0.30001741' ],
209 silly audit   chalk: [ '4.1.2' ],
209 silly audit   chokidar: [ '3.6.0' ],
209 silly audit   'client-only': [ '0.0.1' ],
209 silly audit   color: [ '4.2.3' ],
209 silly audit   'color-convert': [ '2.0.1' ],
209 silly audit   'color-name': [ '1.1.4' ],
209 silly audit   'color-string': [ '1.9.1' ],
209 silly audit   commander: [ '13.1.0', '4.1.1' ],
209 silly audit   commondir: [ '1.0.1' ],
209 silly audit   'concat-map': [ '0.0.1' ],
209 silly audit   'countup.js': [ '2.9.0' ],
209 silly audit   'cross-spawn': [ '7.0.6' ],
209 silly audit   cssesc: [ '3.0.0' ],
209 silly audit   csstype: [ '3.1.3' ],
209 silly audit   'damerau-levenshtein': [ '1.0.8' ],
209 silly audit   'data-view-buffer': [ '1.0.2' ],
209 silly audit   'data-view-byte-length': [ '1.0.2' ],
209 silly audit   'data-view-byte-offset': [ '1.0.1' ],
209 silly audit   debug: [ '4.4.1', '3.2.7' ],
209 silly audit   'deep-is': [ '0.1.4' ],
209 silly audit   'define-data-property': [ '1.1.4' ],
209 silly audit   'define-properties': [ '1.2.1' ],
209 silly audit   'detect-libc': [ '2.0.4' ],
209 silly audit   didyoumean: [ '1.2.2' ],
209 silly audit   'dir-glob': [ '3.0.1' ],
209 silly audit   dlv: [ '1.1.3' ],
209 silly audit   doctrine: [ '2.1.0', '3.0.0' ],
209 silly audit   'dunder-proto': [ '1.0.1' ],
209 silly audit   eastasianwidth: [ '0.2.0' ],
209 silly audit   'email-addresses': [ '5.0.0' ],
209 silly audit   'emoji-regex': [ '9.2.2', '8.0.0' ],
209 silly audit   'es-abstract': [ '1.24.0' ],
209 silly audit   'es-define-property': [ '1.0.1' ],
209 silly audit   'es-errors': [ '1.3.0' ],
209 silly audit   'es-iterator-helpers': [ '1.2.1' ],
209 silly audit   'es-object-atoms': [ '1.1.1' ],
209 silly audit   'es-set-tostringtag': [ '2.1.0' ],
209 silly audit   'es-shim-unscopables': [ '1.1.0' ],
209 silly audit   'es-to-primitive': [ '1.3.0' ],
209 silly audit   'escape-string-regexp': [ '4.0.0', '1.0.5' ],
209 silly audit   eslint: [ '8.57.1' ],
209 silly audit   'eslint-config-next': [ '15.5.3' ],
209 silly audit   'eslint-import-resolver-node': [ '0.3.9' ],
209 silly audit   'eslint-import-resolver-typescript': [ '3.10.1' ],
209 silly audit   'eslint-module-utils': [ '2.12.1' ],
209 silly audit   'eslint-plugin-import': [ '2.32.0' ],
209 silly audit   semver: [ '6.3.1', '7.7.2' ],
209 silly audit   'eslint-plugin-jsx-a11y': [ '6.10.2' ],
209 silly audit   'eslint-plugin-react': [ '7.37.5' ],
209 silly audit   'eslint-plugin-react-hooks': [ '5.2.0' ],
209 silly audit   resolve: [ '2.0.0-next.5', '1.22.10' ],
209 silly audit   'eslint-scope': [ '7.2.2' ],
209 silly audit   espree: [ '9.6.1', '10.4.0' ],
209 silly audit   globals: [ '13.24.0', '14.0.0' ],
209 silly audit   esquery: [ '1.6.0' ],
209 silly audit   esrecurse: [ '4.3.0' ],
209 silly audit   estraverse: [ '5.3.0' ],
209 silly audit   esutils: [ '2.0.3' ],
209 silly audit   'fast-deep-equal': [ '3.1.3' ],
209 silly audit   'fast-json-stable-stringify': [ '2.1.0' ],
209 silly audit   'fast-levenshtein': [ '2.0.6' ],
209 silly audit   fastq: [ '1.19.1' ],
209 silly audit   'file-entry-cache': [ '6.0.1' ],
209 silly audit   'filename-reserved-regex': [ '2.0.0' ],
209 silly audit   filenamify: [ '4.3.0' ],
209 silly audit   'fill-range': [ '7.1.1' ],
209 silly audit   'find-cache-dir': [ '3.3.2' ],
209 silly audit   'find-up': [ '5.0.0', '4.1.0' ],
209 silly audit   'flat-cache': [ '3.2.0' ],
209 silly audit   flatted: [ '3.3.3' ],
209 silly audit   'for-each': [ '0.3.5' ],
209 silly audit   'foreground-child': [ '3.3.1' ],
209 silly audit   'framer-motion': [ '11.18.2' ],
209 silly audit   'fs-extra': [ '11.3.1' ],
209 silly audit   'fs.realpath': [ '1.0.0' ],
209 silly audit   fsevents: [ '2.3.3' ],
209 silly audit   'function-bind': [ '1.1.2' ],
209 silly audit   'function.prototype.name': [ '1.1.8' ],
209 silly audit   'functions-have-names': [ '1.2.3' ],
209 silly audit   'get-intrinsic': [ '1.3.0' ],
209 silly audit   'get-proto': [ '1.0.1' ],
209 silly audit   'get-symbol-description': [ '1.1.0' ],
209 silly audit   'get-tsconfig': [ '4.10.1' ],
209 silly audit   'gh-pages': [ '6.3.0' ],
209 silly audit   glob: [ '7.2.3', '10.4.5' ],
209 silly audit   globalthis: [ '1.0.4' ],
209 silly audit   globby: [ '11.1.0' ],
209 silly audit   gopd: [ '1.2.0' ],
209 silly audit   'graceful-fs': [ '4.2.11' ],
209 silly audit   graphemer: [ '1.4.0' ],
209 silly audit   'has-bigints': [ '1.1.0' ],
209 silly audit   'has-flag': [ '4.0.0' ],
209 silly audit   'has-property-descriptors': [ '1.0.2' ],
209 silly audit   'has-proto': [ '1.2.0' ],
209 silly audit   'has-symbols': [ '1.1.0' ],
209 silly audit   'has-tostringtag': [ '1.0.2' ],
209 silly audit   hasown: [ '2.0.2' ],
209 silly audit   'import-fresh': [ '3.3.1' ],
209 silly audit   imurmurhash: [ '0.1.4' ],
209 silly audit   inflight: [ '1.0.6' ],
209 silly audit   inherits: [ '2.0.4' ],
209 silly audit   'internal-slot': [ '1.1.0' ],
209 silly audit   'is-array-buffer': [ '3.0.5' ],
209 silly audit   'is-arrayish': [ '0.3.2' ],
209 silly audit   'is-async-function': [ '2.1.1' ],
209 silly audit   'is-bigint': [ '1.1.0' ],
209 silly audit   'is-binary-path': [ '2.1.0' ],
209 silly audit   'is-boolean-object': [ '1.2.2' ],
209 silly audit   'is-bun-module': [ '2.0.0' ],
209 silly audit   'is-callable': [ '1.2.7' ],
209 silly audit   'is-core-module': [ '2.16.1' ],
209 silly audit   'is-data-view': [ '1.0.2' ],
209 silly audit   'is-date-object': [ '1.1.0' ],
209 silly audit   'is-extglob': [ '2.1.1' ],
209 silly audit   'is-finalizationregistry': [ '1.1.1' ],
209 silly audit   'is-fullwidth-code-point': [ '3.0.0' ],
209 silly audit   'is-generator-function': [ '1.1.0' ],
209 silly audit   'is-glob': [ '4.0.3' ],
209 silly audit   'is-map': [ '2.0.3' ],
209 silly audit   'is-negative-zero': [ '2.0.3' ],
209 silly audit   'is-number': [ '7.0.0' ],
209 silly audit   'is-number-object': [ '1.1.1' ],
209 silly audit   'is-path-inside': [ '3.0.3' ],
209 silly audit   'is-regex': [ '1.2.1' ],
209 silly audit   'is-set': [ '2.0.3' ],
209 silly audit   'is-shared-array-buffer': [ '1.0.4' ],
209 silly audit   'is-string': [ '1.1.1' ],
209 silly audit   'is-symbol': [ '1.1.1' ],
209 silly audit   'is-typed-array': [ '1.1.15' ],
209 silly audit   'is-weakmap': [ '2.0.2' ],
209 silly audit   'is-weakref': [ '1.1.1' ],
209 silly audit   'is-weakset': [ '2.0.4' ],
209 silly audit   isarray: [ '2.0.5' ],
209 silly audit   isexe: [ '2.0.0' ],
209 silly audit   'iterator.prototype': [ '1.1.5' ],
209 silly audit   jackspeak: [ '3.4.3' ],
209 silly audit   'js-tokens': [ '4.0.0' ],
209 silly audit   'js-yaml': [ '4.1.0' ],
209 silly audit   'json-buffer': [ '3.0.1' ],
209 silly audit   'json-schema-traverse': [ '0.4.1' ],
209 silly audit   'json-stable-stringify-without-jsonify': [ '1.0.1' ],
209 silly audit   json5: [ '1.0.2' ],
209 silly audit   jsonfile: [ '6.2.0' ],
209 silly audit   'jsx-ast-utils': [ '3.3.5' ],
209 silly audit   keyv: [ '4.5.4' ],
209 silly audit   'language-subtag-registry': [ '0.3.23' ],
209 silly audit   'language-tags': [ '1.0.9' ],
209 silly audit   levn: [ '0.4.1' ],
209 silly audit   lilconfig: [ '3.1.3' ],
209 silly audit   'lines-and-columns': [ '1.2.4' ],
209 silly audit   'locate-path': [ '6.0.0', '5.0.0' ],
209 silly audit   'lodash.merge': [ '4.6.2' ],
209 silly audit   'loose-envify': [ '1.4.0' ],
209 silly audit   'lru-cache': [ '10.4.3' ],
209 silly audit   'lucide-react': [ '0.468.0' ],
209 silly audit   'make-dir': [ '3.1.0' ],
209 silly audit   'math-intrinsics': [ '1.1.0' ],
209 silly audit   merge2: [ '1.4.1' ],
209 silly audit   micromatch: [ '4.0.8' ],
209 silly audit   minimist: [ '1.2.8' ],
209 silly audit   minipass: [ '7.1.2' ],
209 silly audit   'motion-dom': [ '11.18.1' ],
209 silly audit   'motion-utils': [ '11.18.1' ],
209 silly audit   ms: [ '2.1.3' ],
209 silly audit   mz: [ '2.7.0' ],
209 silly audit   nanoid: [ '3.3.11' ],
209 silly audit   'napi-postinstall': [ '0.3.3' ],
209 silly audit   'natural-compare': [ '1.4.0' ],
209 silly audit   next: [ '15.5.3' ],
209 silly audit   postcss: [ '8.4.31', '8.5.6' ],
209 silly audit   'normalize-path': [ '3.0.0' ],
209 silly audit   'object-assign': [ '4.1.1' ],
209 silly audit   'object-hash': [ '3.0.0' ],
209 silly audit   'object-inspect': [ '1.13.4' ],
209 silly audit   'object-keys': [ '1.1.1' ],
209 silly audit   'object.assign': [ '4.1.7' ],
209 silly audit   'object.entries': [ '1.1.9' ],
209 silly audit   'object.fromentries': [ '2.0.8' ],
209 silly audit   'object.groupby': [ '1.0.3' ],
209 silly audit   'object.values': [ '1.2.1' ],
209 silly audit   once: [ '1.4.0' ],
209 silly audit   optionator: [ '0.9.4' ],
209 silly audit   'own-keys': [ '1.0.1' ],
209 silly audit   'p-limit': [ '3.1.0', '2.3.0' ],
209 silly audit   'p-locate': [ '5.0.0', '4.1.0' ],
209 silly audit   'p-try': [ '2.2.0' ],
209 silly audit   'package-json-from-dist': [ '1.0.1' ],
209 silly audit   'parent-module': [ '1.0.1' ],
209 silly audit   'path-exists': [ '4.0.0' ],
209 silly audit   'path-is-absolute': [ '1.0.1' ],
209 silly audit   'path-key': [ '3.1.1' ],
209 silly audit   'path-parse': [ '1.0.7' ],
209 silly audit   'path-scurry': [ '1.11.1' ],
209 silly audit   'path-type': [ '4.0.0' ],
209 silly audit   picocolors: [ '1.1.1' ],
209 silly audit   picomatch: [ '2.3.1', '4.0.3' ],
209 silly audit   pify: [ '2.3.0' ],
209 silly audit   pirates: [ '4.0.7' ],
209 silly audit   'pkg-dir': [ '4.2.0' ],
209 silly audit   'possible-typed-array-names': [ '1.1.0' ],
209 silly audit   'postcss-import': [ '15.1.0' ],
209 silly audit   'postcss-js': [ '4.0.1' ],
209 silly audit   'postcss-load-config': [ '4.0.2' ],
209 silly audit   'postcss-nested': [ '6.2.0' ],
209 silly audit   'postcss-selector-parser': [ '6.1.2' ],
209 silly audit   'postcss-value-parser': [ '4.2.0' ],
209 silly audit   'prelude-ls': [ '1.2.1' ],
209 silly audit   'prop-types': [ '15.8.1' ],
209 silly audit   punycode: [ '2.3.1' ],
209 silly audit   'queue-microtask': [ '1.2.3' ],
209 silly audit   react: [ '19.0.0' ],
209 silly audit   'react-countup': [ '6.5.3' ],
209 silly audit   'react-dom': [ '19.0.0' ],
209 silly audit   'react-hook-form': [ '7.62.0' ],
209 silly audit   'react-is': [ '16.13.1' ],
209 silly audit   'read-cache': [ '1.0.0' ],
209 silly audit   readdirp: [ '3.6.0' ],
209 silly audit   'reflect.getprototypeof': [ '1.0.10' ],
209 silly audit   'regexp.prototype.flags': [ '1.5.4' ],
209 silly audit   'resolve-from': [ '4.0.0' ],
209 silly audit   'resolve-pkg-maps': [ '1.0.0' ],
209 silly audit   reusify: [ '1.1.0' ],
209 silly audit   rimraf: [ '3.0.2' ],
209 silly audit   'run-parallel': [ '1.2.0' ],
209 silly audit   'safe-array-concat': [ '1.1.3' ],
209 silly audit   'safe-push-apply': [ '1.0.0' ],
209 silly audit   'safe-regex-test': [ '1.1.0' ],
209 silly audit   scheduler: [ '0.25.0' ],
209 silly audit   'set-function-length': [ '1.2.2' ],
209 silly audit   'set-function-name': [ '2.0.2' ],
209 silly audit   'set-proto': [ '1.0.0' ],
209 silly audit   sharp: [ '0.34.3' ],
209 silly audit   'shebang-command': [ '2.0.0' ],
209 silly audit   'shebang-regex': [ '3.0.0' ],
209 silly audit   'side-channel': [ '1.1.0' ],
209 silly audit   'side-channel-list': [ '1.0.0' ],
209 silly audit   'side-channel-map': [ '1.0.1' ],
209 silly audit   'side-channel-weakmap': [ '1.0.2' ],
209 silly audit   'signal-exit': [ '4.1.0' ],
209 silly audit   'simple-swizzle': [ '0.2.2' ],
209 silly audit   slash: [ '3.0.0' ],
209 silly audit   'source-map-js': [ '1.2.1' ],
209 silly audit   'stable-hash': [ '0.0.5' ],
209 silly audit   'stop-iteration-iterator': [ '1.1.0' ],
209 silly audit   'string-width': [ '5.1.2', '4.2.3' ],
209 silly audit   'string.prototype.includes': [ '2.0.1' ],
209 silly audit   'string.prototype.matchall': [ '4.0.12' ],
209 silly audit   'string.prototype.repeat': [ '1.0.0' ],
209 silly audit   'string.prototype.trim': [ '1.2.10' ],
209 silly audit   'string.prototype.trimend': [ '1.0.9' ],
209 silly audit   'string.prototype.trimstart': [ '1.0.8' ],
209 silly audit   'strip-bom': [ '3.0.0' ],
209 silly audit   'strip-json-comments': [ '3.1.1' ],
209 silly audit   'strip-outer': [ '1.0.1' ],
209 silly audit   'styled-jsx': [ '5.1.6' ],
209 silly audit   sucrase: [ '3.35.0' ],
209 silly audit   'supports-color': [ '7.2.0' ],
209 silly audit   'supports-preserve-symlinks-flag': [ '1.0.0' ],
209 silly audit   tailwindcss: [ '3.4.17', '4.1.13' ],
209 silly audit   jiti: [ '1.21.7', '2.5.1' ],
209 silly audit   'text-table': [ '0.2.0' ],
209 silly audit   thenify: [ '3.3.1' ],
209 silly audit   'thenify-all': [ '1.6.0' ],
209 silly audit   tinyglobby: [ '0.2.15' ],
209 silly audit   fdir: [ '6.5.0' ],
209 silly audit   'to-regex-range': [ '5.0.1' ],
209 silly audit   'trim-repeated': [ '1.0.0' ],
209 silly audit   'ts-api-utils': [ '2.1.0' ],
209 silly audit   'ts-interface-checker': [ '0.1.13' ],
209 silly audit   'tsconfig-paths': [ '3.15.0' ],
209 silly audit   tslib: [ '2.8.1' ],
209 silly audit   'type-check': [ '0.4.0' ],
209 silly audit   'type-fest': [ '0.20.2' ],
209 silly audit   'typed-array-buffer': [ '1.0.3' ],
209 silly audit   'typed-array-byte-length': [ '1.0.3' ],
209 silly audit   'typed-array-byte-offset': [ '1.0.4' ],
209 silly audit   'typed-array-length': [ '1.0.7' ],
209 silly audit   typescript: [ '5.9.2' ],
209 silly audit   'unbox-primitive': [ '1.1.0' ],
209 silly audit   'undici-types': [ '6.21.0' ],
209 silly audit   universalify: [ '2.0.1' ],
209 silly audit   'unrs-resolver': [ '1.11.1' ],
209 silly audit   'uri-js': [ '4.4.1' ],
209 silly audit   'util-deprecate': [ '1.0.2' ],
209 silly audit   which: [ '2.0.2' ],
209 silly audit   'which-boxed-primitive': [ '1.1.1' ],
209 silly audit   'which-builtin-type': [ '1.2.1' ],
209 silly audit   'which-collection': [ '1.0.2' ],
209 silly audit   'which-typed-array': [ '1.1.19' ],
209 silly audit   'word-wrap': [ '1.2.5' ],
209 silly audit   'wrap-ansi': [ '8.1.0', '7.0.0' ],
209 silly audit   wrappy: [ '1.0.2' ],
209 silly audit   yaml: [ '2.8.1' ],
209 silly audit   'yocto-queue': [ '0.1.0' ],
209 silly audit   zod: [ '3.25.76' ],
209 silly audit   '@tailwindcss/postcss': [ '4.1.13' ],
209 silly audit   '@tailwindcss/node': [ '4.1.13' ],
209 silly audit   '@tailwindcss/oxide': [ '4.1.13' ],
209 silly audit   '@jridgewell/remapping': [ '2.3.5' ],
209 silly audit   'enhanced-resolve': [ '5.18.3' ],
209 silly audit   lightningcss: [ '1.30.1' ],
209 silly audit   'magic-string': [ '0.30.19' ],
209 silly audit   '@tailwindcss/oxide-android-arm64': [ '4.1.13' ],
209 silly audit   '@tailwindcss/oxide-darwin-arm64': [ '4.1.13' ],
209 silly audit   '@tailwindcss/oxide-darwin-x64': [ '4.1.13' ],
209 silly audit   '@tailwindcss/oxide-freebsd-x64': [ '4.1.13' ],
209 silly audit   '@tailwindcss/oxide-linux-arm-gnueabihf': [ '4.1.13' ],
209 silly audit   '@tailwindcss/oxide-linux-arm64-gnu': [ '4.1.13' ],
209 silly audit   '@tailwindcss/oxide-linux-arm64-musl': [ '4.1.13' ],
209 silly audit   '@tailwindcss/oxide-linux-x64-gnu': [ '4.1.13' ],
209 silly audit   '@tailwindcss/oxide-linux-x64-musl': [ '4.1.13' ],
209 silly audit   '@tailwindcss/oxide-win32-arm64-msvc': [ '4.1.13' ],
209 silly audit   '@tailwindcss/oxide-win32-x64-msvc': [ '4.1.13' ],
209 silly audit   tar: [ '7.4.3' ],
209 silly audit   tapable: [ '2.2.3' ],
209 silly audit   'lightningcss-darwin-arm64': [ '1.30.1' ],
209 silly audit   'lightningcss-darwin-x64': [ '1.30.1' ],
209 silly audit   'lightningcss-freebsd-x64': [ '1.30.1' ],
209 silly audit   'lightningcss-linux-arm-gnueabihf': [ '1.30.1' ],
209 silly audit   'lightningcss-linux-arm64-gnu': [ '1.30.1' ],
209 silly audit   'lightningcss-linux-arm64-musl': [ '1.30.1' ],
209 silly audit   'lightningcss-linux-x64-gnu': [ '1.30.1' ],
209 silly audit   'lightningcss-linux-x64-musl': [ '1.30.1' ],
209 silly audit   'lightningcss-win32-arm64-msvc': [ '1.30.1' ],
209 silly audit   'lightningcss-win32-x64-msvc': [ '1.30.1' ],
209 silly audit   '@isaacs/fs-minipass': [ '4.0.1' ],
209 silly audit   chownr: [ '3.0.0' ],
209 silly audit   minizlib: [ '3.0.2' ],
209 silly audit   mkdirp: [ '3.0.1' ],
209 silly audit   yallist: [ '5.0.0' ],
209 silly audit   '@tailwindcss/oxide-wasm32-wasi': [ '4.1.13' ]
209 silly audit }
210 verbose reify failed optional dependency /Users/abel/Desktop/Codename Stealth Project/Website Code/debtoptimizer/node_modules/lightningcss-win32-x64-msvc
211 silly reify mark deleted [
211 silly reify   '/Users/abel/Desktop/Codename Stealth Project/Website Code/debtoptimizer/node_modules/lightningcss-win32-x64-msvc'
211 silly reify ]
212 verbose reify failed optional dependency /Users/abel/Desktop/Codename Stealth Project/Website Code/debtoptimizer/node_modules/lightningcss-win32-arm64-msvc
213 silly reify mark deleted [
213 silly reify   '/Users/abel/Desktop/Codename Stealth Project/Website Code/debtoptimizer/node_modules/lightningcss-win32-arm64-msvc'
213 silly reify ]
214 verbose reify failed optional dependency /Users/abel/Desktop/Codename Stealth Project/Website Code/debtoptimizer/node_modules/lightningcss-linux-x64-musl
215 silly reify mark deleted [
215 silly reify   '/Users/abel/Desktop/Codename Stealth Project/Website Code/debtoptimizer/node_modules/lightningcss-linux-x64-musl'
215 silly reify ]
216 verbose reify failed optional dependency /Users/abel/Desktop/Codename Stealth Project/Website Code/debtoptimizer/node_modules/lightningcss-linux-x64-gnu
217 silly reify mark deleted [
217 silly reify   '/Users/abel/Desktop/Codename Stealth Project/Website Code/debtoptimizer/node_modules/lightningcss-linux-x64-gnu'
217 silly reify ]
218 verbose reify failed optional dependency /Users/abel/Desktop/Codename Stealth Project/Website Code/debtoptimizer/node_modules/lightningcss-linux-arm64-musl
219 silly reify mark deleted [
219 silly reify   '/Users/abel/Desktop/Codename Stealth Project/Website Code/debtoptimizer/node_modules/lightningcss-linux-arm64-musl'
219 silly reify ]
220 verbose reify failed optional dependency /Users/abel/Desktop/Codename Stealth Project/Website Code/debtoptimizer/node_modules/lightningcss-linux-arm64-gnu
221 silly reify mark deleted [
221 silly reify   '/Users/abel/Desktop/Codename Stealth Project/Website Code/debtoptimizer/node_modules/lightningcss-linux-arm64-gnu'
221 silly reify ]
222 verbose reify failed optional dependency /Users/abel/Desktop/Codename Stealth Project/Website Code/debtoptimizer/node_modules/lightningcss-linux-arm-gnueabihf
223 silly reify mark deleted [
223 silly reify   '/Users/abel/Desktop/Codename Stealth Project/Website Code/debtoptimizer/node_modules/lightningcss-linux-arm-gnueabihf'
223 silly reify ]
224 verbose reify failed optional dependency /Users/abel/Desktop/Codename Stealth Project/Website Code/debtoptimizer/node_modules/lightningcss-freebsd-x64
225 silly reify mark deleted [
225 silly reify   '/Users/abel/Desktop/Codename Stealth Project/Website Code/debtoptimizer/node_modules/lightningcss-freebsd-x64'
225 silly reify ]
226 verbose reify failed optional dependency /Users/abel/Desktop/Codename Stealth Project/Website Code/debtoptimizer/node_modules/lightningcss-darwin-x64
227 silly reify mark deleted [
227 silly reify   '/Users/abel/Desktop/Codename Stealth Project/Website Code/debtoptimizer/node_modules/lightningcss-darwin-x64'
227 silly reify ]
228 verbose reify failed optional dependency /Users/abel/Desktop/Codename Stealth Project/Website Code/debtoptimizer/node_modules/@tailwindcss/oxide-win32-x64-msvc
229 silly reify mark deleted [
229 silly reify   '/Users/abel/Desktop/Codename Stealth Project/Website Code/debtoptimizer/node_modules/@tailwindcss/oxide-win32-x64-msvc'
229 silly reify ]
230 verbose reify failed optional dependency /Users/abel/Desktop/Codename Stealth Project/Website Code/debtoptimizer/node_modules/@tailwindcss/oxide-win32-arm64-msvc
231 silly reify mark deleted [
231 silly reify   '/Users/abel/Desktop/Codename Stealth Project/Website Code/debtoptimizer/node_modules/@tailwindcss/oxide-win32-arm64-msvc'
231 silly reify ]
232 verbose reify failed optional dependency /Users/abel/Desktop/Codename Stealth Project/Website Code/debtoptimizer/node_modules/@tailwindcss/oxide-linux-x64-musl
233 silly reify mark deleted [
233 silly reify   '/Users/abel/Desktop/Codename Stealth Project/Website Code/debtoptimizer/node_modules/@tailwindcss/oxide-linux-x64-musl'
233 silly reify ]
234 verbose reify failed optional dependency /Users/abel/Desktop/Codename Stealth Project/Website Code/debtoptimizer/node_modules/@tailwindcss/oxide-linux-x64-gnu
235 silly reify mark deleted [
235 silly reify   '/Users/abel/Desktop/Codename Stealth Project/Website Code/debtoptimizer/node_modules/@tailwindcss/oxide-linux-x64-gnu'
235 silly reify ]
236 verbose reify failed optional dependency /Users/abel/Desktop/Codename Stealth Project/Website Code/debtoptimizer/node_modules/@tailwindcss/oxide-linux-arm64-musl
237 silly reify mark deleted [
237 silly reify   '/Users/abel/Desktop/Codename Stealth Project/Website Code/debtoptimizer/node_modules/@tailwindcss/oxide-linux-arm64-musl'
237 silly reify ]
238 verbose reify failed optional dependency /Users/abel/Desktop/Codename Stealth Project/Website Code/debtoptimizer/node_modules/@tailwindcss/oxide-linux-arm64-gnu
239 silly reify mark deleted [
239 silly reify   '/Users/abel/Desktop/Codename Stealth Project/Website Code/debtoptimizer/node_modules/@tailwindcss/oxide-linux-arm64-gnu'
239 silly reify ]
240 verbose reify failed optional dependency /Users/abel/Desktop/Codename Stealth Project/Website Code/debtoptimizer/node_modules/@tailwindcss/oxide-linux-arm-gnueabihf
241 silly reify mark deleted [
241 silly reify   '/Users/abel/Desktop/Codename Stealth Project/Website Code/debtoptimizer/node_modules/@tailwindcss/oxide-linux-arm-gnueabihf'
241 silly reify ]
242 verbose reify failed optional dependency /Users/abel/Desktop/Codename Stealth Project/Website Code/debtoptimizer/node_modules/@tailwindcss/oxide-freebsd-x64
243 silly reify mark deleted [
243 silly reify   '/Users/abel/Desktop/Codename Stealth Project/Website Code/debtoptimizer/node_modules/@tailwindcss/oxide-freebsd-x64'
243 silly reify ]
244 verbose reify failed optional dependency /Users/abel/Desktop/Codename Stealth Project/Website Code/debtoptimizer/node_modules/@tailwindcss/oxide-darwin-x64
245 silly reify mark deleted [
245 silly reify   '/Users/abel/Desktop/Codename Stealth Project/Website Code/debtoptimizer/node_modules/@tailwindcss/oxide-darwin-x64'
245 silly reify ]
246 verbose reify failed optional dependency /Users/abel/Desktop/Codename Stealth Project/Website Code/debtoptimizer/node_modules/@tailwindcss/oxide-android-arm64
247 silly reify mark deleted [
247 silly reify   '/Users/abel/Desktop/Codename Stealth Project/Website Code/debtoptimizer/node_modules/@tailwindcss/oxide-android-arm64'
247 silly reify ]
248 verbose reify failed optional dependency /Users/abel/Desktop/Codename Stealth Project/Website Code/debtoptimizer/node_modules/@unrs/resolver-binding-win32-x64-msvc
249 silly reify mark deleted [
249 silly reify   '/Users/abel/Desktop/Codename Stealth Project/Website Code/debtoptimizer/node_modules/@unrs/resolver-binding-win32-x64-msvc'
249 silly reify ]
250 verbose reify failed optional dependency /Users/abel/Desktop/Codename Stealth Project/Website Code/debtoptimizer/node_modules/@unrs/resolver-binding-win32-ia32-msvc
251 silly reify mark deleted [
251 silly reify   '/Users/abel/Desktop/Codename Stealth Project/Website Code/debtoptimizer/node_modules/@unrs/resolver-binding-win32-ia32-msvc'
251 silly reify ]
252 verbose reify failed optional dependency /Users/abel/Desktop/Codename Stealth Project/Website Code/debtoptimizer/node_modules/@unrs/resolver-binding-win32-arm64-msvc
253 silly reify mark deleted [
253 silly reify   '/Users/abel/Desktop/Codename Stealth Project/Website Code/debtoptimizer/node_modules/@unrs/resolver-binding-win32-arm64-msvc'
253 silly reify ]
254 verbose reify failed optional dependency /Users/abel/Desktop/Codename Stealth Project/Website Code/debtoptimizer/node_modules/@unrs/resolver-binding-wasm32-wasi
255 silly reify mark deleted [
255 silly reify   '/Users/abel/Desktop/Codename Stealth Project/Website Code/debtoptimizer/node_modules/@unrs/resolver-binding-wasm32-wasi'
255 silly reify ]
256 verbose reify failed optional dependency /Users/abel/Desktop/Codename Stealth Project/Website Code/debtoptimizer/node_modules/@unrs/resolver-binding-linux-x64-musl
257 silly reify mark deleted [
257 silly reify   '/Users/abel/Desktop/Codename Stealth Project/Website Code/debtoptimizer/node_modules/@unrs/resolver-binding-linux-x64-musl'
257 silly reify ]
258 verbose reify failed optional dependency /Users/abel/Desktop/Codename Stealth Project/Website Code/debtoptimizer/node_modules/@unrs/resolver-binding-linux-x64-gnu
259 silly reify mark deleted [
259 silly reify   '/Users/abel/Desktop/Codename Stealth Project/Website Code/debtoptimizer/node_modules/@unrs/resolver-binding-linux-x64-gnu'
259 silly reify ]
260 verbose reify failed optional dependency /Users/abel/Desktop/Codename Stealth Project/Website Code/debtoptimizer/node_modules/@unrs/resolver-binding-linux-s390x-gnu
261 silly reify mark deleted [
261 silly reify   '/Users/abel/Desktop/Codename Stealth Project/Website Code/debtoptimizer/node_modules/@unrs/resolver-binding-linux-s390x-gnu'
261 silly reify ]
262 verbose reify failed optional dependency /Users/abel/Desktop/Codename Stealth Project/Website Code/debtoptimizer/node_modules/@unrs/resolver-binding-linux-riscv64-musl
263 silly reify mark deleted [
263 silly reify   '/Users/abel/Desktop/Codename Stealth Project/Website Code/debtoptimizer/node_modules/@unrs/resolver-binding-linux-riscv64-musl'
263 silly reify ]
264 verbose reify failed optional dependency /Users/abel/Desktop/Codename Stealth Project/Website Code/debtoptimizer/node_modules/@unrs/resolver-binding-linux-riscv64-gnu
265 silly reify mark deleted [
265 silly reify   '/Users/abel/Desktop/Codename Stealth Project/Website Code/debtoptimizer/node_modules/@unrs/resolver-binding-linux-riscv64-gnu'
265 silly reify ]
266 verbose reify failed optional dependency /Users/abel/Desktop/Codename Stealth Project/Website Code/debtoptimizer/node_modules/@unrs/resolver-binding-linux-ppc64-gnu
267 silly reify mark deleted [
267 silly reify   '/Users/abel/Desktop/Codename Stealth Project/Website Code/debtoptimizer/node_modules/@unrs/resolver-binding-linux-ppc64-gnu'
267 silly reify ]
268 verbose reify failed optional dependency /Users/abel/Desktop/Codename Stealth Project/Website Code/debtoptimizer/node_modules/@unrs/resolver-binding-linux-arm64-musl
269 silly reify mark deleted [
269 silly reify   '/Users/abel/Desktop/Codename Stealth Project/Website Code/debtoptimizer/node_modules/@unrs/resolver-binding-linux-arm64-musl'
269 silly reify ]
270 verbose reify failed optional dependency /Users/abel/Desktop/Codename Stealth Project/Website Code/debtoptimizer/node_modules/@unrs/resolver-binding-linux-arm64-gnu
271 silly reify mark deleted [
271 silly reify   '/Users/abel/Desktop/Codename Stealth Project/Website Code/debtoptimizer/node_modules/@unrs/resolver-binding-linux-arm64-gnu'
271 silly reify ]
272 verbose reify failed optional dependency /Users/abel/Desktop/Codename Stealth Project/Website Code/debtoptimizer/node_modules/@unrs/resolver-binding-linux-arm-musleabihf
273 silly reify mark deleted [
273 silly reify   '/Users/abel/Desktop/Codename Stealth Project/Website Code/debtoptimizer/node_modules/@unrs/resolver-binding-linux-arm-musleabihf'
273 silly reify ]
274 verbose reify failed optional dependency /Users/abel/Desktop/Codename Stealth Project/Website Code/debtoptimizer/node_modules/@unrs/resolver-binding-linux-arm-gnueabihf
275 silly reify mark deleted [
275 silly reify   '/Users/abel/Desktop/Codename Stealth Project/Website Code/debtoptimizer/node_modules/@unrs/resolver-binding-linux-arm-gnueabihf'
275 silly reify ]
276 verbose reify failed optional dependency /Users/abel/Desktop/Codename Stealth Project/Website Code/debtoptimizer/node_modules/@unrs/resolver-binding-freebsd-x64
277 silly reify mark deleted [
277 silly reify   '/Users/abel/Desktop/Codename Stealth Project/Website Code/debtoptimizer/node_modules/@unrs/resolver-binding-freebsd-x64'
277 silly reify ]
278 verbose reify failed optional dependency /Users/abel/Desktop/Codename Stealth Project/Website Code/debtoptimizer/node_modules/@unrs/resolver-binding-darwin-x64
279 silly reify mark deleted [
279 silly reify   '/Users/abel/Desktop/Codename Stealth Project/Website Code/debtoptimizer/node_modules/@unrs/resolver-binding-darwin-x64'
279 silly reify ]
280 verbose reify failed optional dependency /Users/abel/Desktop/Codename Stealth Project/Website Code/debtoptimizer/node_modules/@unrs/resolver-binding-android-arm64
281 silly reify mark deleted [
281 silly reify   '/Users/abel/Desktop/Codename Stealth Project/Website Code/debtoptimizer/node_modules/@unrs/resolver-binding-android-arm64'
281 silly reify ]
282 verbose reify failed optional dependency /Users/abel/Desktop/Codename Stealth Project/Website Code/debtoptimizer/node_modules/@unrs/resolver-binding-android-arm-eabi
283 silly reify mark deleted [
283 silly reify   '/Users/abel/Desktop/Codename Stealth Project/Website Code/debtoptimizer/node_modules/@unrs/resolver-binding-android-arm-eabi'
283 silly reify ]
284 verbose reify failed optional dependency /Users/abel/Desktop/Codename Stealth Project/Website Code/debtoptimizer/node_modules/@next/swc-win32-x64-msvc
285 silly reify mark deleted [
285 silly reify   '/Users/abel/Desktop/Codename Stealth Project/Website Code/debtoptimizer/node_modules/@next/swc-win32-x64-msvc'
285 silly reify ]
286 verbose reify failed optional dependency /Users/abel/Desktop/Codename Stealth Project/Website Code/debtoptimizer/node_modules/@next/swc-win32-arm64-msvc
287 silly reify mark deleted [
287 silly reify   '/Users/abel/Desktop/Codename Stealth Project/Website Code/debtoptimizer/node_modules/@next/swc-win32-arm64-msvc'
287 silly reify ]
288 verbose reify failed optional dependency /Users/abel/Desktop/Codename Stealth Project/Website Code/debtoptimizer/node_modules/@next/swc-linux-x64-musl
289 silly reify mark deleted [
289 silly reify   '/Users/abel/Desktop/Codename Stealth Project/Website Code/debtoptimizer/node_modules/@next/swc-linux-x64-musl'
289 silly reify ]
290 verbose reify failed optional dependency /Users/abel/Desktop/Codename Stealth Project/Website Code/debtoptimizer/node_modules/@next/swc-linux-x64-gnu
291 silly reify mark deleted [
291 silly reify   '/Users/abel/Desktop/Codename Stealth Project/Website Code/debtoptimizer/node_modules/@next/swc-linux-x64-gnu'
291 silly reify ]
292 verbose reify failed optional dependency /Users/abel/Desktop/Codename Stealth Project/Website Code/debtoptimizer/node_modules/@next/swc-linux-arm64-musl
293 silly reify mark deleted [
293 silly reify   '/Users/abel/Desktop/Codename Stealth Project/Website Code/debtoptimizer/node_modules/@next/swc-linux-arm64-musl'
293 silly reify ]
294 verbose reify failed optional dependency /Users/abel/Desktop/Codename Stealth Project/Website Code/debtoptimizer/node_modules/@next/swc-linux-arm64-gnu
295 silly reify mark deleted [
295 silly reify   '/Users/abel/Desktop/Codename Stealth Project/Website Code/debtoptimizer/node_modules/@next/swc-linux-arm64-gnu'
295 silly reify ]
296 verbose reify failed optional dependency /Users/abel/Desktop/Codename Stealth Project/Website Code/debtoptimizer/node_modules/@next/swc-darwin-x64
297 silly reify mark deleted [
297 silly reify   '/Users/abel/Desktop/Codename Stealth Project/Website Code/debtoptimizer/node_modules/@next/swc-darwin-x64'
297 silly reify ]
298 verbose reify failed optional dependency /Users/abel/Desktop/Codename Stealth Project/Website Code/debtoptimizer/node_modules/@img/sharp-win32-x64
299 silly reify mark deleted [
299 silly reify   '/Users/abel/Desktop/Codename Stealth Project/Website Code/debtoptimizer/node_modules/@img/sharp-win32-x64'
299 silly reify ]
300 verbose reify failed optional dependency /Users/abel/Desktop/Codename Stealth Project/Website Code/debtoptimizer/node_modules/@img/sharp-win32-ia32
301 silly reify mark deleted [
301 silly reify   '/Users/abel/Desktop/Codename Stealth Project/Website Code/debtoptimizer/node_modules/@img/sharp-win32-ia32'
301 silly reify ]
302 verbose reify failed optional dependency /Users/abel/Desktop/Codename Stealth Project/Website Code/debtoptimizer/node_modules/@img/sharp-win32-arm64
303 silly reify mark deleted [
303 silly reify   '/Users/abel/Desktop/Codename Stealth Project/Website Code/debtoptimizer/node_modules/@img/sharp-win32-arm64'
303 silly reify ]
304 verbose reify failed optional dependency /Users/abel/Desktop/Codename Stealth Project/Website Code/debtoptimizer/node_modules/@img/sharp-wasm32
305 silly reify mark deleted [
305 silly reify   '/Users/abel/Desktop/Codename Stealth Project/Website Code/debtoptimizer/node_modules/@img/sharp-wasm32'
305 silly reify ]
306 verbose reify failed optional dependency /Users/abel/Desktop/Codename Stealth Project/Website Code/debtoptimizer/node_modules/@img/sharp-linuxmusl-x64
307 silly reify mark deleted [
307 silly reify   '/Users/abel/Desktop/Codename Stealth Project/Website Code/debtoptimizer/node_modules/@img/sharp-linuxmusl-x64'
307 silly reify ]
308 verbose reify failed optional dependency /Users/abel/Desktop/Codename Stealth Project/Website Code/debtoptimizer/node_modules/@img/sharp-linuxmusl-arm64
309 silly reify mark deleted [
309 silly reify   '/Users/abel/Desktop/Codename Stealth Project/Website Code/debtoptimizer/node_modules/@img/sharp-linuxmusl-arm64'
309 silly reify ]
310 verbose reify failed optional dependency /Users/abel/Desktop/Codename Stealth Project/Website Code/debtoptimizer/node_modules/@img/sharp-linux-x64
311 silly reify mark deleted [
311 silly reify   '/Users/abel/Desktop/Codename Stealth Project/Website Code/debtoptimizer/node_modules/@img/sharp-linux-x64'
311 silly reify ]
312 verbose reify failed optional dependency /Users/abel/Desktop/Codename Stealth Project/Website Code/debtoptimizer/node_modules/@img/sharp-linux-s390x
313 silly reify mark deleted [
313 silly reify   '/Users/abel/Desktop/Codename Stealth Project/Website Code/debtoptimizer/node_modules/@img/sharp-linux-s390x'
313 silly reify ]
314 verbose reify failed optional dependency /Users/abel/Desktop/Codename Stealth Project/Website Code/debtoptimizer/node_modules/@img/sharp-linux-ppc64
315 silly reify mark deleted [
315 silly reify   '/Users/abel/Desktop/Codename Stealth Project/Website Code/debtoptimizer/node_modules/@img/sharp-linux-ppc64'
315 silly reify ]
316 verbose reify failed optional dependency /Users/abel/Desktop/Codename Stealth Project/Website Code/debtoptimizer/node_modules/@img/sharp-linux-arm64
317 silly reify mark deleted [
317 silly reify   '/Users/abel/Desktop/Codename Stealth Project/Website Code/debtoptimizer/node_modules/@img/sharp-linux-arm64'
317 silly reify ]
318 verbose reify failed optional dependency /Users/abel/Desktop/Codename Stealth Project/Website Code/debtoptimizer/node_modules/@img/sharp-linux-arm
319 silly reify mark deleted [
319 silly reify   '/Users/abel/Desktop/Codename Stealth Project/Website Code/debtoptimizer/node_modules/@img/sharp-linux-arm'
319 silly reify ]
320 verbose reify failed optional dependency /Users/abel/Desktop/Codename Stealth Project/Website Code/debtoptimizer/node_modules/@img/sharp-libvips-linuxmusl-x64
321 silly reify mark deleted [
321 silly reify   '/Users/abel/Desktop/Codename Stealth Project/Website Code/debtoptimizer/node_modules/@img/sharp-libvips-linuxmusl-x64'
321 silly reify ]
322 verbose reify failed optional dependency /Users/abel/Desktop/Codename Stealth Project/Website Code/debtoptimizer/node_modules/@img/sharp-libvips-linuxmusl-arm64
323 silly reify mark deleted [
323 silly reify   '/Users/abel/Desktop/Codename Stealth Project/Website Code/debtoptimizer/node_modules/@img/sharp-libvips-linuxmusl-arm64'
323 silly reify ]
324 verbose reify failed optional dependency /Users/abel/Desktop/Codename Stealth Project/Website Code/debtoptimizer/node_modules/@img/sharp-libvips-linux-x64
325 silly reify mark deleted [
325 silly reify   '/Users/abel/Desktop/Codename Stealth Project/Website Code/debtoptimizer/node_modules/@img/sharp-libvips-linux-x64'
325 silly reify ]
326 verbose reify failed optional dependency /Users/abel/Desktop/Codename Stealth Project/Website Code/debtoptimizer/node_modules/@img/sharp-libvips-linux-s390x
327 silly reify mark deleted [
327 silly reify   '/Users/abel/Desktop/Codename Stealth Project/Website Code/debtoptimizer/node_modules/@img/sharp-libvips-linux-s390x'
327 silly reify ]
328 verbose reify failed optional dependency /Users/abel/Desktop/Codename Stealth Project/Website Code/debtoptimizer/node_modules/@img/sharp-libvips-linux-ppc64
329 silly reify mark deleted [
329 silly reify   '/Users/abel/Desktop/Codename Stealth Project/Website Code/debtoptimizer/node_modules/@img/sharp-libvips-linux-ppc64'
329 silly reify ]
330 verbose reify failed optional dependency /Users/abel/Desktop/Codename Stealth Project/Website Code/debtoptimizer/node_modules/@img/sharp-libvips-linux-arm64
331 silly reify mark deleted [
331 silly reify   '/Users/abel/Desktop/Codename Stealth Project/Website Code/debtoptimizer/node_modules/@img/sharp-libvips-linux-arm64'
331 silly reify ]
332 verbose reify failed optional dependency /Users/abel/Desktop/Codename Stealth Project/Website Code/debtoptimizer/node_modules/@img/sharp-libvips-linux-arm
333 silly reify mark deleted [
333 silly reify   '/Users/abel/Desktop/Codename Stealth Project/Website Code/debtoptimizer/node_modules/@img/sharp-libvips-linux-arm'
333 silly reify ]
334 verbose reify failed optional dependency /Users/abel/Desktop/Codename Stealth Project/Website Code/debtoptimizer/node_modules/@img/sharp-libvips-darwin-x64
335 silly reify mark deleted [
335 silly reify   '/Users/abel/Desktop/Codename Stealth Project/Website Code/debtoptimizer/node_modules/@img/sharp-libvips-darwin-x64'
335 silly reify ]
336 verbose reify failed optional dependency /Users/abel/Desktop/Codename Stealth Project/Website Code/debtoptimizer/node_modules/@img/sharp-darwin-x64
337 silly reify mark deleted [
337 silly reify   '/Users/abel/Desktop/Codename Stealth Project/Website Code/debtoptimizer/node_modules/@img/sharp-darwin-x64'
337 silly reify ]
338 http cache yallist@https://registry.npmjs.org/yallist/-/yallist-5.0.0.tgz 0ms (cache hit)
339 http cache mkdirp@https://registry.npmjs.org/mkdirp/-/mkdirp-3.0.1.tgz 0ms (cache hit)
340 http cache chownr@https://registry.npmjs.org/chownr/-/chownr-3.0.0.tgz 0ms (cache hit)
341 http cache minizlib@https://registry.npmjs.org/minizlib/-/minizlib-3.0.2.tgz 0ms (cache hit)
342 http cache lightningcss-darwin-arm64@https://registry.npmjs.org/lightningcss-darwin-arm64/-/lightningcss-darwin-arm64-1.30.1.tgz 0ms (cache hit)
343 http cache @isaacs/fs-minipass@https://registry.npmjs.org/@isaacs/fs-minipass/-/fs-minipass-4.0.1.tgz 0ms (cache hit)
344 http cache tapable@https://registry.npmjs.org/tapable/-/tapable-2.2.3.tgz 0ms (cache hit)
345 http cache tar@https://registry.npmjs.org/tar/-/tar-7.4.3.tgz 0ms (cache hit)
346 http cache @tailwindcss/oxide-darwin-arm64@https://registry.npmjs.org/@tailwindcss/oxide-darwin-arm64/-/oxide-darwin-arm64-4.1.13.tgz 0ms (cache hit)
347 http cache magic-string@https://registry.npmjs.org/magic-string/-/magic-string-0.30.19.tgz 0ms (cache hit)
348 http cache jiti@https://registry.npmjs.org/jiti/-/jiti-2.5.1.tgz 0ms (cache hit)
349 http cache enhanced-resolve@https://registry.npmjs.org/enhanced-resolve/-/enhanced-resolve-5.18.3.tgz 0ms (cache hit)
350 http cache @tailwindcss/oxide@https://registry.npmjs.org/@tailwindcss/oxide/-/oxide-4.1.13.tgz 0ms (cache hit)
351 http cache @jridgewell/remapping@https://registry.npmjs.org/@jridgewell/remapping/-/remapping-2.3.5.tgz 0ms (cache hit)
352 http cache lightningcss@https://registry.npmjs.org/lightningcss/-/lightningcss-1.30.1.tgz 0ms (cache hit)
353 http cache @tailwindcss/node@https://registry.npmjs.org/@tailwindcss/node/-/node-4.1.13.tgz 0ms (cache hit)
354 http cache fsevents@https://registry.npmjs.org/fsevents/-/fsevents-2.3.3.tgz 0ms (cache hit)
355 http cache @tailwindcss/postcss@https://registry.npmjs.org/@tailwindcss/postcss/-/postcss-4.1.13.tgz 0ms (cache hit)
356 http cache @tybys/wasm-util@https://registry.npmjs.org/@tybys/wasm-util/-/wasm-util-0.10.1.tgz 0ms (cache hit)
357 http cache @napi-rs/wasm-runtime@https://registry.npmjs.org/@napi-rs/wasm-runtime/-/wasm-runtime-0.2.12.tgz 0ms (cache hit)
358 http cache @emnapi/wasi-threads@https://registry.npmjs.org/@emnapi/wasi-threads/-/wasi-threads-1.1.0.tgz 0ms (cache hit)
359 http cache @emnapi/core@https://registry.npmjs.org/@emnapi/core/-/core-1.5.0.tgz 0ms (cache hit)
360 http cache tailwindcss@https://registry.npmjs.org/tailwindcss/-/tailwindcss-4.1.13.tgz 0ms (cache hit)
361 http cache tailwindcss@https://registry.npmjs.org/tailwindcss/-/tailwindcss-4.1.13.tgz 0ms (cache hit)
362 silly tarball no local data for yallist@https://registry.npmjs.org/yallist/-/yallist-5.0.0.tgz. Extracting by manifest.
363 silly tarball no local data for chownr@https://registry.npmjs.org/chownr/-/chownr-3.0.0.tgz. Extracting by manifest.
364 silly tarball no local data for mkdirp@https://registry.npmjs.org/mkdirp/-/mkdirp-3.0.1.tgz. Extracting by manifest.
365 silly tarball no local data for minizlib@https://registry.npmjs.org/minizlib/-/minizlib-3.0.2.tgz. Extracting by manifest.
366 silly tarball no local data for lightningcss-darwin-arm64@https://registry.npmjs.org/lightningcss-darwin-arm64/-/lightningcss-darwin-arm64-1.30.1.tgz. Extracting by manifest.
367 silly tarball no local data for @isaacs/fs-minipass@https://registry.npmjs.org/@isaacs/fs-minipass/-/fs-minipass-4.0.1.tgz. Extracting by manifest.
368 silly tarball no local data for tapable@https://registry.npmjs.org/tapable/-/tapable-2.2.3.tgz. Extracting by manifest.
369 silly tarball no local data for tar@https://registry.npmjs.org/tar/-/tar-7.4.3.tgz. Extracting by manifest.
370 silly tarball no local data for @tailwindcss/oxide-darwin-arm64@https://registry.npmjs.org/@tailwindcss/oxide-darwin-arm64/-/oxide-darwin-arm64-4.1.13.tgz. Extracting by manifest.
371 silly tarball no local data for magic-string@https://registry.npmjs.org/magic-string/-/magic-string-0.30.19.tgz. Extracting by manifest.
372 silly tarball no local data for @tailwindcss/oxide@https://registry.npmjs.org/@tailwindcss/oxide/-/oxide-4.1.13.tgz. Extracting by manifest.
373 silly tarball no local data for jiti@https://registry.npmjs.org/jiti/-/jiti-2.5.1.tgz. Extracting by manifest.
374 silly tarball no local data for enhanced-resolve@https://registry.npmjs.org/enhanced-resolve/-/enhanced-resolve-5.18.3.tgz. Extracting by manifest.
375 silly tarball no local data for @jridgewell/remapping@https://registry.npmjs.org/@jridgewell/remapping/-/remapping-2.3.5.tgz. Extracting by manifest.
376 silly tarball no local data for @tailwindcss/node@https://registry.npmjs.org/@tailwindcss/node/-/node-4.1.13.tgz. Extracting by manifest.
377 silly tarball no local data for lightningcss@https://registry.npmjs.org/lightningcss/-/lightningcss-1.30.1.tgz. Extracting by manifest.
378 silly tarball no local data for @tailwindcss/postcss@https://registry.npmjs.org/@tailwindcss/postcss/-/postcss-4.1.13.tgz. Extracting by manifest.
379 silly tarball no local data for @tybys/wasm-util@https://registry.npmjs.org/@tybys/wasm-util/-/wasm-util-0.10.1.tgz. Extracting by manifest.
380 silly tarball no local data for @napi-rs/wasm-runtime@https://registry.npmjs.org/@napi-rs/wasm-runtime/-/wasm-runtime-0.2.12.tgz. Extracting by manifest.
381 silly tarball no local data for @emnapi/wasi-threads@https://registry.npmjs.org/@emnapi/wasi-threads/-/wasi-threads-1.1.0.tgz. Extracting by manifest.
382 silly tarball no local data for tailwindcss@https://registry.npmjs.org/tailwindcss/-/tailwindcss-4.1.13.tgz. Extracting by manifest.
383 silly tarball no local data for tailwindcss@https://registry.npmjs.org/tailwindcss/-/tailwindcss-4.1.13.tgz. Extracting by manifest.
384 silly tarball no local data for @emnapi/core@https://registry.npmjs.org/@emnapi/core/-/core-1.5.0.tgz. Extracting by manifest.
385 http fetch GET 200 https://registry.npmjs.org/yallist/-/yallist-5.0.0.tgz 115ms (cache miss)
386 http fetch GET 200 https://registry.npmjs.org/tapable/-/tapable-2.2.3.tgz 115ms (cache miss)
387 http fetch GET 200 https://registry.npmjs.org/@isaacs/fs-minipass/-/fs-minipass-4.0.1.tgz 116ms (cache miss)
388 http fetch GET 200 https://registry.npmjs.org/chownr/-/chownr-3.0.0.tgz 119ms (cache miss)
389 http fetch GET 200 https://registry.npmjs.org/minizlib/-/minizlib-3.0.2.tgz 122ms (cache miss)
390 http fetch GET 200 https://registry.npmjs.org/mkdirp/-/mkdirp-3.0.1.tgz 134ms (cache miss)
391 http fetch POST 200 https://registry.npmjs.org/-/npm/v1/security/advisories/bulk 170ms
392 silly audit report {}
393 http fetch GET 200 https://registry.npmjs.org/lightningcss/-/lightningcss-1.30.1.tgz 152ms (cache miss)
394 http fetch GET 200 https://registry.npmjs.org/enhanced-resolve/-/enhanced-resolve-5.18.3.tgz 165ms (cache miss)
395 http fetch GET 200 https://registry.npmjs.org/@tailwindcss/oxide/-/oxide-4.1.13.tgz 347ms (cache miss)
396 http fetch GET 200 https://registry.npmjs.org/tailwindcss/-/tailwindcss-4.1.13.tgz 395ms (cache miss)
397 http fetch GET 200 https://registry.npmjs.org/@tybys/wasm-util/-/wasm-util-0.10.1.tgz 408ms (cache miss)
398 http fetch GET 200 https://registry.npmjs.org/tar/-/tar-7.4.3.tgz 426ms (cache miss)
399 http fetch GET 200 https://registry.npmjs.org/@emnapi/wasi-threads/-/wasi-threads-1.1.0.tgz 451ms (cache miss)
400 http fetch GET 200 https://registry.npmjs.org/@emnapi/core/-/core-1.5.0.tgz 468ms (cache miss)
401 http fetch GET 200 https://registry.npmjs.org/@jridgewell/remapping/-/remapping-2.3.5.tgz 546ms (cache miss)
402 http fetch GET 200 https://registry.npmjs.org/lightningcss-darwin-arm64/-/lightningcss-darwin-arm64-1.30.1.tgz 599ms (cache miss)
403 http fetch GET 200 https://registry.npmjs.org/@napi-rs/wasm-runtime/-/wasm-runtime-0.2.12.tgz 607ms (cache miss)
404 http fetch GET 200 https://registry.npmjs.org/tailwindcss/-/tailwindcss-4.1.13.tgz 616ms (cache miss)
405 http fetch GET 200 https://registry.npmjs.org/jiti/-/jiti-2.5.1.tgz 658ms (cache miss)
406 http fetch GET 200 https://registry.npmjs.org/@tailwindcss/node/-/node-4.1.13.tgz 665ms (cache miss)
407 http fetch GET 200 https://registry.npmjs.org/magic-string/-/magic-string-0.30.19.tgz 678ms (cache miss)
408 http fetch GET 200 https://registry.npmjs.org/@tailwindcss/oxide-darwin-arm64/-/oxide-darwin-arm64-4.1.13.tgz 740ms (cache miss)
409 http fetch GET 200 https://registry.npmjs.org/@tailwindcss/postcss/-/postcss-4.1.13.tgz 967ms (cache miss)
410 info run @tailwindcss/oxide@4.1.13 postinstall node_modules/@tailwindcss/oxide node ./scripts/install.js
411 info run @tailwindcss/oxide@4.1.13 postinstall { code: 0, signal: null }
412 silly ADD node_modules/yallist
413 silly ADD node_modules/mkdirp
414 silly ADD node_modules/minizlib
415 silly ADD node_modules/chownr
416 silly ADD node_modules/@isaacs/fs-minipass
417 silly ADD
418 silly ADD
419 silly ADD
420 silly ADD
421 silly ADD
422 silly ADD
423 silly ADD
424 silly ADD
425 silly ADD
426 silly ADD node_modules/lightningcss-darwin-arm64
427 silly ADD node_modules/tapable
428 silly ADD node_modules/tar
429 silly ADD
430 silly ADD
431 silly ADD
432 silly ADD
433 silly ADD
434 silly ADD
435 silly ADD
436 silly ADD
437 silly ADD
438 silly ADD
439 silly ADD node_modules/@tailwindcss/oxide-darwin-arm64
440 silly ADD
441 silly ADD node_modules/magic-string
442 silly ADD node_modules/lightningcss
443 silly ADD node_modules/jiti
444 silly ADD node_modules/enhanced-resolve
445 silly ADD node_modules/@jridgewell/remapping
446 silly ADD node_modules/@tailwindcss/oxide
447 silly ADD node_modules/@tailwindcss/node
448 silly ADD node_modules/@tailwindcss/node/node_modules/tailwindcss
449 silly ADD node_modules/@tailwindcss/postcss
450 silly ADD node_modules/@tailwindcss/postcss/node_modules/tailwindcss
451 silly ADD node_modules/fsevents
452 silly ADD
453 silly ADD
454 silly ADD
455 silly ADD
456 silly ADD
457 silly ADD
458 silly ADD
459 silly ADD
460 silly ADD
461 silly ADD
462 silly ADD
463 silly ADD
464 silly ADD
465 silly ADD
466 silly ADD
467 silly ADD
468 silly ADD
469 silly ADD
470 silly ADD node_modules/@tybys/wasm-util
471 silly ADD
472 silly ADD
473 silly ADD
474 silly ADD
475 silly ADD
476 silly ADD
477 silly ADD
478 silly ADD node_modules/@napi-rs/wasm-runtime
479 silly ADD
480 silly ADD
481 silly ADD
482 silly ADD
483 silly ADD
484 silly ADD
485 silly ADD
486 silly ADD
487 silly ADD
488 silly ADD
489 silly ADD
490 silly ADD
491 silly ADD
492 silly ADD
493 silly ADD
494 silly ADD
495 silly ADD
496 silly ADD
497 silly ADD
498 silly ADD
499 silly ADD node_modules/@emnapi/wasi-threads
500 silly ADD node_modules/@emnapi/core
501 verbose cwd /Users/abel/Desktop/Codename Stealth Project/Website Code/debtoptimizer
502 verbose os Darwin 23.1.0
503 verbose node v22.15.1
504 verbose npm  v10.9.2
505 verbose exit 0
506 info ok
