0 verbose cli /usr/local/bin/node /usr/local/bin/npm
1 info using npm@10.9.2
2 info using node@v22.15.1
3 silly config load:file:/usr/local/lib/node_modules/npm/npmrc
4 silly config load:file:/Users/abel/Desktop/Codename Stealth Project/Website Code/debtoptimizer/.npmrc
5 silly config load:file:/Users/abel/.npmrc
6 silly config load:file:/usr/local/etc/npmrc
7 verbose title npm install gh-pages
8 verbose argv "install" "gh-pages" "--save-dev"
9 verbose logfile logs-max:10 dir:/Users/abel/Desktop/Codename Stealth Project/Website Code/debtoptimizer/.npm-cache/_logs/2025-09-12T19_17_17_624Z-
10 verbose logfile /Users/abel/Desktop/Codename Stealth Project/Website Code/debtoptimizer/.npm-cache/_logs/2025-09-12T19_17_17_624Z-debug-0.log
11 silly logfile done cleaning log files
12 silly packumentCache heap:4345298944 maxSize:1086324736 maxEntrySize:543162368
13 silly idealTree buildDeps
14 silly fetch manifest @headlessui/react@^1.7.19
15 silly packumentCache full:https://registry.npmjs.org/@headlessui%2freact cache-miss
16 http fetch GET 200 https://registry.npmjs.org/@headlessui%2freact 290ms (cache updated)
17 silly packumentCache full:https://registry.npmjs.org/@headlessui%2freact set size:undefined disposed:false
18 silly fetch manifest react@19.0.0
19 silly packumentCache full:https://registry.npmjs.org/react cache-miss
20 http fetch GET 200 https://registry.npmjs.org/react 212ms (cache updated)
21 silly packumentCache full:https://registry.npmjs.org/react set size:undefined disposed:false
22 silly fetch manifest react@^16 || ^17 || ^18
23 silly packumentCache full:https://registry.npmjs.org/react cache-miss
24 http cache https://registry.npmjs.org/react 8ms (cache hit)
25 silly packumentCache full:https://registry.npmjs.org/react set size:6045087 disposed:false
26 verbose stack Error: unable to resolve dependency tree
26 verbose stack     at #failPeerConflict (/usr/local/lib/node_modules/npm/node_modules/@npmcli/arborist/lib/arborist/build-ideal-tree.js:1363:25)
26 verbose stack     at #loadPeerSet (/usr/local/lib/node_modules/npm/node_modules/@npmcli/arborist/lib/arborist/build-ideal-tree.js:1329:33)
26 verbose stack     at async #buildDepStep (/usr/local/lib/node_modules/npm/node_modules/@npmcli/arborist/lib/arborist/build-ideal-tree.js:904:11)
26 verbose stack     at async Arborist.buildIdealTree (/usr/local/lib/node_modules/npm/node_modules/@npmcli/arborist/lib/arborist/build-ideal-tree.js:181:7)
26 verbose stack     at async Promise.all (index 1)
26 verbose stack     at async Arborist.reify (/usr/local/lib/node_modules/npm/node_modules/@npmcli/arborist/lib/arborist/reify.js:131:5)
26 verbose stack     at async Install.exec (/usr/local/lib/node_modules/npm/lib/commands/install.js:150:5)
26 verbose stack     at async Npm.exec (/usr/local/lib/node_modules/npm/lib/npm.js:207:9)
26 verbose stack     at async module.exports (/usr/local/lib/node_modules/npm/lib/cli/entry.js:74:5)
27 error code ERESOLVE
28 error ERESOLVE unable to resolve dependency tree
29 error
30 error While resolving: debtoptimizer@0.1.0
30 error Found: react@19.0.0[2m[22m
30 error [2mnode_modules/react[22m
30 error   react@"19.0.0" from the root project
30 error
30 error Could not resolve dependency:
30 error [95mpeer[39m react@"^16 || ^17 || ^18" from @headlessui/react@1.7.19[2m[22m
30 error [2mnode_modules/@headlessui/react[22m
30 error   @headlessui/react@"^1.7.19" from the root project
30 error
30 error Fix the upstream dependency conflict, or retry
30 error this command with --force or --legacy-peer-deps
30 error to accept an incorrect (and potentially broken) dependency resolution.
31 error
31 error
31 error For a full report see:
31 error /Users/abel/Desktop/Codename Stealth Project/Website Code/debtoptimizer/.npm-cache/_logs/2025-09-12T19_17_17_624Z-eresolve-report.txt
32 silly unfinished npm timer reify 1757704637973
33 silly unfinished npm timer reify:loadTrees 1757704637974
34 silly unfinished npm timer idealTree:buildDeps 1757704638031
35 silly unfinished npm timer idealTree:#root 1757704638031
36 verbose cwd /Users/abel/Desktop/Codename Stealth Project/Website Code/debtoptimizer
37 verbose os Darwin 23.1.0
38 verbose node v22.15.1
39 verbose npm  v10.9.2
40 verbose exit 1
41 verbose code 1
42 error A complete log of this run can be found in: /Users/abel/Desktop/Codename Stealth Project/Website Code/debtoptimizer/.npm-cache/_logs/2025-09-12T19_17_17_624Z-debug-0.log
