0 verbose cli /usr/local/bin/node /usr/local/bin/npm
1 info using npm@10.9.2
2 info using node@v22.15.1
3 silly config load:file:/usr/local/lib/node_modules/npm/npmrc
4 silly config load:file:/Users/abel/Desktop/Codename Stealth Project/Website Code/debtoptimizer/.npmrc
5 silly config load:file:/Users/abel/.npmrc
6 silly config load:file:/usr/local/etc/npmrc
7 verbose title npm install autoprefixer
8 verbose argv "install" "autoprefixer" "--save-dev" "--legacy-peer-deps"
9 verbose logfile logs-max:10 dir:/Users/abel/Desktop/Codename Stealth Project/Website Code/debtoptimizer/.npm-cache/_logs/2025-09-12T19_24_03_466Z-
10 verbose logfile /Users/abel/Desktop/Codename Stealth Project/Website Code/debtoptimizer/.npm-cache/_logs/2025-09-12T19_24_03_466Z-debug-0.log
11 silly logfile start cleaning logs, removing 1 files
12 silly packumentCache heap:4345298944 maxSize:1086324736 maxEntrySize:543162368
13 silly logfile done cleaning log files
14 silly idealTree buildDeps
15 silly fetch manifest autoprefixer@*
16 silly packumentCache full:https://registry.npmjs.org/autoprefixer cache-miss
17 http fetch GET 200 https://registry.npmjs.org/autoprefixer 172ms (cache miss)
18 silly packumentCache full:https://registry.npmjs.org/autoprefixer set size:undefined disposed:false
19 silly placeDep ROOT autoprefixer@10.4.21 OK for: debtoptimizer@0.1.0 want: *
20 silly fetch manifest fraction.js@^4.3.7
21 silly packumentCache full:https://registry.npmjs.org/fraction.js cache-miss
22 silly fetch manifest browserslist@^4.24.4
23 silly packumentCache full:https://registry.npmjs.org/browserslist cache-miss
24 silly fetch manifest normalize-range@^0.1.2
25 silly packumentCache full:https://registry.npmjs.org/normalize-range cache-miss
26 http fetch GET 200 https://registry.npmjs.org/fraction.js 44ms (cache miss)
27 silly packumentCache full:https://registry.npmjs.org/fraction.js set size:undefined disposed:false
28 http fetch GET 200 https://registry.npmjs.org/normalize-range 113ms (cache miss)
29 silly packumentCache full:https://registry.npmjs.org/normalize-range set size:undefined disposed:false
30 http fetch GET 200 https://registry.npmjs.org/browserslist 138ms (cache miss)
31 silly packumentCache full:https://registry.npmjs.org/browserslist set size:undefined disposed:false
32 silly placeDep ROOT browserslist@4.26.0 OK for: autoprefixer@10.4.21 want: ^4.24.4
33 silly placeDep ROOT fraction.js@4.3.7 OK for: autoprefixer@10.4.21 want: ^4.3.7
34 silly placeDep ROOT normalize-range@0.1.2 OK for: autoprefixer@10.4.21 want: ^0.1.2
35 silly fetch manifest baseline-browser-mapping@^2.8.2
36 silly packumentCache full:https://registry.npmjs.org/baseline-browser-mapping cache-miss
37 silly fetch manifest electron-to-chromium@^1.5.218
38 silly packumentCache full:https://registry.npmjs.org/electron-to-chromium cache-miss
39 silly fetch manifest node-releases@^2.0.21
40 silly packumentCache full:https://registry.npmjs.org/node-releases cache-miss
41 silly fetch manifest update-browserslist-db@^1.1.3
42 silly packumentCache full:https://registry.npmjs.org/update-browserslist-db cache-miss
43 http fetch GET 200 https://registry.npmjs.org/baseline-browser-mapping 57ms (cache miss)
44 silly packumentCache full:https://registry.npmjs.org/baseline-browser-mapping set size:undefined disposed:false
45 http fetch GET 200 https://registry.npmjs.org/node-releases 62ms (cache miss)
46 silly packumentCache full:https://registry.npmjs.org/node-releases set size:undefined disposed:false
47 http fetch GET 200 https://registry.npmjs.org/update-browserslist-db 128ms (cache miss)
48 silly packumentCache full:https://registry.npmjs.org/update-browserslist-db set size:undefined disposed:false
49 http fetch GET 200 https://registry.npmjs.org/electron-to-chromium 273ms (cache miss)
50 silly packumentCache full:https://registry.npmjs.org/electron-to-chromium set size:undefined disposed:false
51 silly placeDep ROOT baseline-browser-mapping@2.8.2 OK for: browserslist@4.26.0 want: ^2.8.2
52 silly placeDep ROOT electron-to-chromium@1.5.218 OK for: browserslist@4.26.0 want: ^1.5.218
53 silly placeDep ROOT node-releases@2.0.21 OK for: browserslist@4.26.0 want: ^2.0.21
54 silly placeDep ROOT update-browserslist-db@1.1.3 OK for: browserslist@4.26.0 want: ^1.1.3
55 silly fetch manifest escalade@^3.2.0
56 silly packumentCache full:https://registry.npmjs.org/escalade cache-miss
57 http fetch GET 200 https://registry.npmjs.org/escalade 57ms (cache miss)
58 silly packumentCache full:https://registry.npmjs.org/escalade set size:undefined disposed:false
59 silly placeDep ROOT escalade@3.2.0 OK for: update-browserslist-db@1.1.3 want: ^3.2.0
60 silly reify moves {}
61 silly audit bulk request {
61 silly audit   '@alloc/quick-lru': [ '5.2.0' ],
61 silly audit   '@emnapi/core': [ '1.5.0' ],
61 silly audit   '@emnapi/runtime': [ '1.5.0' ],
61 silly audit   '@emnapi/wasi-threads': [ '1.1.0' ],
61 silly audit   '@eslint-community/eslint-utils': [ '4.9.0' ],
61 silly audit   'eslint-visitor-keys': [ '3.4.3', '4.2.1' ],
61 silly audit   '@eslint-community/regexpp': [ '4.12.1' ],
61 silly audit   '@eslint/eslintrc': [ '3.3.1', '2.1.4' ],
61 silly audit   '@eslint/js': [ '8.57.1' ],
61 silly audit   '@headlessui/react': [ '1.7.19' ],
61 silly audit   '@hookform/resolvers': [ '3.10.0' ],
61 silly audit   '@humanwhocodes/config-array': [ '0.13.0' ],
61 silly audit   '@humanwhocodes/module-importer': [ '1.0.1' ],
61 silly audit   '@humanwhocodes/object-schema': [ '2.0.3' ],
61 silly audit   '@img/sharp-darwin-arm64': [ '0.34.3' ],
61 silly audit   '@img/sharp-darwin-x64': [ '0.34.3' ],
61 silly audit   '@img/sharp-libvips-darwin-arm64': [ '1.2.0' ],
61 silly audit   '@img/sharp-libvips-darwin-x64': [ '1.2.0' ],
61 silly audit   '@img/sharp-libvips-linux-arm': [ '1.2.0' ],
61 silly audit   '@img/sharp-libvips-linux-arm64': [ '1.2.0' ],
61 silly audit   '@img/sharp-libvips-linux-ppc64': [ '1.2.0' ],
61 silly audit   '@img/sharp-libvips-linux-s390x': [ '1.2.0' ],
61 silly audit   '@img/sharp-libvips-linux-x64': [ '1.2.0' ],
61 silly audit   '@img/sharp-libvips-linuxmusl-arm64': [ '1.2.0' ],
61 silly audit   '@img/sharp-libvips-linuxmusl-x64': [ '1.2.0' ],
61 silly audit   '@img/sharp-linux-arm': [ '0.34.3' ],
61 silly audit   '@img/sharp-linux-arm64': [ '0.34.3' ],
61 silly audit   '@img/sharp-linux-ppc64': [ '0.34.3' ],
61 silly audit   '@img/sharp-linux-s390x': [ '0.34.3' ],
61 silly audit   '@img/sharp-linux-x64': [ '0.34.3' ],
61 silly audit   '@img/sharp-linuxmusl-arm64': [ '0.34.3' ],
61 silly audit   '@img/sharp-linuxmusl-x64': [ '0.34.3' ],
61 silly audit   '@img/sharp-wasm32': [ '0.34.3' ],
61 silly audit   '@img/sharp-win32-arm64': [ '0.34.3' ],
61 silly audit   '@img/sharp-win32-ia32': [ '0.34.3' ],
61 silly audit   '@img/sharp-win32-x64': [ '0.34.3' ],
61 silly audit   '@isaacs/cliui': [ '8.0.2' ],
61 silly audit   'ansi-regex': [ '6.2.2', '5.0.1' ],
61 silly audit   'strip-ansi': [ '7.1.2', '6.0.1' ],
61 silly audit   '@jridgewell/gen-mapping': [ '0.3.13' ],
61 silly audit   '@jridgewell/resolve-uri': [ '3.1.2' ],
61 silly audit   '@jridgewell/sourcemap-codec': [ '1.5.5' ],
61 silly audit   '@jridgewell/trace-mapping': [ '0.3.31' ],
61 silly audit   '@napi-rs/wasm-runtime': [ '0.2.12' ],
61 silly audit   '@next/env': [ '15.5.3' ],
61 silly audit   '@next/eslint-plugin-next': [ '15.5.3' ],
61 silly audit   '@next/swc-darwin-arm64': [ '15.5.3' ],
61 silly audit   '@next/swc-darwin-x64': [ '15.5.3' ],
61 silly audit   '@next/swc-linux-arm64-gnu': [ '15.5.3' ],
61 silly audit   '@next/swc-linux-arm64-musl': [ '15.5.3' ],
61 silly audit   '@next/swc-linux-x64-gnu': [ '15.5.3' ],
61 silly audit   '@next/swc-linux-x64-musl': [ '15.5.3' ],
61 silly audit   '@next/swc-win32-arm64-msvc': [ '15.5.3' ],
61 silly audit   '@next/swc-win32-x64-msvc': [ '15.5.3' ],
61 silly audit   '@nodelib/fs.scandir': [ '2.1.5' ],
61 silly audit   '@nodelib/fs.stat': [ '2.0.5' ],
61 silly audit   '@nodelib/fs.walk': [ '1.2.8' ],
61 silly audit   '@nolyfill/is-core-module': [ '1.0.39' ],
61 silly audit   '@pkgjs/parseargs': [ '0.11.0' ],
61 silly audit   '@rtsao/scc': [ '1.1.0' ],
61 silly audit   '@rushstack/eslint-patch': [ '1.12.0' ],
61 silly audit   '@swc/helpers': [ '0.5.15' ],
61 silly audit   '@tanstack/react-virtual': [ '3.13.12' ],
61 silly audit   '@tanstack/virtual-core': [ '3.13.12' ],
61 silly audit   '@tybys/wasm-util': [ '0.10.1' ],
61 silly audit   '@types/json5': [ '0.0.29' ],
61 silly audit   '@types/node': [ '20.19.13' ],
61 silly audit   '@types/prop-types': [ '15.7.15' ],
61 silly audit   '@types/react': [ '18.3.24' ],
61 silly audit   '@types/react-dom': [ '18.3.7' ],
61 silly audit   '@typescript-eslint/eslint-plugin': [ '8.43.0' ],
61 silly audit   ignore: [ '7.0.5', '5.3.2' ],
61 silly audit   '@typescript-eslint/parser': [ '8.43.0' ],
61 silly audit   '@typescript-eslint/project-service': [ '8.43.0' ],
61 silly audit   '@typescript-eslint/scope-manager': [ '8.43.0' ],
61 silly audit   '@typescript-eslint/tsconfig-utils': [ '8.43.0' ],
61 silly audit   '@typescript-eslint/type-utils': [ '8.43.0' ],
61 silly audit   '@typescript-eslint/types': [ '8.43.0' ],
61 silly audit   '@typescript-eslint/typescript-estree': [ '8.43.0' ],
61 silly audit   'brace-expansion': [ '2.0.2', '1.1.12' ],
61 silly audit   'fast-glob': [ '3.3.3', '3.3.1' ],
61 silly audit   'glob-parent': [ '5.1.2', '6.0.2' ],
61 silly audit   minimatch: [ '9.0.5', '3.1.2' ],
61 silly audit   '@typescript-eslint/utils': [ '8.43.0' ],
61 silly audit   '@typescript-eslint/visitor-keys': [ '8.43.0' ],
61 silly audit   '@ungap/structured-clone': [ '1.3.0' ],
61 silly audit   '@unrs/resolver-binding-android-arm-eabi': [ '1.11.1' ],
61 silly audit   '@unrs/resolver-binding-android-arm64': [ '1.11.1' ],
61 silly audit   '@unrs/resolver-binding-darwin-arm64': [ '1.11.1' ],
61 silly audit   '@unrs/resolver-binding-darwin-x64': [ '1.11.1' ],
61 silly audit   '@unrs/resolver-binding-freebsd-x64': [ '1.11.1' ],
61 silly audit   '@unrs/resolver-binding-linux-arm-gnueabihf': [ '1.11.1' ],
61 silly audit   '@unrs/resolver-binding-linux-arm-musleabihf': [ '1.11.1' ],
61 silly audit   '@unrs/resolver-binding-linux-arm64-gnu': [ '1.11.1' ],
61 silly audit   '@unrs/resolver-binding-linux-arm64-musl': [ '1.11.1' ],
61 silly audit   '@unrs/resolver-binding-linux-ppc64-gnu': [ '1.11.1' ],
61 silly audit   '@unrs/resolver-binding-linux-riscv64-gnu': [ '1.11.1' ],
61 silly audit   '@unrs/resolver-binding-linux-riscv64-musl': [ '1.11.1' ],
61 silly audit   '@unrs/resolver-binding-linux-s390x-gnu': [ '1.11.1' ],
61 silly audit   '@unrs/resolver-binding-linux-x64-gnu': [ '1.11.1' ],
61 silly audit   '@unrs/resolver-binding-linux-x64-musl': [ '1.11.1' ],
61 silly audit   '@unrs/resolver-binding-wasm32-wasi': [ '1.11.1' ],
61 silly audit   '@unrs/resolver-binding-win32-arm64-msvc': [ '1.11.1' ],
61 silly audit   '@unrs/resolver-binding-win32-ia32-msvc': [ '1.11.1' ],
61 silly audit   '@unrs/resolver-binding-win32-x64-msvc': [ '1.11.1' ],
61 silly audit   acorn: [ '8.15.0' ],
61 silly audit   'acorn-jsx': [ '5.3.2' ],
61 silly audit   ajv: [ '6.12.6' ],
61 silly audit   'ansi-styles': [ '4.3.0', '6.2.3' ],
61 silly audit   'any-promise': [ '1.3.0' ],
61 silly audit   anymatch: [ '3.1.3' ],
61 silly audit   arg: [ '5.0.2' ],
61 silly audit   argparse: [ '2.0.1' ],
61 silly audit   'aria-query': [ '5.3.2' ],
61 silly audit   'array-buffer-byte-length': [ '1.0.2' ],
61 silly audit   'array-includes': [ '3.1.9' ],
61 silly audit   'array.prototype.findlast': [ '1.2.5' ],
61 silly audit   'array.prototype.findlastindex': [ '1.2.6' ],
61 silly audit   'array.prototype.flat': [ '1.3.3' ],
61 silly audit   'array.prototype.flatmap': [ '1.3.3' ],
61 silly audit   'array.prototype.tosorted': [ '1.1.4' ],
61 silly audit   'arraybuffer.prototype.slice': [ '1.0.4' ],
61 silly audit   'ast-types-flow': [ '0.0.8' ],
61 silly audit   'async-function': [ '1.0.0' ],
61 silly audit   'available-typed-arrays': [ '1.0.7' ],
61 silly audit   'axe-core': [ '4.10.3' ],
61 silly audit   'axobject-query': [ '4.1.0' ],
61 silly audit   'balanced-match': [ '1.0.2' ],
61 silly audit   'binary-extensions': [ '2.3.0' ],
61 silly audit   braces: [ '3.0.3' ],
61 silly audit   'call-bind': [ '1.0.8' ],
61 silly audit   'call-bind-apply-helpers': [ '1.0.2' ],
61 silly audit   'call-bound': [ '1.0.4' ],
61 silly audit   callsites: [ '3.1.0' ],
61 silly audit   'camelcase-css': [ '2.0.1' ],
61 silly audit   'caniuse-lite': [ '1.0.30001741' ],
61 silly audit   chalk: [ '4.1.2' ],
61 silly audit   chokidar: [ '3.6.0' ],
61 silly audit   'client-only': [ '0.0.1' ],
61 silly audit   color: [ '4.2.3' ],
61 silly audit   'color-convert': [ '2.0.1' ],
61 silly audit   'color-name': [ '1.1.4' ],
61 silly audit   'color-string': [ '1.9.1' ],
61 silly audit   'concat-map': [ '0.0.1' ],
61 silly audit   'countup.js': [ '2.9.0' ],
61 silly audit   'cross-spawn': [ '7.0.6' ],
61 silly audit   cssesc: [ '3.0.0' ],
61 silly audit   csstype: [ '3.1.3' ],
61 silly audit   'damerau-levenshtein': [ '1.0.8' ],
61 silly audit   'data-view-buffer': [ '1.0.2' ],
61 silly audit   'data-view-byte-length': [ '1.0.2' ],
61 silly audit   'data-view-byte-offset': [ '1.0.1' ],
61 silly audit   debug: [ '4.4.1', '3.2.7' ],
61 silly audit   'deep-is': [ '0.1.4' ],
61 silly audit   'define-data-property': [ '1.1.4' ],
61 silly audit   'define-properties': [ '1.2.1' ],
61 silly audit   'detect-libc': [ '2.0.4' ],
61 silly audit   didyoumean: [ '1.2.2' ],
61 silly audit   dlv: [ '1.1.3' ],
61 silly audit   doctrine: [ '2.1.0', '3.0.0' ],
61 silly audit   'dunder-proto': [ '1.0.1' ],
61 silly audit   eastasianwidth: [ '0.2.0' ],
61 silly audit   'emoji-regex': [ '9.2.2', '8.0.0' ],
61 silly audit   'es-abstract': [ '1.24.0' ],
61 silly audit   'es-define-property': [ '1.0.1' ],
61 silly audit   'es-errors': [ '1.3.0' ],
61 silly audit   'es-iterator-helpers': [ '1.2.1' ],
61 silly audit   'es-object-atoms': [ '1.1.1' ],
61 silly audit   'es-set-tostringtag': [ '2.1.0' ],
61 silly audit   'es-shim-unscopables': [ '1.1.0' ],
61 silly audit   'es-to-primitive': [ '1.3.0' ],
61 silly audit   'escape-string-regexp': [ '4.0.0' ],
61 silly audit   eslint: [ '8.57.1' ],
61 silly audit   'eslint-config-next': [ '15.5.3' ],
61 silly audit   'eslint-import-resolver-node': [ '0.3.9' ],
61 silly audit   'eslint-import-resolver-typescript': [ '3.10.1' ],
61 silly audit   'eslint-module-utils': [ '2.12.1' ],
61 silly audit   'eslint-plugin-import': [ '2.32.0' ],
61 silly audit   semver: [ '6.3.1', '7.7.2' ],
61 silly audit   'eslint-plugin-jsx-a11y': [ '6.10.2' ],
61 silly audit   'eslint-plugin-react': [ '7.37.5' ],
61 silly audit   'eslint-plugin-react-hooks': [ '5.2.0' ],
61 silly audit   resolve: [ '2.0.0-next.5', '1.22.10' ],
61 silly audit   'eslint-scope': [ '7.2.2' ],
61 silly audit   espree: [ '9.6.1', '10.4.0' ],
61 silly audit   globals: [ '13.24.0', '14.0.0' ],
61 silly audit   esquery: [ '1.6.0' ],
61 silly audit   esrecurse: [ '4.3.0' ],
61 silly audit   estraverse: [ '5.3.0' ],
61 silly audit   esutils: [ '2.0.3' ],
61 silly audit   'fast-deep-equal': [ '3.1.3' ],
61 silly audit   'fast-json-stable-stringify': [ '2.1.0' ],
61 silly audit   'fast-levenshtein': [ '2.0.6' ],
61 silly audit   fastq: [ '1.19.1' ],
61 silly audit   'file-entry-cache': [ '6.0.1' ],
61 silly audit   'fill-range': [ '7.1.1' ],
61 silly audit   'find-up': [ '5.0.0' ],
61 silly audit   'flat-cache': [ '3.2.0' ],
61 silly audit   flatted: [ '3.3.3' ],
61 silly audit   'for-each': [ '0.3.5' ],
61 silly audit   'foreground-child': [ '3.3.1' ],
61 silly audit   'framer-motion': [ '11.18.2' ],
61 silly audit   'fs.realpath': [ '1.0.0' ],
61 silly audit   fsevents: [ '2.3.3' ],
61 silly audit   'function-bind': [ '1.1.2' ],
61 silly audit   'function.prototype.name': [ '1.1.8' ],
61 silly audit   'functions-have-names': [ '1.2.3' ],
61 silly audit   'get-intrinsic': [ '1.3.0' ],
61 silly audit   'get-proto': [ '1.0.1' ],
61 silly audit   'get-symbol-description': [ '1.1.0' ],
61 silly audit   'get-tsconfig': [ '4.10.1' ],
61 silly audit   glob: [ '7.2.3', '10.4.5' ],
61 silly audit   globalthis: [ '1.0.4' ],
61 silly audit   gopd: [ '1.2.0' ],
61 silly audit   graphemer: [ '1.4.0' ],
61 silly audit   'has-bigints': [ '1.1.0' ],
61 silly audit   'has-flag': [ '4.0.0' ],
61 silly audit   'has-property-descriptors': [ '1.0.2' ],
61 silly audit   'has-proto': [ '1.2.0' ],
61 silly audit   'has-symbols': [ '1.1.0' ],
61 silly audit   'has-tostringtag': [ '1.0.2' ],
61 silly audit   hasown: [ '2.0.2' ],
61 silly audit   'import-fresh': [ '3.3.1' ],
61 silly audit   imurmurhash: [ '0.1.4' ],
61 silly audit   inflight: [ '1.0.6' ],
61 silly audit   inherits: [ '2.0.4' ],
61 silly audit   'internal-slot': [ '1.1.0' ],
61 silly audit   'is-array-buffer': [ '3.0.5' ],
61 silly audit   'is-arrayish': [ '0.3.2' ],
61 silly audit   'is-async-function': [ '2.1.1' ],
61 silly audit   'is-bigint': [ '1.1.0' ],
61 silly audit   'is-binary-path': [ '2.1.0' ],
61 silly audit   'is-boolean-object': [ '1.2.2' ],
61 silly audit   'is-bun-module': [ '2.0.0' ],
61 silly audit   'is-callable': [ '1.2.7' ],
61 silly audit   'is-core-module': [ '2.16.1' ],
61 silly audit   'is-data-view': [ '1.0.2' ],
61 silly audit   'is-date-object': [ '1.1.0' ],
61 silly audit   'is-extglob': [ '2.1.1' ],
61 silly audit   'is-finalizationregistry': [ '1.1.1' ],
61 silly audit   'is-fullwidth-code-point': [ '3.0.0' ],
61 silly audit   'is-generator-function': [ '1.1.0' ],
61 silly audit   'is-glob': [ '4.0.3' ],
61 silly audit   'is-map': [ '2.0.3' ],
61 silly audit   'is-negative-zero': [ '2.0.3' ],
61 silly audit   'is-number': [ '7.0.0' ],
61 silly audit   'is-number-object': [ '1.1.1' ],
61 silly audit   'is-path-inside': [ '3.0.3' ],
61 silly audit   'is-regex': [ '1.2.1' ],
61 silly audit   'is-set': [ '2.0.3' ],
61 silly audit   'is-shared-array-buffer': [ '1.0.4' ],
61 silly audit   'is-string': [ '1.1.1' ],
61 silly audit   'is-symbol': [ '1.1.1' ],
61 silly audit   'is-typed-array': [ '1.1.15' ],
61 silly audit   'is-weakmap': [ '2.0.2' ],
61 silly audit   'is-weakref': [ '1.1.1' ],
61 silly audit   'is-weakset': [ '2.0.4' ],
61 silly audit   isarray: [ '2.0.5' ],
61 silly audit   isexe: [ '2.0.0' ],
61 silly audit   'iterator.prototype': [ '1.1.5' ],
61 silly audit   jackspeak: [ '3.4.3' ],
61 silly audit   'js-tokens': [ '4.0.0' ],
61 silly audit   'js-yaml': [ '4.1.0' ],
61 silly audit   'json-buffer': [ '3.0.1' ],
61 silly audit   'json-schema-traverse': [ '0.4.1' ],
61 silly audit   'json-stable-stringify-without-jsonify': [ '1.0.1' ],
61 silly audit   json5: [ '1.0.2' ],
61 silly audit   'jsx-ast-utils': [ '3.3.5' ],
61 silly audit   keyv: [ '4.5.4' ],
61 silly audit   'language-subtag-registry': [ '0.3.23' ],
61 silly audit   'language-tags': [ '1.0.9' ],
61 silly audit   levn: [ '0.4.1' ],
61 silly audit   lilconfig: [ '3.1.3' ],
61 silly audit   'lines-and-columns': [ '1.2.4' ],
61 silly audit   'locate-path': [ '6.0.0' ],
61 silly audit   'lodash.merge': [ '4.6.2' ],
61 silly audit   'loose-envify': [ '1.4.0' ],
61 silly audit   'lru-cache': [ '10.4.3' ],
61 silly audit   'lucide-react': [ '0.468.0' ],
61 silly audit   'math-intrinsics': [ '1.1.0' ],
61 silly audit   merge2: [ '1.4.1' ],
61 silly audit   micromatch: [ '4.0.8' ],
61 silly audit   minimist: [ '1.2.8' ],
61 silly audit   minipass: [ '7.1.2' ],
61 silly audit   'motion-dom': [ '11.18.1' ],
61 silly audit   'motion-utils': [ '11.18.1' ],
61 silly audit   ms: [ '2.1.3' ],
61 silly audit   mz: [ '2.7.0' ],
61 silly audit   nanoid: [ '3.3.11' ],
61 silly audit   'napi-postinstall': [ '0.3.3' ],
61 silly audit   'natural-compare': [ '1.4.0' ],
61 silly audit   next: [ '15.5.3' ],
61 silly audit   postcss: [ '8.4.31', '8.5.6' ],
61 silly audit   'normalize-path': [ '3.0.0' ],
61 silly audit   'object-assign': [ '4.1.1' ],
61 silly audit   'object-hash': [ '3.0.0' ],
61 silly audit   'object-inspect': [ '1.13.4' ],
61 silly audit   'object-keys': [ '1.1.1' ],
61 silly audit   'object.assign': [ '4.1.7' ],
61 silly audit   'object.entries': [ '1.1.9' ],
61 silly audit   'object.fromentries': [ '2.0.8' ],
61 silly audit   'object.groupby': [ '1.0.3' ],
61 silly audit   'object.values': [ '1.2.1' ],
61 silly audit   once: [ '1.4.0' ],
61 silly audit   optionator: [ '0.9.4' ],
61 silly audit   'own-keys': [ '1.0.1' ],
61 silly audit   'p-limit': [ '3.1.0' ],
61 silly audit   'p-locate': [ '5.0.0' ],
61 silly audit   'package-json-from-dist': [ '1.0.1' ],
61 silly audit   'parent-module': [ '1.0.1' ],
61 silly audit   'path-exists': [ '4.0.0' ],
61 silly audit   'path-is-absolute': [ '1.0.1' ],
61 silly audit   'path-key': [ '3.1.1' ],
61 silly audit   'path-parse': [ '1.0.7' ],
61 silly audit   'path-scurry': [ '1.11.1' ],
61 silly audit   picocolors: [ '1.1.1' ],
61 silly audit   picomatch: [ '2.3.1', '4.0.3' ],
61 silly audit   pify: [ '2.3.0' ],
61 silly audit   pirates: [ '4.0.7' ],
61 silly audit   'possible-typed-array-names': [ '1.1.0' ],
61 silly audit   'postcss-import': [ '15.1.0' ],
61 silly audit   'postcss-js': [ '4.0.1' ],
61 silly audit   'postcss-load-config': [ '4.0.2' ],
61 silly audit   'postcss-nested': [ '6.2.0' ],
61 silly audit   'postcss-selector-parser': [ '6.1.2' ],
61 silly audit   'postcss-value-parser': [ '4.2.0' ],
61 silly audit   'prelude-ls': [ '1.2.1' ],
61 silly audit   'prop-types': [ '15.8.1' ],
61 silly audit   punycode: [ '2.3.1' ],
61 silly audit   'queue-microtask': [ '1.2.3' ],
61 silly audit   react: [ '19.0.0' ],
61 silly audit   'react-countup': [ '6.5.3' ],
61 silly audit   'react-dom': [ '19.0.0' ],
61 silly audit   'react-hook-form': [ '7.62.0' ],
61 silly audit   'react-is': [ '16.13.1' ],
61 silly audit   'read-cache': [ '1.0.0' ],
61 silly audit   readdirp: [ '3.6.0' ],
61 silly audit   'reflect.getprototypeof': [ '1.0.10' ],
61 silly audit   'regexp.prototype.flags': [ '1.5.4' ],
61 silly audit   'resolve-from': [ '4.0.0' ],
61 silly audit   'resolve-pkg-maps': [ '1.0.0' ],
61 silly audit   reusify: [ '1.1.0' ],
61 silly audit   rimraf: [ '3.0.2' ],
61 silly audit   'run-parallel': [ '1.2.0' ],
61 silly audit   'safe-array-concat': [ '1.1.3' ],
61 silly audit   'safe-push-apply': [ '1.0.0' ],
61 silly audit   'safe-regex-test': [ '1.1.0' ],
61 silly audit   scheduler: [ '0.25.0' ],
61 silly audit   'set-function-length': [ '1.2.2' ],
61 silly audit   'set-function-name': [ '2.0.2' ],
61 silly audit   'set-proto': [ '1.0.0' ],
61 silly audit   sharp: [ '0.34.3' ],
61 silly audit   'shebang-command': [ '2.0.0' ],
61 silly audit   'shebang-regex': [ '3.0.0' ],
61 silly audit   'side-channel': [ '1.1.0' ],
61 silly audit   'side-channel-list': [ '1.0.0' ],
61 silly audit   'side-channel-map': [ '1.0.1' ],
61 silly audit   'side-channel-weakmap': [ '1.0.2' ],
61 silly audit   'signal-exit': [ '4.1.0' ],
61 silly audit   'simple-swizzle': [ '0.2.2' ],
61 silly audit   'source-map-js': [ '1.2.1' ],
61 silly audit   'stable-hash': [ '0.0.5' ],
61 silly audit   'stop-iteration-iterator': [ '1.1.0' ],
61 silly audit   'string-width': [ '5.1.2', '4.2.3' ],
61 silly audit   'string.prototype.includes': [ '2.0.1' ],
61 silly audit   'string.prototype.matchall': [ '4.0.12' ],
61 silly audit   'string.prototype.repeat': [ '1.0.0' ],
61 silly audit   'string.prototype.trim': [ '1.2.10' ],
61 silly audit   'string.prototype.trimend': [ '1.0.9' ],
61 silly audit   'string.prototype.trimstart': [ '1.0.8' ],
61 silly audit   'strip-bom': [ '3.0.0' ],
61 silly audit   'strip-json-comments': [ '3.1.1' ],
61 silly audit   'styled-jsx': [ '5.1.6' ],
61 silly audit   sucrase: [ '3.35.0' ],
61 silly audit   commander: [ '4.1.1' ],
61 silly audit   'supports-color': [ '7.2.0' ],
61 silly audit   'supports-preserve-symlinks-flag': [ '1.0.0' ],
61 silly audit   tailwindcss: [ '3.4.17' ],
61 silly audit   jiti: [ '1.21.7' ],
61 silly audit   'text-table': [ '0.2.0' ],
61 silly audit   thenify: [ '3.3.1' ],
61 silly audit   'thenify-all': [ '1.6.0' ],
61 silly audit   tinyglobby: [ '0.2.15' ],
61 silly audit   fdir: [ '6.5.0' ],
61 silly audit   'to-regex-range': [ '5.0.1' ],
61 silly audit   'ts-api-utils': [ '2.1.0' ],
61 silly audit   'ts-interface-checker': [ '0.1.13' ],
61 silly audit   'tsconfig-paths': [ '3.15.0' ],
61 silly audit   tslib: [ '2.8.1' ],
61 silly audit   'type-check': [ '0.4.0' ],
61 silly audit   'type-fest': [ '0.20.2' ],
61 silly audit   'typed-array-buffer': [ '1.0.3' ],
61 silly audit   'typed-array-byte-length': [ '1.0.3' ],
61 silly audit   'typed-array-byte-offset': [ '1.0.4' ],
61 silly audit   'typed-array-length': [ '1.0.7' ],
61 silly audit   typescript: [ '5.9.2' ],
61 silly audit   'unbox-primitive': [ '1.1.0' ],
61 silly audit   'undici-types': [ '6.21.0' ],
61 silly audit   'unrs-resolver': [ '1.11.1' ],
61 silly audit   'uri-js': [ '4.4.1' ],
61 silly audit   'util-deprecate': [ '1.0.2' ],
61 silly audit   which: [ '2.0.2' ],
61 silly audit   'which-boxed-primitive': [ '1.1.1' ],
61 silly audit   'which-builtin-type': [ '1.2.1' ],
61 silly audit   'which-collection': [ '1.0.2' ],
61 silly audit   'which-typed-array': [ '1.1.19' ],
61 silly audit   'word-wrap': [ '1.2.5' ],
61 silly audit   'wrap-ansi': [ '8.1.0', '7.0.0' ],
61 silly audit   wrappy: [ '1.0.2' ],
61 silly audit   yaml: [ '2.8.1' ],
61 silly audit   'yocto-queue': [ '0.1.0' ],
61 silly audit   zod: [ '3.25.76' ],
61 silly audit   autoprefixer: [ '10.4.21' ],
61 silly audit   browserslist: [ '4.26.0' ],
61 silly audit   'fraction.js': [ '4.3.7' ],
61 silly audit   'normalize-range': [ '0.1.2' ],
61 silly audit   'baseline-browser-mapping': [ '2.8.2' ],
61 silly audit   'electron-to-chromium': [ '1.5.218' ],
61 silly audit   'node-releases': [ '2.0.21' ],
61 silly audit   'update-browserslist-db': [ '1.1.3' ],
61 silly audit   escalade: [ '3.2.0' ]
61 silly audit }
62 verbose reify failed optional dependency /Users/abel/Desktop/Codename Stealth Project/Website Code/debtoptimizer/node_modules/@unrs/resolver-binding-win32-x64-msvc
63 silly reify mark deleted [
63 silly reify   '/Users/abel/Desktop/Codename Stealth Project/Website Code/debtoptimizer/node_modules/@unrs/resolver-binding-win32-x64-msvc'
63 silly reify ]
64 verbose reify failed optional dependency /Users/abel/Desktop/Codename Stealth Project/Website Code/debtoptimizer/node_modules/@unrs/resolver-binding-win32-ia32-msvc
65 silly reify mark deleted [
65 silly reify   '/Users/abel/Desktop/Codename Stealth Project/Website Code/debtoptimizer/node_modules/@unrs/resolver-binding-win32-ia32-msvc'
65 silly reify ]
66 verbose reify failed optional dependency /Users/abel/Desktop/Codename Stealth Project/Website Code/debtoptimizer/node_modules/@unrs/resolver-binding-win32-arm64-msvc
67 silly reify mark deleted [
67 silly reify   '/Users/abel/Desktop/Codename Stealth Project/Website Code/debtoptimizer/node_modules/@unrs/resolver-binding-win32-arm64-msvc'
67 silly reify ]
68 verbose reify failed optional dependency /Users/abel/Desktop/Codename Stealth Project/Website Code/debtoptimizer/node_modules/@unrs/resolver-binding-wasm32-wasi
69 silly reify mark deleted [
69 silly reify   '/Users/abel/Desktop/Codename Stealth Project/Website Code/debtoptimizer/node_modules/@unrs/resolver-binding-wasm32-wasi'
69 silly reify ]
70 verbose reify failed optional dependency /Users/abel/Desktop/Codename Stealth Project/Website Code/debtoptimizer/node_modules/@napi-rs/wasm-runtime
71 silly reify mark deleted [
71 silly reify   '/Users/abel/Desktop/Codename Stealth Project/Website Code/debtoptimizer/node_modules/@napi-rs/wasm-runtime'
71 silly reify ]
72 verbose reify failed optional dependency /Users/abel/Desktop/Codename Stealth Project/Website Code/debtoptimizer/node_modules/@emnapi/core
73 silly reify mark deleted [
73 silly reify   '/Users/abel/Desktop/Codename Stealth Project/Website Code/debtoptimizer/node_modules/@emnapi/core'
73 silly reify ]
74 verbose reify failed optional dependency /Users/abel/Desktop/Codename Stealth Project/Website Code/debtoptimizer/node_modules/@tybys/wasm-util
75 silly reify mark deleted [
75 silly reify   '/Users/abel/Desktop/Codename Stealth Project/Website Code/debtoptimizer/node_modules/@tybys/wasm-util'
75 silly reify ]
76 verbose reify failed optional dependency /Users/abel/Desktop/Codename Stealth Project/Website Code/debtoptimizer/node_modules/@emnapi/wasi-threads
77 silly reify mark deleted [
77 silly reify   '/Users/abel/Desktop/Codename Stealth Project/Website Code/debtoptimizer/node_modules/@emnapi/wasi-threads'
77 silly reify ]
78 verbose reify failed optional dependency /Users/abel/Desktop/Codename Stealth Project/Website Code/debtoptimizer/node_modules/@unrs/resolver-binding-linux-x64-musl
79 silly reify mark deleted [
79 silly reify   '/Users/abel/Desktop/Codename Stealth Project/Website Code/debtoptimizer/node_modules/@unrs/resolver-binding-linux-x64-musl'
79 silly reify ]
80 verbose reify failed optional dependency /Users/abel/Desktop/Codename Stealth Project/Website Code/debtoptimizer/node_modules/@unrs/resolver-binding-linux-x64-gnu
81 silly reify mark deleted [
81 silly reify   '/Users/abel/Desktop/Codename Stealth Project/Website Code/debtoptimizer/node_modules/@unrs/resolver-binding-linux-x64-gnu'
81 silly reify ]
82 verbose reify failed optional dependency /Users/abel/Desktop/Codename Stealth Project/Website Code/debtoptimizer/node_modules/@unrs/resolver-binding-linux-s390x-gnu
83 silly reify mark deleted [
83 silly reify   '/Users/abel/Desktop/Codename Stealth Project/Website Code/debtoptimizer/node_modules/@unrs/resolver-binding-linux-s390x-gnu'
83 silly reify ]
84 verbose reify failed optional dependency /Users/abel/Desktop/Codename Stealth Project/Website Code/debtoptimizer/node_modules/@unrs/resolver-binding-linux-riscv64-musl
85 silly reify mark deleted [
85 silly reify   '/Users/abel/Desktop/Codename Stealth Project/Website Code/debtoptimizer/node_modules/@unrs/resolver-binding-linux-riscv64-musl'
85 silly reify ]
86 verbose reify failed optional dependency /Users/abel/Desktop/Codename Stealth Project/Website Code/debtoptimizer/node_modules/@unrs/resolver-binding-linux-riscv64-gnu
87 silly reify mark deleted [
87 silly reify   '/Users/abel/Desktop/Codename Stealth Project/Website Code/debtoptimizer/node_modules/@unrs/resolver-binding-linux-riscv64-gnu'
87 silly reify ]
88 verbose reify failed optional dependency /Users/abel/Desktop/Codename Stealth Project/Website Code/debtoptimizer/node_modules/@unrs/resolver-binding-linux-ppc64-gnu
89 silly reify mark deleted [
89 silly reify   '/Users/abel/Desktop/Codename Stealth Project/Website Code/debtoptimizer/node_modules/@unrs/resolver-binding-linux-ppc64-gnu'
89 silly reify ]
90 verbose reify failed optional dependency /Users/abel/Desktop/Codename Stealth Project/Website Code/debtoptimizer/node_modules/@unrs/resolver-binding-linux-arm64-musl
91 silly reify mark deleted [
91 silly reify   '/Users/abel/Desktop/Codename Stealth Project/Website Code/debtoptimizer/node_modules/@unrs/resolver-binding-linux-arm64-musl'
91 silly reify ]
92 verbose reify failed optional dependency /Users/abel/Desktop/Codename Stealth Project/Website Code/debtoptimizer/node_modules/@unrs/resolver-binding-linux-arm64-gnu
93 silly reify mark deleted [
93 silly reify   '/Users/abel/Desktop/Codename Stealth Project/Website Code/debtoptimizer/node_modules/@unrs/resolver-binding-linux-arm64-gnu'
93 silly reify ]
94 verbose reify failed optional dependency /Users/abel/Desktop/Codename Stealth Project/Website Code/debtoptimizer/node_modules/@unrs/resolver-binding-linux-arm-musleabihf
95 silly reify mark deleted [
95 silly reify   '/Users/abel/Desktop/Codename Stealth Project/Website Code/debtoptimizer/node_modules/@unrs/resolver-binding-linux-arm-musleabihf'
95 silly reify ]
96 verbose reify failed optional dependency /Users/abel/Desktop/Codename Stealth Project/Website Code/debtoptimizer/node_modules/@unrs/resolver-binding-linux-arm-gnueabihf
97 silly reify mark deleted [
97 silly reify   '/Users/abel/Desktop/Codename Stealth Project/Website Code/debtoptimizer/node_modules/@unrs/resolver-binding-linux-arm-gnueabihf'
97 silly reify ]
98 verbose reify failed optional dependency /Users/abel/Desktop/Codename Stealth Project/Website Code/debtoptimizer/node_modules/@unrs/resolver-binding-freebsd-x64
99 silly reify mark deleted [
99 silly reify   '/Users/abel/Desktop/Codename Stealth Project/Website Code/debtoptimizer/node_modules/@unrs/resolver-binding-freebsd-x64'
99 silly reify ]
100 verbose reify failed optional dependency /Users/abel/Desktop/Codename Stealth Project/Website Code/debtoptimizer/node_modules/@unrs/resolver-binding-darwin-x64
101 silly reify mark deleted [
101 silly reify   '/Users/abel/Desktop/Codename Stealth Project/Website Code/debtoptimizer/node_modules/@unrs/resolver-binding-darwin-x64'
101 silly reify ]
102 verbose reify failed optional dependency /Users/abel/Desktop/Codename Stealth Project/Website Code/debtoptimizer/node_modules/@unrs/resolver-binding-android-arm64
103 silly reify mark deleted [
103 silly reify   '/Users/abel/Desktop/Codename Stealth Project/Website Code/debtoptimizer/node_modules/@unrs/resolver-binding-android-arm64'
103 silly reify ]
104 verbose reify failed optional dependency /Users/abel/Desktop/Codename Stealth Project/Website Code/debtoptimizer/node_modules/@unrs/resolver-binding-android-arm-eabi
105 silly reify mark deleted [
105 silly reify   '/Users/abel/Desktop/Codename Stealth Project/Website Code/debtoptimizer/node_modules/@unrs/resolver-binding-android-arm-eabi'
105 silly reify ]
106 verbose reify failed optional dependency /Users/abel/Desktop/Codename Stealth Project/Website Code/debtoptimizer/node_modules/@next/swc-win32-x64-msvc
107 silly reify mark deleted [
107 silly reify   '/Users/abel/Desktop/Codename Stealth Project/Website Code/debtoptimizer/node_modules/@next/swc-win32-x64-msvc'
107 silly reify ]
108 verbose reify failed optional dependency /Users/abel/Desktop/Codename Stealth Project/Website Code/debtoptimizer/node_modules/@next/swc-win32-arm64-msvc
109 silly reify mark deleted [
109 silly reify   '/Users/abel/Desktop/Codename Stealth Project/Website Code/debtoptimizer/node_modules/@next/swc-win32-arm64-msvc'
109 silly reify ]
110 verbose reify failed optional dependency /Users/abel/Desktop/Codename Stealth Project/Website Code/debtoptimizer/node_modules/@next/swc-linux-x64-musl
111 silly reify mark deleted [
111 silly reify   '/Users/abel/Desktop/Codename Stealth Project/Website Code/debtoptimizer/node_modules/@next/swc-linux-x64-musl'
111 silly reify ]
112 verbose reify failed optional dependency /Users/abel/Desktop/Codename Stealth Project/Website Code/debtoptimizer/node_modules/@next/swc-linux-x64-gnu
113 silly reify mark deleted [
113 silly reify   '/Users/abel/Desktop/Codename Stealth Project/Website Code/debtoptimizer/node_modules/@next/swc-linux-x64-gnu'
113 silly reify ]
114 verbose reify failed optional dependency /Users/abel/Desktop/Codename Stealth Project/Website Code/debtoptimizer/node_modules/@next/swc-linux-arm64-musl
115 silly reify mark deleted [
115 silly reify   '/Users/abel/Desktop/Codename Stealth Project/Website Code/debtoptimizer/node_modules/@next/swc-linux-arm64-musl'
115 silly reify ]
116 verbose reify failed optional dependency /Users/abel/Desktop/Codename Stealth Project/Website Code/debtoptimizer/node_modules/@next/swc-linux-arm64-gnu
117 silly reify mark deleted [
117 silly reify   '/Users/abel/Desktop/Codename Stealth Project/Website Code/debtoptimizer/node_modules/@next/swc-linux-arm64-gnu'
117 silly reify ]
118 verbose reify failed optional dependency /Users/abel/Desktop/Codename Stealth Project/Website Code/debtoptimizer/node_modules/@next/swc-darwin-x64
119 silly reify mark deleted [
119 silly reify   '/Users/abel/Desktop/Codename Stealth Project/Website Code/debtoptimizer/node_modules/@next/swc-darwin-x64'
119 silly reify ]
120 verbose reify failed optional dependency /Users/abel/Desktop/Codename Stealth Project/Website Code/debtoptimizer/node_modules/@img/sharp-win32-x64
121 silly reify mark deleted [
121 silly reify   '/Users/abel/Desktop/Codename Stealth Project/Website Code/debtoptimizer/node_modules/@img/sharp-win32-x64'
121 silly reify ]
122 verbose reify failed optional dependency /Users/abel/Desktop/Codename Stealth Project/Website Code/debtoptimizer/node_modules/@img/sharp-win32-ia32
123 silly reify mark deleted [
123 silly reify   '/Users/abel/Desktop/Codename Stealth Project/Website Code/debtoptimizer/node_modules/@img/sharp-win32-ia32'
123 silly reify ]
124 verbose reify failed optional dependency /Users/abel/Desktop/Codename Stealth Project/Website Code/debtoptimizer/node_modules/@img/sharp-win32-arm64
125 silly reify mark deleted [
125 silly reify   '/Users/abel/Desktop/Codename Stealth Project/Website Code/debtoptimizer/node_modules/@img/sharp-win32-arm64'
125 silly reify ]
126 verbose reify failed optional dependency /Users/abel/Desktop/Codename Stealth Project/Website Code/debtoptimizer/node_modules/@img/sharp-wasm32
127 silly reify mark deleted [
127 silly reify   '/Users/abel/Desktop/Codename Stealth Project/Website Code/debtoptimizer/node_modules/@img/sharp-wasm32'
127 silly reify ]
128 verbose reify failed optional dependency /Users/abel/Desktop/Codename Stealth Project/Website Code/debtoptimizer/node_modules/@img/sharp-linuxmusl-x64
129 silly reify mark deleted [
129 silly reify   '/Users/abel/Desktop/Codename Stealth Project/Website Code/debtoptimizer/node_modules/@img/sharp-linuxmusl-x64'
129 silly reify ]
130 verbose reify failed optional dependency /Users/abel/Desktop/Codename Stealth Project/Website Code/debtoptimizer/node_modules/@img/sharp-linuxmusl-arm64
131 silly reify mark deleted [
131 silly reify   '/Users/abel/Desktop/Codename Stealth Project/Website Code/debtoptimizer/node_modules/@img/sharp-linuxmusl-arm64'
131 silly reify ]
132 verbose reify failed optional dependency /Users/abel/Desktop/Codename Stealth Project/Website Code/debtoptimizer/node_modules/@img/sharp-linux-x64
133 silly reify mark deleted [
133 silly reify   '/Users/abel/Desktop/Codename Stealth Project/Website Code/debtoptimizer/node_modules/@img/sharp-linux-x64'
133 silly reify ]
134 verbose reify failed optional dependency /Users/abel/Desktop/Codename Stealth Project/Website Code/debtoptimizer/node_modules/@img/sharp-linux-s390x
135 silly reify mark deleted [
135 silly reify   '/Users/abel/Desktop/Codename Stealth Project/Website Code/debtoptimizer/node_modules/@img/sharp-linux-s390x'
135 silly reify ]
136 verbose reify failed optional dependency /Users/abel/Desktop/Codename Stealth Project/Website Code/debtoptimizer/node_modules/@img/sharp-linux-ppc64
137 silly reify mark deleted [
137 silly reify   '/Users/abel/Desktop/Codename Stealth Project/Website Code/debtoptimizer/node_modules/@img/sharp-linux-ppc64'
137 silly reify ]
138 verbose reify failed optional dependency /Users/abel/Desktop/Codename Stealth Project/Website Code/debtoptimizer/node_modules/@img/sharp-linux-arm64
139 silly reify mark deleted [
139 silly reify   '/Users/abel/Desktop/Codename Stealth Project/Website Code/debtoptimizer/node_modules/@img/sharp-linux-arm64'
139 silly reify ]
140 verbose reify failed optional dependency /Users/abel/Desktop/Codename Stealth Project/Website Code/debtoptimizer/node_modules/@img/sharp-linux-arm
141 silly reify mark deleted [
141 silly reify   '/Users/abel/Desktop/Codename Stealth Project/Website Code/debtoptimizer/node_modules/@img/sharp-linux-arm'
141 silly reify ]
142 verbose reify failed optional dependency /Users/abel/Desktop/Codename Stealth Project/Website Code/debtoptimizer/node_modules/@img/sharp-libvips-linuxmusl-x64
143 silly reify mark deleted [
143 silly reify   '/Users/abel/Desktop/Codename Stealth Project/Website Code/debtoptimizer/node_modules/@img/sharp-libvips-linuxmusl-x64'
143 silly reify ]
144 verbose reify failed optional dependency /Users/abel/Desktop/Codename Stealth Project/Website Code/debtoptimizer/node_modules/@img/sharp-libvips-linuxmusl-arm64
145 silly reify mark deleted [
145 silly reify   '/Users/abel/Desktop/Codename Stealth Project/Website Code/debtoptimizer/node_modules/@img/sharp-libvips-linuxmusl-arm64'
145 silly reify ]
146 verbose reify failed optional dependency /Users/abel/Desktop/Codename Stealth Project/Website Code/debtoptimizer/node_modules/@img/sharp-libvips-linux-x64
147 silly reify mark deleted [
147 silly reify   '/Users/abel/Desktop/Codename Stealth Project/Website Code/debtoptimizer/node_modules/@img/sharp-libvips-linux-x64'
147 silly reify ]
148 verbose reify failed optional dependency /Users/abel/Desktop/Codename Stealth Project/Website Code/debtoptimizer/node_modules/@img/sharp-libvips-linux-s390x
149 silly reify mark deleted [
149 silly reify   '/Users/abel/Desktop/Codename Stealth Project/Website Code/debtoptimizer/node_modules/@img/sharp-libvips-linux-s390x'
149 silly reify ]
150 verbose reify failed optional dependency /Users/abel/Desktop/Codename Stealth Project/Website Code/debtoptimizer/node_modules/@img/sharp-libvips-linux-ppc64
151 silly reify mark deleted [
151 silly reify   '/Users/abel/Desktop/Codename Stealth Project/Website Code/debtoptimizer/node_modules/@img/sharp-libvips-linux-ppc64'
151 silly reify ]
152 verbose reify failed optional dependency /Users/abel/Desktop/Codename Stealth Project/Website Code/debtoptimizer/node_modules/@img/sharp-libvips-linux-arm64
153 silly reify mark deleted [
153 silly reify   '/Users/abel/Desktop/Codename Stealth Project/Website Code/debtoptimizer/node_modules/@img/sharp-libvips-linux-arm64'
153 silly reify ]
154 verbose reify failed optional dependency /Users/abel/Desktop/Codename Stealth Project/Website Code/debtoptimizer/node_modules/@img/sharp-libvips-linux-arm
155 silly reify mark deleted [
155 silly reify   '/Users/abel/Desktop/Codename Stealth Project/Website Code/debtoptimizer/node_modules/@img/sharp-libvips-linux-arm'
155 silly reify ]
156 verbose reify failed optional dependency /Users/abel/Desktop/Codename Stealth Project/Website Code/debtoptimizer/node_modules/@img/sharp-libvips-darwin-x64
157 silly reify mark deleted [
157 silly reify   '/Users/abel/Desktop/Codename Stealth Project/Website Code/debtoptimizer/node_modules/@img/sharp-libvips-darwin-x64'
157 silly reify ]
158 verbose reify failed optional dependency /Users/abel/Desktop/Codename Stealth Project/Website Code/debtoptimizer/node_modules/@img/sharp-darwin-x64
159 silly reify mark deleted [
159 silly reify   '/Users/abel/Desktop/Codename Stealth Project/Website Code/debtoptimizer/node_modules/@img/sharp-darwin-x64'
159 silly reify ]
160 http cache escalade@https://registry.npmjs.org/escalade/-/escalade-3.2.0.tgz 0ms (cache hit)
161 http cache node-releases@https://registry.npmjs.org/node-releases/-/node-releases-2.0.21.tgz 0ms (cache hit)
162 http cache update-browserslist-db@https://registry.npmjs.org/update-browserslist-db/-/update-browserslist-db-1.1.3.tgz 0ms (cache hit)
163 http cache normalize-range@https://registry.npmjs.org/normalize-range/-/normalize-range-0.1.2.tgz 0ms (cache hit)
164 http cache baseline-browser-mapping@https://registry.npmjs.org/baseline-browser-mapping/-/baseline-browser-mapping-2.8.2.tgz 0ms (cache hit)
165 http cache electron-to-chromium@https://registry.npmjs.org/electron-to-chromium/-/electron-to-chromium-1.5.218.tgz 0ms (cache hit)
166 http cache browserslist@https://registry.npmjs.org/browserslist/-/browserslist-4.26.0.tgz 0ms (cache hit)
167 http cache autoprefixer@https://registry.npmjs.org/autoprefixer/-/autoprefixer-10.4.21.tgz 0ms (cache hit)
168 http cache @tybys/wasm-util@https://registry.npmjs.org/@tybys/wasm-util/-/wasm-util-0.10.1.tgz 0ms (cache hit)
169 http cache @napi-rs/wasm-runtime@https://registry.npmjs.org/@napi-rs/wasm-runtime/-/wasm-runtime-0.2.12.tgz 0ms (cache hit)
170 http cache @emnapi/wasi-threads@https://registry.npmjs.org/@emnapi/wasi-threads/-/wasi-threads-1.1.0.tgz 0ms (cache hit)
171 http cache fraction.js@https://registry.npmjs.org/fraction.js/-/fraction.js-4.3.7.tgz 0ms (cache hit)
172 http cache @emnapi/core@https://registry.npmjs.org/@emnapi/core/-/core-1.5.0.tgz 0ms (cache hit)
173 silly tarball no local data for escalade@https://registry.npmjs.org/escalade/-/escalade-3.2.0.tgz. Extracting by manifest.
174 silly tarball no local data for node-releases@https://registry.npmjs.org/node-releases/-/node-releases-2.0.21.tgz. Extracting by manifest.
175 silly tarball no local data for electron-to-chromium@https://registry.npmjs.org/electron-to-chromium/-/electron-to-chromium-1.5.218.tgz. Extracting by manifest.
176 silly tarball no local data for normalize-range@https://registry.npmjs.org/normalize-range/-/normalize-range-0.1.2.tgz. Extracting by manifest.
177 silly tarball no local data for baseline-browser-mapping@https://registry.npmjs.org/baseline-browser-mapping/-/baseline-browser-mapping-2.8.2.tgz. Extracting by manifest.
178 silly tarball no local data for browserslist@https://registry.npmjs.org/browserslist/-/browserslist-4.26.0.tgz. Extracting by manifest.
179 silly tarball no local data for update-browserslist-db@https://registry.npmjs.org/update-browserslist-db/-/update-browserslist-db-1.1.3.tgz. Extracting by manifest.
180 silly tarball no local data for autoprefixer@https://registry.npmjs.org/autoprefixer/-/autoprefixer-10.4.21.tgz. Extracting by manifest.
181 silly tarball no local data for fraction.js@https://registry.npmjs.org/fraction.js/-/fraction.js-4.3.7.tgz. Extracting by manifest.
182 http fetch GET 200 https://registry.npmjs.org/escalade/-/escalade-3.2.0.tgz 52ms (cache miss)
183 http fetch GET 200 https://registry.npmjs.org/node-releases/-/node-releases-2.0.21.tgz 56ms (cache miss)
184 http fetch GET 200 https://registry.npmjs.org/electron-to-chromium/-/electron-to-chromium-1.5.218.tgz 56ms (cache miss)
185 http fetch GET 200 https://registry.npmjs.org/browserslist/-/browserslist-4.26.0.tgz 80ms (cache miss)
186 http fetch GET 200 https://registry.npmjs.org/fraction.js/-/fraction.js-4.3.7.tgz 102ms (cache miss)
187 http fetch POST 200 https://registry.npmjs.org/-/npm/v1/security/advisories/bulk 117ms
188 silly audit report {}
189 http fetch GET 200 https://registry.npmjs.org/update-browserslist-db/-/update-browserslist-db-1.1.3.tgz 109ms (cache miss)
190 http fetch GET 200 https://registry.npmjs.org/normalize-range/-/normalize-range-0.1.2.tgz 115ms (cache miss)
191 http fetch GET 200 https://registry.npmjs.org/baseline-browser-mapping/-/baseline-browser-mapping-2.8.2.tgz 126ms (cache miss)
192 http fetch GET 200 https://registry.npmjs.org/autoprefixer/-/autoprefixer-10.4.21.tgz 169ms (cache miss)
193 silly ADD node_modules/escalade
194 silly ADD node_modules/update-browserslist-db
195 silly ADD node_modules/node-releases
196 silly ADD node_modules/electron-to-chromium
197 silly ADD node_modules/baseline-browser-mapping
198 silly ADD node_modules/normalize-range
199 silly ADD node_modules/fraction.js
200 silly ADD node_modules/browserslist
201 silly ADD node_modules/autoprefixer
202 silly ADD
203 silly ADD
204 silly ADD
205 silly ADD
206 silly ADD
207 silly ADD
208 silly ADD
209 silly ADD
210 silly ADD
211 silly ADD
212 silly ADD
213 silly ADD
214 silly ADD
215 silly ADD
216 silly ADD
217 silly ADD
218 silly ADD
219 silly ADD
220 silly ADD
221 silly ADD
222 silly ADD
223 silly ADD
224 silly ADD
225 silly ADD
226 silly ADD
227 silly ADD
228 silly ADD
229 silly ADD
230 silly ADD
231 silly ADD
232 silly ADD
233 silly ADD
234 silly ADD
235 silly ADD
236 silly ADD
237 silly ADD
238 silly ADD
239 silly ADD
240 silly ADD
241 silly ADD
242 silly ADD
243 silly ADD
244 silly ADD
245 silly ADD
246 silly ADD
247 silly ADD
248 silly ADD
249 silly ADD
250 silly ADD
251 verbose cwd /Users/abel/Desktop/Codename Stealth Project/Website Code/debtoptimizer
252 verbose os Darwin 23.1.0
253 verbose node v22.15.1
254 verbose npm  v10.9.2
255 verbose exit 0
256 info ok
