0 verbose cli /usr/local/bin/node /usr/local/bin/npm
1 info using npm@10.9.2
2 info using node@v22.15.1
3 silly config load:file:/usr/local/lib/node_modules/npm/npmrc
4 silly config load:file:/Users/abel/Desktop/Codename Stealth Project/Website Code/debtoptimizer/.npmrc
5 silly config load:file:/Users/abel/.npmrc
6 silly config load:file:/usr/local/etc/npmrc
7 verbose title npm i @headlessui/react lucide-react react-hook-form zod @hookform/resolvers framer-motion react-countup
8 verbose argv "i" "@headlessui/react" "lucide-react" "react-hook-form" "zod" "@hookform/resolvers" "framer-motion" "react-countup"
9 verbose logfile logs-max:10 dir:/Users/abel/Desktop/Codename Stealth Project/Website Code/debtoptimizer/.npm-cache/_logs/2025-09-12T03_45_35_993Z-
10 verbose logfile /Users/abel/Desktop/Codename Stealth Project/Website Code/debtoptimizer/.npm-cache/_logs/2025-09-12T03_45_35_993Z-debug-0.log
11 silly logfile done cleaning log files
12 silly packumentCache heap:4345298944 maxSize:1086324736 maxEntrySize:543162368
13 silly idealTree buildDeps
14 silly fetch manifest @headlessui/react@*
15 silly packumentCache full:https://registry.npmjs.org/@headlessui%2freact cache-miss
16 verbose shrinkwrap failed to load node_modules/.package-lock.json out of date, updated: node_modules
17 http fetch GET 200 https://registry.npmjs.org/npm 357ms
18 http fetch GET 200 https://registry.npmjs.org/@headlessui%2freact 252ms (cache miss)
19 silly packumentCache full:https://registry.npmjs.org/@headlessui%2freact set size:undefined disposed:false
20 silly fetch manifest react@19.1.0
21 silly packumentCache full:https://registry.npmjs.org/react cache-miss
22 http fetch GET 200 https://registry.npmjs.org/react 196ms (cache miss)
23 silly packumentCache full:https://registry.npmjs.org/react set size:undefined disposed:false
24 silly fetch manifest react-dom@19.1.0
25 silly packumentCache full:https://registry.npmjs.org/react-dom cache-miss
26 http fetch GET 200 https://registry.npmjs.org/react-dom 175ms (cache miss)
27 silly packumentCache full:https://registry.npmjs.org/react-dom set size:undefined disposed:false
28 silly fetch manifest lucide-react@*
29 silly packumentCache full:https://registry.npmjs.org/lucide-react cache-miss
30 http fetch GET 200 https://registry.npmjs.org/lucide-react 73ms (cache miss)
31 silly packumentCache full:https://registry.npmjs.org/lucide-react set size:undefined disposed:false
32 silly fetch manifest react-hook-form@*
33 silly packumentCache full:https://registry.npmjs.org/react-hook-form cache-miss
34 http fetch GET 200 https://registry.npmjs.org/react-hook-form 162ms (cache miss)
35 silly packumentCache full:https://registry.npmjs.org/react-hook-form set size:undefined disposed:false
36 silly fetch manifest zod@*
37 silly packumentCache full:https://registry.npmjs.org/zod cache-miss
38 http fetch GET 200 https://registry.npmjs.org/zod 85ms (cache miss)
39 silly packumentCache full:https://registry.npmjs.org/zod set size:undefined disposed:false
40 silly fetch manifest @hookform/resolvers@*
41 silly packumentCache full:https://registry.npmjs.org/@hookform%2fresolvers cache-miss
42 http fetch GET 200 https://registry.npmjs.org/@hookform%2fresolvers 74ms (cache miss)
43 silly packumentCache full:https://registry.npmjs.org/@hookform%2fresolvers set size:undefined disposed:false
44 silly fetch manifest framer-motion@*
45 silly packumentCache full:https://registry.npmjs.org/framer-motion cache-miss
46 http fetch GET 200 https://registry.npmjs.org/framer-motion 167ms (cache miss)
47 silly packumentCache full:https://registry.npmjs.org/framer-motion set size:undefined disposed:false
48 silly fetch manifest @emotion/is-prop-valid@*
49 silly packumentCache full:https://registry.npmjs.org/@emotion%2fis-prop-valid cache-miss
50 http fetch GET 200 https://registry.npmjs.org/@emotion%2fis-prop-valid 95ms (cache miss)
51 silly packumentCache full:https://registry.npmjs.org/@emotion%2fis-prop-valid set size:undefined disposed:false
52 silly fetch manifest react-countup@*
53 silly packumentCache full:https://registry.npmjs.org/react-countup cache-miss
54 http fetch GET 200 https://registry.npmjs.org/react-countup 56ms (cache miss)
55 silly packumentCache full:https://registry.npmjs.org/react-countup set size:undefined disposed:false
56 silly placeDep ROOT @headlessui/react@2.2.7 OK for: debtoptimizer@0.1.0 want: *
57 silly placeDep ROOT @hookform/resolvers@5.2.1 OK for: debtoptimizer@0.1.0 want: *
58 silly placeDep ROOT react-hook-form@7.62.0 OK for: @hookform/resolvers@5.2.1 want: ^7.55.0
59 silly placeDep ROOT framer-motion@12.23.12 OK for: debtoptimizer@0.1.0 want: *
60 silly placeDep ROOT lucide-react@0.544.0 OK for: debtoptimizer@0.1.0 want: *
61 silly placeDep ROOT react-countup@6.5.3 OK for: debtoptimizer@0.1.0 want: *
62 silly placeDep ROOT react-hook-form@7.62.0 REPLACE for: debtoptimizer@0.1.0 want: *
63 silly placeDep ROOT zod@4.1.8 OK for: debtoptimizer@0.1.0 want: *
64 silly fetch manifest @react-aria/focus@^3.20.2
65 silly packumentCache full:https://registry.npmjs.org/@react-aria%2ffocus cache-miss
66 silly fetch manifest @floating-ui/react@^0.26.16
67 silly packumentCache full:https://registry.npmjs.org/@floating-ui%2freact cache-miss
68 silly fetch manifest @tanstack/react-virtual@^3.13.9
69 silly packumentCache full:https://registry.npmjs.org/@tanstack%2freact-virtual cache-miss
70 silly fetch manifest use-sync-external-store@^1.5.0
71 silly packumentCache full:https://registry.npmjs.org/use-sync-external-store cache-miss
72 silly fetch manifest @react-aria/interactions@^3.25.0
73 silly packumentCache full:https://registry.npmjs.org/@react-aria%2finteractions cache-miss
74 silly fetch manifest @standard-schema/utils@^0.3.0
75 silly packumentCache full:https://registry.npmjs.org/@standard-schema%2futils cache-miss
76 silly fetch manifest motion-dom@^12.23.12
77 silly packumentCache full:https://registry.npmjs.org/motion-dom cache-miss
78 silly fetch manifest motion-utils@^12.23.6
79 silly packumentCache full:https://registry.npmjs.org/motion-utils cache-miss
80 silly fetch manifest countup.js@^2.8.0
81 silly packumentCache full:https://registry.npmjs.org/countup.js cache-miss
82 http fetch GET 200 https://registry.npmjs.org/@tanstack%2freact-virtual 68ms (cache miss)
83 silly packumentCache full:https://registry.npmjs.org/@tanstack%2freact-virtual set size:undefined disposed:false
84 http fetch GET 200 https://registry.npmjs.org/motion-utils 76ms (cache miss)
85 silly packumentCache full:https://registry.npmjs.org/motion-utils set size:undefined disposed:false
86 http fetch GET 200 https://registry.npmjs.org/countup.js 93ms (cache miss)
87 silly packumentCache full:https://registry.npmjs.org/countup.js set size:undefined disposed:false
88 http fetch GET 200 https://registry.npmjs.org/@standard-schema%2futils 95ms (cache miss)
89 silly packumentCache full:https://registry.npmjs.org/@standard-schema%2futils set size:undefined disposed:false
90 http fetch GET 200 https://registry.npmjs.org/motion-dom 144ms (cache miss)
91 silly packumentCache full:https://registry.npmjs.org/motion-dom set size:undefined disposed:false
92 http fetch GET 200 https://registry.npmjs.org/use-sync-external-store 218ms (cache miss)
93 silly packumentCache full:https://registry.npmjs.org/use-sync-external-store set size:undefined disposed:false
94 http fetch GET 200 https://registry.npmjs.org/@react-aria%2ffocus 255ms (cache miss)
95 silly packumentCache full:https://registry.npmjs.org/@react-aria%2ffocus set size:undefined disposed:false
96 http fetch GET 200 https://registry.npmjs.org/@react-aria%2finteractions 265ms (cache miss)
97 silly packumentCache full:https://registry.npmjs.org/@react-aria%2finteractions set size:undefined disposed:false
98 http fetch GET 200 https://registry.npmjs.org/@floating-ui%2freact 543ms (cache miss)
99 silly packumentCache full:https://registry.npmjs.org/@floating-ui%2freact set size:undefined disposed:false
100 silly fetch manifest react@^18 || ^19 || ^19.0.0-rc
101 silly packumentCache full:https://registry.npmjs.org/react cache-miss
102 http cache https://registry.npmjs.org/react 12ms (cache hit)
103 silly packumentCache full:https://registry.npmjs.org/react set size:6037189 disposed:false
104 silly fetch manifest react-dom@^18 || ^19 || ^19.0.0-rc
105 silly packumentCache full:https://registry.npmjs.org/react-dom cache-miss
106 http cache https://registry.npmjs.org/react-dom 14ms (cache hit)
107 silly packumentCache full:https://registry.npmjs.org/react-dom set size:7817211 disposed:false
108 silly placeDep ROOT @floating-ui/react@0.26.28 OK for: @headlessui/react@2.2.7 want: ^0.26.16
109 silly placeDep ROOT @react-aria/focus@3.21.1 OK for: @headlessui/react@2.2.7 want: ^3.20.2
110 silly placeDep ROOT @react-aria/interactions@3.25.5 OK for: @headlessui/react@2.2.7 want: ^3.25.0
111 silly placeDep ROOT @tanstack/react-virtual@3.13.12 OK for: @headlessui/react@2.2.7 want: ^3.13.9
112 silly placeDep ROOT use-sync-external-store@1.5.0 OK for: @headlessui/react@2.2.7 want: ^1.5.0
113 silly fetch manifest tabbable@^6.0.0
114 silly packumentCache full:https://registry.npmjs.org/tabbable cache-miss
115 silly fetch manifest @floating-ui/utils@^0.2.8
116 silly packumentCache full:https://registry.npmjs.org/@floating-ui%2futils cache-miss
117 silly fetch manifest @floating-ui/react-dom@^2.1.2
118 silly packumentCache full:https://registry.npmjs.org/@floating-ui%2freact-dom cache-miss
119 silly fetch manifest clsx@^2.0.0
120 silly packumentCache full:https://registry.npmjs.org/clsx cache-miss
121 silly fetch manifest @react-aria/utils@^3.30.1
122 silly packumentCache full:https://registry.npmjs.org/@react-aria%2futils cache-miss
123 silly fetch manifest @react-types/shared@^3.32.0
124 silly packumentCache full:https://registry.npmjs.org/@react-types%2fshared cache-miss
125 silly fetch manifest @react-aria/interactions@^3.25.5
126 silly packumentCache full:https://registry.npmjs.org/@react-aria%2finteractions cache-miss
127 silly fetch manifest @react-aria/ssr@^3.9.10
128 silly packumentCache full:https://registry.npmjs.org/@react-aria%2fssr cache-miss
129 silly fetch manifest @react-aria/utils@^3.30.1
130 silly packumentCache full:https://registry.npmjs.org/@react-aria%2futils cache-miss
131 silly fetch manifest @react-types/shared@^3.32.0
132 silly packumentCache full:https://registry.npmjs.org/@react-types%2fshared cache-miss
133 http cache https://registry.npmjs.org/@react-aria%2finteractions 9ms (cache hit)
134 silly packumentCache full:https://registry.npmjs.org/@react-aria%2finteractions set size:2592495 disposed:false
135 silly fetch manifest @react-stately/flags@^3.1.2
136 silly packumentCache full:https://registry.npmjs.org/@react-stately%2fflags cache-miss
137 http fetch GET 200 https://registry.npmjs.org/clsx 40ms (cache miss)
138 silly packumentCache full:https://registry.npmjs.org/clsx set size:undefined disposed:false
139 silly fetch manifest @tanstack/virtual-core@3.13.12
140 silly packumentCache full:https://registry.npmjs.org/@tanstack%2fvirtual-core cache-miss
141 http fetch GET 200 https://registry.npmjs.org/@floating-ui%2freact-dom 163ms (cache miss)
142 silly packumentCache full:https://registry.npmjs.org/@floating-ui%2freact-dom set size:undefined disposed:false
143 http fetch GET 200 https://registry.npmjs.org/tabbable 206ms (cache miss)
144 silly packumentCache full:https://registry.npmjs.org/tabbable set size:undefined disposed:false
145 http fetch GET 200 https://registry.npmjs.org/@react-types%2fshared 279ms (cache miss)
146 silly packumentCache full:https://registry.npmjs.org/@react-types%2fshared set size:undefined disposed:false
147 http fetch GET 200 https://registry.npmjs.org/@react-stately%2fflags 280ms (cache miss)
148 silly packumentCache full:https://registry.npmjs.org/@react-stately%2fflags set size:undefined disposed:false
149 http fetch GET 200 https://registry.npmjs.org/@react-types%2fshared 306ms (cache miss)
150 silly packumentCache full:https://registry.npmjs.org/@react-types%2fshared set size:undefined disposed:false
151 http fetch GET 200 https://registry.npmjs.org/@react-aria%2fssr 313ms (cache miss)
152 silly packumentCache full:https://registry.npmjs.org/@react-aria%2fssr set size:undefined disposed:false
153 http fetch GET 200 https://registry.npmjs.org/@floating-ui%2futils 325ms (cache miss)
154 silly packumentCache full:https://registry.npmjs.org/@floating-ui%2futils set size:undefined disposed:false
155 http fetch GET 200 https://registry.npmjs.org/@react-aria%2futils 330ms (cache miss)
156 silly packumentCache full:https://registry.npmjs.org/@react-aria%2futils set size:undefined disposed:false
157 http fetch GET 200 https://registry.npmjs.org/@react-aria%2futils 342ms (cache miss)
158 silly packumentCache full:https://registry.npmjs.org/@react-aria%2futils set size:undefined disposed:false
159 http fetch GET 200 https://registry.npmjs.org/@tanstack%2fvirtual-core 345ms (cache miss)
160 silly packumentCache full:https://registry.npmjs.org/@tanstack%2fvirtual-core set size:undefined disposed:false
161 silly fetch manifest react@>=16.8.0
162 silly packumentCache full:https://registry.npmjs.org/react cache-miss
163 http cache https://registry.npmjs.org/react 8ms (cache hit)
164 silly packumentCache full:https://registry.npmjs.org/react set size:6037189 disposed:false
165 silly fetch manifest react-dom@>=16.8.0
166 silly packumentCache full:https://registry.npmjs.org/react-dom cache-miss
167 http cache https://registry.npmjs.org/react-dom 10ms (cache hit)
168 silly packumentCache full:https://registry.npmjs.org/react-dom set size:7817211 disposed:false
169 silly placeDep ROOT @floating-ui/react-dom@2.1.6 OK for: @floating-ui/react@0.26.28 want: ^2.1.2
170 silly placeDep ROOT @floating-ui/utils@0.2.10 OK for: @floating-ui/react@0.26.28 want: ^0.2.8
171 silly placeDep ROOT tabbable@6.2.0 OK for: @floating-ui/react@0.26.28 want: ^6.0.0
172 silly fetch manifest @floating-ui/dom@^1.7.4
173 silly packumentCache full:https://registry.npmjs.org/@floating-ui%2fdom cache-miss
174 http fetch GET 200 https://registry.npmjs.org/@floating-ui%2fdom 80ms (cache miss)
175 silly packumentCache full:https://registry.npmjs.org/@floating-ui%2fdom set size:undefined disposed:false
176 silly placeDep ROOT @floating-ui/dom@1.7.4 OK for: @floating-ui/react-dom@2.1.6 want: ^1.7.4
177 silly fetch manifest @floating-ui/core@^1.7.3
178 silly packumentCache full:https://registry.npmjs.org/@floating-ui%2fcore cache-miss
179 http fetch GET 200 https://registry.npmjs.org/@floating-ui%2fcore 102ms (cache miss)
180 silly packumentCache full:https://registry.npmjs.org/@floating-ui%2fcore set size:undefined disposed:false
181 silly placeDep ROOT @floating-ui/core@1.7.3 OK for: @floating-ui/dom@1.7.4 want: ^1.7.3
182 silly placeDep ROOT @standard-schema/utils@0.3.0 OK for: @hookform/resolvers@5.2.1 want: ^0.3.0
183 silly fetch manifest react@^16.8.0 || ^17.0.0-rc.1 || ^18.0.0 || ^19.0.0-rc.1
184 silly packumentCache full:https://registry.npmjs.org/react cache-miss
185 http cache https://registry.npmjs.org/react 9ms (cache hit)
186 silly packumentCache full:https://registry.npmjs.org/react set size:6037189 disposed:false
187 silly fetch manifest react-dom@^16.8.0 || ^17.0.0-rc.1 || ^18.0.0 || ^19.0.0-rc.1
188 silly packumentCache full:https://registry.npmjs.org/react-dom cache-miss
189 http cache https://registry.npmjs.org/react-dom 11ms (cache hit)
190 silly packumentCache full:https://registry.npmjs.org/react-dom set size:7817211 disposed:false
191 silly placeDep ROOT @react-aria/utils@3.30.1 OK for: @react-aria/focus@3.21.1 want: ^3.30.1
192 silly placeDep ROOT @react-types/shared@3.32.0 OK for: @react-aria/focus@3.21.1 want: ^3.32.0
193 silly placeDep ROOT clsx@2.1.1 OK for: @react-aria/focus@3.21.1 want: ^2.0.0
194 silly fetch manifest @react-stately/utils@^3.10.8
195 silly packumentCache full:https://registry.npmjs.org/@react-stately%2futils cache-miss
196 http fetch GET 200 https://registry.npmjs.org/@react-stately%2futils 123ms (cache miss)
197 silly packumentCache full:https://registry.npmjs.org/@react-stately%2futils set size:undefined disposed:false
198 silly placeDep ROOT @react-aria/ssr@3.9.10 OK for: @react-aria/interactions@3.25.5 want: ^3.9.10
199 silly placeDep ROOT @react-stately/flags@3.1.2 OK for: @react-aria/interactions@3.25.5 want: ^3.1.2
200 silly placeDep ROOT @react-stately/utils@3.10.8 OK for: @react-aria/utils@3.30.1 want: ^3.10.8
201 silly placeDep ROOT @tanstack/virtual-core@3.13.12 OK for: @tanstack/react-virtual@3.13.12 want: 3.13.12
202 silly placeDep ROOT motion-dom@12.23.12 OK for: framer-motion@12.23.12 want: ^12.23.12
203 silly placeDep ROOT motion-utils@12.23.6 OK for: framer-motion@12.23.12 want: ^12.23.6
204 silly placeDep ROOT countup.js@2.9.0 OK for: react-countup@6.5.3 want: ^2.8.0
205 silly reify moves {}
206 verbose reify failed optional dependency /Users/abel/Desktop/Codename Stealth Project/Website Code/debtoptimizer/node_modules/@tailwindcss/oxide-wasm32-wasi
207 silly reify mark deleted [
207 silly reify   '/Users/abel/Desktop/Codename Stealth Project/Website Code/debtoptimizer/node_modules/@tailwindcss/oxide-wasm32-wasi'
207 silly reify ]
208 silly audit bulk request {
208 silly audit   '@alloc/quick-lru': [ '5.2.0' ],
208 silly audit   '@emnapi/core': [ '1.5.0' ],
208 silly audit   '@emnapi/runtime': [ '1.5.0' ],
208 silly audit   '@emnapi/wasi-threads': [ '1.1.0' ],
208 silly audit   '@eslint-community/eslint-utils': [ '4.9.0' ],
208 silly audit   'eslint-visitor-keys': [ '3.4.3', '4.2.1' ],
208 silly audit   '@eslint-community/regexpp': [ '4.12.1' ],
208 silly audit   '@eslint/config-array': [ '0.21.0' ],
208 silly audit   '@eslint/config-helpers': [ '0.3.1' ],
208 silly audit   '@eslint/core': [ '0.15.2' ],
208 silly audit   '@eslint/eslintrc': [ '3.3.1' ],
208 silly audit   '@eslint/js': [ '9.35.0' ],
208 silly audit   '@eslint/object-schema': [ '2.1.6' ],
208 silly audit   '@eslint/plugin-kit': [ '0.3.5' ],
208 silly audit   '@humanfs/core': [ '0.19.1' ],
208 silly audit   '@humanfs/node': [ '0.16.7' ],
208 silly audit   '@humanwhocodes/module-importer': [ '1.0.1' ],
208 silly audit   '@humanwhocodes/retry': [ '0.4.3' ],
208 silly audit   '@img/sharp-darwin-arm64': [ '0.34.3' ],
208 silly audit   '@img/sharp-darwin-x64': [ '0.34.3' ],
208 silly audit   '@img/sharp-libvips-darwin-arm64': [ '1.2.0' ],
208 silly audit   '@img/sharp-libvips-darwin-x64': [ '1.2.0' ],
208 silly audit   '@img/sharp-libvips-linux-arm': [ '1.2.0' ],
208 silly audit   '@img/sharp-libvips-linux-arm64': [ '1.2.0' ],
208 silly audit   '@img/sharp-libvips-linux-ppc64': [ '1.2.0' ],
208 silly audit   '@img/sharp-libvips-linux-s390x': [ '1.2.0' ],
208 silly audit   '@img/sharp-libvips-linux-x64': [ '1.2.0' ],
208 silly audit   '@img/sharp-libvips-linuxmusl-arm64': [ '1.2.0' ],
208 silly audit   '@img/sharp-libvips-linuxmusl-x64': [ '1.2.0' ],
208 silly audit   '@img/sharp-linux-arm': [ '0.34.3' ],
208 silly audit   '@img/sharp-linux-arm64': [ '0.34.3' ],
208 silly audit   '@img/sharp-linux-ppc64': [ '0.34.3' ],
208 silly audit   '@img/sharp-linux-s390x': [ '0.34.3' ],
208 silly audit   '@img/sharp-linux-x64': [ '0.34.3' ],
208 silly audit   '@img/sharp-linuxmusl-arm64': [ '0.34.3' ],
208 silly audit   '@img/sharp-linuxmusl-x64': [ '0.34.3' ],
208 silly audit   '@img/sharp-wasm32': [ '0.34.3' ],
208 silly audit   '@img/sharp-win32-arm64': [ '0.34.3' ],
208 silly audit   '@img/sharp-win32-ia32': [ '0.34.3' ],
208 silly audit   '@img/sharp-win32-x64': [ '0.34.3' ],
208 silly audit   '@isaacs/fs-minipass': [ '4.0.1' ],
208 silly audit   '@jridgewell/gen-mapping': [ '0.3.13' ],
208 silly audit   '@jridgewell/remapping': [ '2.3.5' ],
208 silly audit   '@jridgewell/resolve-uri': [ '3.1.2' ],
208 silly audit   '@jridgewell/sourcemap-codec': [ '1.5.5' ],
208 silly audit   '@jridgewell/trace-mapping': [ '0.3.31' ],
208 silly audit   '@napi-rs/wasm-runtime': [ '0.2.12' ],
208 silly audit   '@next/env': [ '15.5.3' ],
208 silly audit   '@next/eslint-plugin-next': [ '15.5.3' ],
208 silly audit   '@next/swc-darwin-arm64': [ '15.5.3' ],
208 silly audit   '@next/swc-darwin-x64': [ '15.5.3' ],
208 silly audit   '@next/swc-linux-arm64-gnu': [ '15.5.3' ],
208 silly audit   '@next/swc-linux-arm64-musl': [ '15.5.3' ],
208 silly audit   '@next/swc-linux-x64-gnu': [ '15.5.3' ],
208 silly audit   '@next/swc-linux-x64-musl': [ '15.5.3' ],
208 silly audit   '@next/swc-win32-arm64-msvc': [ '15.5.3' ],
208 silly audit   '@next/swc-win32-x64-msvc': [ '15.5.3' ],
208 silly audit   '@nodelib/fs.scandir': [ '2.1.5' ],
208 silly audit   '@nodelib/fs.stat': [ '2.0.5' ],
208 silly audit   '@nodelib/fs.walk': [ '1.2.8' ],
208 silly audit   '@nolyfill/is-core-module': [ '1.0.39' ],
208 silly audit   '@rtsao/scc': [ '1.1.0' ],
208 silly audit   '@rushstack/eslint-patch': [ '1.12.0' ],
208 silly audit   '@swc/helpers': [ '0.5.15' ],
208 silly audit   '@tailwindcss/node': [ '4.1.13' ],
208 silly audit   '@tailwindcss/oxide': [ '4.1.13' ],
208 silly audit   '@tailwindcss/oxide-android-arm64': [ '4.1.13' ],
208 silly audit   '@tailwindcss/oxide-darwin-arm64': [ '4.1.13' ],
208 silly audit   '@tailwindcss/oxide-darwin-x64': [ '4.1.13' ],
208 silly audit   '@tailwindcss/oxide-freebsd-x64': [ '4.1.13' ],
208 silly audit   '@tailwindcss/oxide-linux-arm-gnueabihf': [ '4.1.13' ],
208 silly audit   '@tailwindcss/oxide-linux-arm64-gnu': [ '4.1.13' ],
208 silly audit   '@tailwindcss/oxide-linux-arm64-musl': [ '4.1.13' ],
208 silly audit   '@tailwindcss/oxide-linux-x64-gnu': [ '4.1.13' ],
208 silly audit   '@tailwindcss/oxide-linux-x64-musl': [ '4.1.13' ],
208 silly audit   '@tailwindcss/oxide-win32-arm64-msvc': [ '4.1.13' ],
208 silly audit   '@tailwindcss/oxide-win32-x64-msvc': [ '4.1.13' ],
208 silly audit   '@tailwindcss/postcss': [ '4.1.13' ],
208 silly audit   '@tybys/wasm-util': [ '0.10.1' ],
208 silly audit   '@types/estree': [ '1.0.8' ],
208 silly audit   '@types/json-schema': [ '7.0.15' ],
208 silly audit   '@types/json5': [ '0.0.29' ],
208 silly audit   '@types/node': [ '20.19.13' ],
208 silly audit   '@types/react': [ '19.1.12' ],
208 silly audit   '@types/react-dom': [ '19.1.9' ],
208 silly audit   '@typescript-eslint/eslint-plugin': [ '8.43.0' ],
208 silly audit   ignore: [ '7.0.5', '5.3.2' ],
208 silly audit   '@typescript-eslint/parser': [ '8.43.0' ],
208 silly audit   '@typescript-eslint/project-service': [ '8.43.0' ],
208 silly audit   '@typescript-eslint/scope-manager': [ '8.43.0' ],
208 silly audit   '@typescript-eslint/tsconfig-utils': [ '8.43.0' ],
208 silly audit   '@typescript-eslint/type-utils': [ '8.43.0' ],
208 silly audit   '@typescript-eslint/types': [ '8.43.0' ],
208 silly audit   '@typescript-eslint/typescript-estree': [ '8.43.0' ],
208 silly audit   'brace-expansion': [ '2.0.2', '1.1.12' ],
208 silly audit   'fast-glob': [ '3.3.3', '3.3.1' ],
208 silly audit   'glob-parent': [ '5.1.2', '6.0.2' ],
208 silly audit   minimatch: [ '9.0.5', '3.1.2' ],
208 silly audit   '@typescript-eslint/utils': [ '8.43.0' ],
208 silly audit   '@typescript-eslint/visitor-keys': [ '8.43.0' ],
208 silly audit   '@unrs/resolver-binding-android-arm-eabi': [ '1.11.1' ],
208 silly audit   '@unrs/resolver-binding-android-arm64': [ '1.11.1' ],
208 silly audit   '@unrs/resolver-binding-darwin-arm64': [ '1.11.1' ],
208 silly audit   '@unrs/resolver-binding-darwin-x64': [ '1.11.1' ],
208 silly audit   '@unrs/resolver-binding-freebsd-x64': [ '1.11.1' ],
208 silly audit   '@unrs/resolver-binding-linux-arm-gnueabihf': [ '1.11.1' ],
208 silly audit   '@unrs/resolver-binding-linux-arm-musleabihf': [ '1.11.1' ],
208 silly audit   '@unrs/resolver-binding-linux-arm64-gnu': [ '1.11.1' ],
208 silly audit   '@unrs/resolver-binding-linux-arm64-musl': [ '1.11.1' ],
208 silly audit   '@unrs/resolver-binding-linux-ppc64-gnu': [ '1.11.1' ],
208 silly audit   '@unrs/resolver-binding-linux-riscv64-gnu': [ '1.11.1' ],
208 silly audit   '@unrs/resolver-binding-linux-riscv64-musl': [ '1.11.1' ],
208 silly audit   '@unrs/resolver-binding-linux-s390x-gnu': [ '1.11.1' ],
208 silly audit   '@unrs/resolver-binding-linux-x64-gnu': [ '1.11.1' ],
208 silly audit   '@unrs/resolver-binding-linux-x64-musl': [ '1.11.1' ],
208 silly audit   '@unrs/resolver-binding-wasm32-wasi': [ '1.11.1' ],
208 silly audit   '@unrs/resolver-binding-win32-arm64-msvc': [ '1.11.1' ],
208 silly audit   '@unrs/resolver-binding-win32-ia32-msvc': [ '1.11.1' ],
208 silly audit   '@unrs/resolver-binding-win32-x64-msvc': [ '1.11.1' ],
208 silly audit   acorn: [ '8.15.0' ],
208 silly audit   'acorn-jsx': [ '5.3.2' ],
208 silly audit   ajv: [ '6.12.6' ],
208 silly audit   'ansi-styles': [ '4.3.0' ],
208 silly audit   argparse: [ '2.0.1' ],
208 silly audit   'aria-query': [ '5.3.2' ],
208 silly audit   'array-buffer-byte-length': [ '1.0.2' ],
208 silly audit   'array-includes': [ '3.1.9' ],
208 silly audit   'array.prototype.findlast': [ '1.2.5' ],
208 silly audit   'array.prototype.findlastindex': [ '1.2.6' ],
208 silly audit   'array.prototype.flat': [ '1.3.3' ],
208 silly audit   'array.prototype.flatmap': [ '1.3.3' ],
208 silly audit   'array.prototype.tosorted': [ '1.1.4' ],
208 silly audit   'arraybuffer.prototype.slice': [ '1.0.4' ],
208 silly audit   'ast-types-flow': [ '0.0.8' ],
208 silly audit   'async-function': [ '1.0.0' ],
208 silly audit   'available-typed-arrays': [ '1.0.7' ],
208 silly audit   'axe-core': [ '4.10.3' ],
208 silly audit   'axobject-query': [ '4.1.0' ],
208 silly audit   'balanced-match': [ '1.0.2' ],
208 silly audit   braces: [ '3.0.3' ],
208 silly audit   'call-bind': [ '1.0.8' ],
208 silly audit   'call-bind-apply-helpers': [ '1.0.2' ],
208 silly audit   'call-bound': [ '1.0.4' ],
208 silly audit   callsites: [ '3.1.0' ],
208 silly audit   'caniuse-lite': [ '1.0.30001741' ],
208 silly audit   chalk: [ '4.1.2' ],
208 silly audit   chownr: [ '3.0.0' ],
208 silly audit   'client-only': [ '0.0.1' ],
208 silly audit   color: [ '4.2.3' ],
208 silly audit   'color-convert': [ '2.0.1' ],
208 silly audit   'color-name': [ '1.1.4' ],
208 silly audit   'color-string': [ '1.9.1' ],
208 silly audit   'concat-map': [ '0.0.1' ],
208 silly audit   'cross-spawn': [ '7.0.6' ],
208 silly audit   csstype: [ '3.1.3' ],
208 silly audit   'damerau-levenshtein': [ '1.0.8' ],
208 silly audit   'data-view-buffer': [ '1.0.2' ],
208 silly audit   'data-view-byte-length': [ '1.0.2' ],
208 silly audit   'data-view-byte-offset': [ '1.0.1' ],
208 silly audit   debug: [ '4.4.1', '3.2.7' ],
208 silly audit   'deep-is': [ '0.1.4' ],
208 silly audit   'define-data-property': [ '1.1.4' ],
208 silly audit   'define-properties': [ '1.2.1' ],
208 silly audit   'detect-libc': [ '2.0.4' ],
208 silly audit   doctrine: [ '2.1.0' ],
208 silly audit   'dunder-proto': [ '1.0.1' ],
208 silly audit   'emoji-regex': [ '9.2.2' ],
208 silly audit   'enhanced-resolve': [ '5.18.3' ],
208 silly audit   'es-abstract': [ '1.24.0' ],
208 silly audit   'es-define-property': [ '1.0.1' ],
208 silly audit   'es-errors': [ '1.3.0' ],
208 silly audit   'es-iterator-helpers': [ '1.2.1' ],
208 silly audit   'es-object-atoms': [ '1.1.1' ],
208 silly audit   'es-set-tostringtag': [ '2.1.0' ],
208 silly audit   'es-shim-unscopables': [ '1.1.0' ],
208 silly audit   'es-to-primitive': [ '1.3.0' ],
208 silly audit   'escape-string-regexp': [ '4.0.0' ],
208 silly audit   eslint: [ '9.35.0' ],
208 silly audit   'eslint-config-next': [ '15.5.3' ],
208 silly audit   'eslint-import-resolver-node': [ '0.3.9' ],
208 silly audit   'eslint-import-resolver-typescript': [ '3.10.1' ],
208 silly audit   'eslint-module-utils': [ '2.12.1' ],
208 silly audit   'eslint-plugin-import': [ '2.32.0' ],
208 silly audit   semver: [ '6.3.1', '7.7.2' ],
208 silly audit   'eslint-plugin-jsx-a11y': [ '6.10.2' ],
208 silly audit   'eslint-plugin-react': [ '7.37.5' ],
208 silly audit   'eslint-plugin-react-hooks': [ '5.2.0' ],
208 silly audit   resolve: [ '2.0.0-next.5', '1.22.10' ],
208 silly audit   'eslint-scope': [ '8.4.0' ],
208 silly audit   espree: [ '10.4.0' ],
208 silly audit   esquery: [ '1.6.0' ],
208 silly audit   esrecurse: [ '4.3.0' ],
208 silly audit   estraverse: [ '5.3.0' ],
208 silly audit   esutils: [ '2.0.3' ],
208 silly audit   'fast-deep-equal': [ '3.1.3' ],
208 silly audit   'fast-json-stable-stringify': [ '2.1.0' ],
208 silly audit   'fast-levenshtein': [ '2.0.6' ],
208 silly audit   fastq: [ '1.19.1' ],
208 silly audit   'file-entry-cache': [ '8.0.0' ],
208 silly audit   'fill-range': [ '7.1.1' ],
208 silly audit   'find-up': [ '5.0.0' ],
208 silly audit   'flat-cache': [ '4.0.1' ],
208 silly audit   flatted: [ '3.3.3' ],
208 silly audit   'for-each': [ '0.3.5' ],
208 silly audit   'function-bind': [ '1.1.2' ],
208 silly audit   'function.prototype.name': [ '1.1.8' ],
208 silly audit   'functions-have-names': [ '1.2.3' ],
208 silly audit   'get-intrinsic': [ '1.3.0' ],
208 silly audit   'get-proto': [ '1.0.1' ],
208 silly audit   'get-symbol-description': [ '1.1.0' ],
208 silly audit   'get-tsconfig': [ '4.10.1' ],
208 silly audit   globals: [ '14.0.0' ],
208 silly audit   globalthis: [ '1.0.4' ],
208 silly audit   gopd: [ '1.2.0' ],
208 silly audit   'graceful-fs': [ '4.2.11' ],
208 silly audit   graphemer: [ '1.4.0' ],
208 silly audit   'has-bigints': [ '1.1.0' ],
208 silly audit   'has-flag': [ '4.0.0' ],
208 silly audit   'has-property-descriptors': [ '1.0.2' ],
208 silly audit   'has-proto': [ '1.2.0' ],
208 silly audit   'has-symbols': [ '1.1.0' ],
208 silly audit   'has-tostringtag': [ '1.0.2' ],
208 silly audit   hasown: [ '2.0.2' ],
208 silly audit   'import-fresh': [ '3.3.1' ],
208 silly audit   imurmurhash: [ '0.1.4' ],
208 silly audit   'internal-slot': [ '1.1.0' ],
208 silly audit   'is-array-buffer': [ '3.0.5' ],
208 silly audit   'is-arrayish': [ '0.3.2' ],
208 silly audit   'is-async-function': [ '2.1.1' ],
208 silly audit   'is-bigint': [ '1.1.0' ],
208 silly audit   'is-boolean-object': [ '1.2.2' ],
208 silly audit   'is-bun-module': [ '2.0.0' ],
208 silly audit   'is-callable': [ '1.2.7' ],
208 silly audit   'is-core-module': [ '2.16.1' ],
208 silly audit   'is-data-view': [ '1.0.2' ],
208 silly audit   'is-date-object': [ '1.1.0' ],
208 silly audit   'is-extglob': [ '2.1.1' ],
208 silly audit   'is-finalizationregistry': [ '1.1.1' ],
208 silly audit   'is-generator-function': [ '1.1.0' ],
208 silly audit   'is-glob': [ '4.0.3' ],
208 silly audit   'is-map': [ '2.0.3' ],
208 silly audit   'is-negative-zero': [ '2.0.3' ],
208 silly audit   'is-number': [ '7.0.0' ],
208 silly audit   'is-number-object': [ '1.1.1' ],
208 silly audit   'is-regex': [ '1.2.1' ],
208 silly audit   'is-set': [ '2.0.3' ],
208 silly audit   'is-shared-array-buffer': [ '1.0.4' ],
208 silly audit   'is-string': [ '1.1.1' ],
208 silly audit   'is-symbol': [ '1.1.1' ],
208 silly audit   'is-typed-array': [ '1.1.15' ],
208 silly audit   'is-weakmap': [ '2.0.2' ],
208 silly audit   'is-weakref': [ '1.1.1' ],
208 silly audit   'is-weakset': [ '2.0.4' ],
208 silly audit   isarray: [ '2.0.5' ],
208 silly audit   isexe: [ '2.0.0' ],
208 silly audit   'iterator.prototype': [ '1.1.5' ],
208 silly audit   jiti: [ '2.5.1' ],
208 silly audit   'js-tokens': [ '4.0.0' ],
208 silly audit   'js-yaml': [ '4.1.0' ],
208 silly audit   'json-buffer': [ '3.0.1' ],
208 silly audit   'json-schema-traverse': [ '0.4.1' ],
208 silly audit   'json-stable-stringify-without-jsonify': [ '1.0.1' ],
208 silly audit   json5: [ '1.0.2' ],
208 silly audit   'jsx-ast-utils': [ '3.3.5' ],
208 silly audit   keyv: [ '4.5.4' ],
208 silly audit   'language-subtag-registry': [ '0.3.23' ],
208 silly audit   'language-tags': [ '1.0.9' ],
208 silly audit   levn: [ '0.4.1' ],
208 silly audit   lightningcss: [ '1.30.1' ],
208 silly audit   'lightningcss-darwin-arm64': [ '1.30.1' ],
208 silly audit   'lightningcss-darwin-x64': [ '1.30.1' ],
208 silly audit   'lightningcss-freebsd-x64': [ '1.30.1' ],
208 silly audit   'lightningcss-linux-arm-gnueabihf': [ '1.30.1' ],
208 silly audit   'lightningcss-linux-arm64-gnu': [ '1.30.1' ],
208 silly audit   'lightningcss-linux-arm64-musl': [ '1.30.1' ],
208 silly audit   'lightningcss-linux-x64-gnu': [ '1.30.1' ],
208 silly audit   'lightningcss-linux-x64-musl': [ '1.30.1' ],
208 silly audit   'lightningcss-win32-arm64-msvc': [ '1.30.1' ],
208 silly audit   'lightningcss-win32-x64-msvc': [ '1.30.1' ],
208 silly audit   'locate-path': [ '6.0.0' ],
208 silly audit   'lodash.merge': [ '4.6.2' ],
208 silly audit   'loose-envify': [ '1.4.0' ],
208 silly audit   'magic-string': [ '0.30.19' ],
208 silly audit   'math-intrinsics': [ '1.1.0' ],
208 silly audit   merge2: [ '1.4.1' ],
208 silly audit   micromatch: [ '4.0.8' ],
208 silly audit   minimist: [ '1.2.8' ],
208 silly audit   minipass: [ '7.1.2' ],
208 silly audit   minizlib: [ '3.0.2' ],
208 silly audit   mkdirp: [ '3.0.1' ],
208 silly audit   ms: [ '2.1.3' ],
208 silly audit   nanoid: [ '3.3.11' ],
208 silly audit   'napi-postinstall': [ '0.3.3' ],
208 silly audit   'natural-compare': [ '1.4.0' ],
208 silly audit   next: [ '15.5.3' ],
208 silly audit   postcss: [ '8.4.31', '8.5.6' ],
208 silly audit   'object-assign': [ '4.1.1' ],
208 silly audit   'object-inspect': [ '1.13.4' ],
208 silly audit   'object-keys': [ '1.1.1' ],
208 silly audit   'object.assign': [ '4.1.7' ],
208 silly audit   'object.entries': [ '1.1.9' ],
208 silly audit   'object.fromentries': [ '2.0.8' ],
208 silly audit   'object.groupby': [ '1.0.3' ],
208 silly audit   'object.values': [ '1.2.1' ],
208 silly audit   optionator: [ '0.9.4' ],
208 silly audit   'own-keys': [ '1.0.1' ],
208 silly audit   'p-limit': [ '3.1.0' ],
208 silly audit   'p-locate': [ '5.0.0' ],
208 silly audit   'parent-module': [ '1.0.1' ],
208 silly audit   'path-exists': [ '4.0.0' ],
208 silly audit   'path-key': [ '3.1.1' ],
208 silly audit   'path-parse': [ '1.0.7' ],
208 silly audit   picocolors: [ '1.1.1' ],
208 silly audit   picomatch: [ '2.3.1', '4.0.3' ],
208 silly audit   'possible-typed-array-names': [ '1.1.0' ],
208 silly audit   'prelude-ls': [ '1.2.1' ],
208 silly audit   'prop-types': [ '15.8.1' ],
208 silly audit   punycode: [ '2.3.1' ],
208 silly audit   'queue-microtask': [ '1.2.3' ],
208 silly audit   react: [ '19.1.0' ],
208 silly audit   'react-dom': [ '19.1.0' ],
208 silly audit   'react-is': [ '16.13.1' ],
208 silly audit   'reflect.getprototypeof': [ '1.0.10' ],
208 silly audit   'regexp.prototype.flags': [ '1.5.4' ],
208 silly audit   'resolve-from': [ '4.0.0' ],
208 silly audit   'resolve-pkg-maps': [ '1.0.0' ],
208 silly audit   reusify: [ '1.1.0' ],
208 silly audit   'run-parallel': [ '1.2.0' ],
208 silly audit   'safe-array-concat': [ '1.1.3' ],
208 silly audit   'safe-push-apply': [ '1.0.0' ],
208 silly audit   'safe-regex-test': [ '1.1.0' ],
208 silly audit   scheduler: [ '0.26.0' ],
208 silly audit   'set-function-length': [ '1.2.2' ],
208 silly audit   'set-function-name': [ '2.0.2' ],
208 silly audit   'set-proto': [ '1.0.0' ],
208 silly audit   sharp: [ '0.34.3' ],
208 silly audit   'shebang-command': [ '2.0.0' ],
208 silly audit   'shebang-regex': [ '3.0.0' ],
208 silly audit   'side-channel': [ '1.1.0' ],
208 silly audit   'side-channel-list': [ '1.0.0' ],
208 silly audit   'side-channel-map': [ '1.0.1' ],
208 silly audit   'side-channel-weakmap': [ '1.0.2' ],
208 silly audit   'simple-swizzle': [ '0.2.2' ],
208 silly audit   'source-map-js': [ '1.2.1' ],
208 silly audit   'stable-hash': [ '0.0.5' ],
208 silly audit   'stop-iteration-iterator': [ '1.1.0' ],
208 silly audit   'string.prototype.includes': [ '2.0.1' ],
208 silly audit   'string.prototype.matchall': [ '4.0.12' ],
208 silly audit   'string.prototype.repeat': [ '1.0.0' ],
208 silly audit   'string.prototype.trim': [ '1.2.10' ],
208 silly audit   'string.prototype.trimend': [ '1.0.9' ],
208 silly audit   'string.prototype.trimstart': [ '1.0.8' ],
208 silly audit   'strip-bom': [ '3.0.0' ],
208 silly audit   'strip-json-comments': [ '3.1.1' ],
208 silly audit   'styled-jsx': [ '5.1.6' ],
208 silly audit   'supports-color': [ '7.2.0' ],
208 silly audit   'supports-preserve-symlinks-flag': [ '1.0.0' ],
208 silly audit   tailwindcss: [ '4.1.13' ],
208 silly audit   tapable: [ '2.2.3' ],
208 silly audit   tar: [ '7.4.3' ],
208 silly audit   tinyglobby: [ '0.2.15' ],
208 silly audit   fdir: [ '6.5.0' ],
208 silly audit   'to-regex-range': [ '5.0.1' ],
208 silly audit   'ts-api-utils': [ '2.1.0' ],
208 silly audit   'tsconfig-paths': [ '3.15.0' ],
208 silly audit   tslib: [ '2.8.1' ],
208 silly audit   'type-check': [ '0.4.0' ],
208 silly audit   'typed-array-buffer': [ '1.0.3' ],
208 silly audit   'typed-array-byte-length': [ '1.0.3' ],
208 silly audit   'typed-array-byte-offset': [ '1.0.4' ],
208 silly audit   'typed-array-length': [ '1.0.7' ],
208 silly audit   typescript: [ '5.9.2' ],
208 silly audit   'unbox-primitive': [ '1.1.0' ],
208 silly audit   'undici-types': [ '6.21.0' ],
208 silly audit   'unrs-resolver': [ '1.11.1' ],
208 silly audit   'uri-js': [ '4.4.1' ],
208 silly audit   which: [ '2.0.2' ],
208 silly audit   'which-boxed-primitive': [ '1.1.1' ],
208 silly audit   'which-builtin-type': [ '1.2.1' ],
208 silly audit   'which-collection': [ '1.0.2' ],
208 silly audit   'which-typed-array': [ '1.1.19' ],
208 silly audit   'word-wrap': [ '1.2.5' ],
208 silly audit   yallist: [ '5.0.0' ],
208 silly audit   'yocto-queue': [ '0.1.0' ],
208 silly audit   '@headlessui/react': [ '2.2.7' ],
208 silly audit   '@hookform/resolvers': [ '5.2.1' ],
208 silly audit   'framer-motion': [ '12.23.12' ],
208 silly audit   'lucide-react': [ '0.544.0' ],
208 silly audit   'react-countup': [ '6.5.3' ],
208 silly audit   'react-hook-form': [ '7.62.0' ],
208 silly audit   zod: [ '4.1.8' ],
208 silly audit   '@floating-ui/react': [ '0.26.28' ],
208 silly audit   '@react-aria/focus': [ '3.21.1' ],
208 silly audit   '@react-aria/interactions': [ '3.25.5' ],
208 silly audit   '@tanstack/react-virtual': [ '3.13.12' ],
208 silly audit   'use-sync-external-store': [ '1.5.0' ],
208 silly audit   '@floating-ui/react-dom': [ '2.1.6' ],
208 silly audit   '@floating-ui/utils': [ '0.2.10' ],
208 silly audit   tabbable: [ '6.2.0' ],
208 silly audit   '@floating-ui/dom': [ '1.7.4' ],
208 silly audit   '@floating-ui/core': [ '1.7.3' ],
208 silly audit   '@standard-schema/utils': [ '0.3.0' ],
208 silly audit   '@react-aria/utils': [ '3.30.1' ],
208 silly audit   '@react-types/shared': [ '3.32.0' ],
208 silly audit   clsx: [ '2.1.1' ],
208 silly audit   '@react-aria/ssr': [ '3.9.10' ],
208 silly audit   '@react-stately/flags': [ '3.1.2' ],
208 silly audit   '@react-stately/utils': [ '3.10.8' ],
208 silly audit   '@tanstack/virtual-core': [ '3.13.12' ],
208 silly audit   'motion-dom': [ '12.23.12' ],
208 silly audit   'motion-utils': [ '12.23.6' ],
208 silly audit   'countup.js': [ '2.9.0' ],
208 silly audit   '@tailwindcss/oxide-wasm32-wasi': [ '4.1.13' ]
208 silly audit }
209 verbose reify failed optional dependency /Users/abel/Desktop/Codename Stealth Project/Website Code/debtoptimizer/node_modules/lightningcss-win32-x64-msvc
210 silly reify mark deleted [
210 silly reify   '/Users/abel/Desktop/Codename Stealth Project/Website Code/debtoptimizer/node_modules/lightningcss-win32-x64-msvc'
210 silly reify ]
211 verbose reify failed optional dependency /Users/abel/Desktop/Codename Stealth Project/Website Code/debtoptimizer/node_modules/lightningcss-win32-arm64-msvc
212 silly reify mark deleted [
212 silly reify   '/Users/abel/Desktop/Codename Stealth Project/Website Code/debtoptimizer/node_modules/lightningcss-win32-arm64-msvc'
212 silly reify ]
213 verbose reify failed optional dependency /Users/abel/Desktop/Codename Stealth Project/Website Code/debtoptimizer/node_modules/lightningcss-linux-x64-musl
214 silly reify mark deleted [
214 silly reify   '/Users/abel/Desktop/Codename Stealth Project/Website Code/debtoptimizer/node_modules/lightningcss-linux-x64-musl'
214 silly reify ]
215 verbose reify failed optional dependency /Users/abel/Desktop/Codename Stealth Project/Website Code/debtoptimizer/node_modules/lightningcss-linux-x64-gnu
216 silly reify mark deleted [
216 silly reify   '/Users/abel/Desktop/Codename Stealth Project/Website Code/debtoptimizer/node_modules/lightningcss-linux-x64-gnu'
216 silly reify ]
217 verbose reify failed optional dependency /Users/abel/Desktop/Codename Stealth Project/Website Code/debtoptimizer/node_modules/lightningcss-linux-arm64-musl
218 silly reify mark deleted [
218 silly reify   '/Users/abel/Desktop/Codename Stealth Project/Website Code/debtoptimizer/node_modules/lightningcss-linux-arm64-musl'
218 silly reify ]
219 verbose reify failed optional dependency /Users/abel/Desktop/Codename Stealth Project/Website Code/debtoptimizer/node_modules/lightningcss-linux-arm64-gnu
220 silly reify mark deleted [
220 silly reify   '/Users/abel/Desktop/Codename Stealth Project/Website Code/debtoptimizer/node_modules/lightningcss-linux-arm64-gnu'
220 silly reify ]
221 verbose reify failed optional dependency /Users/abel/Desktop/Codename Stealth Project/Website Code/debtoptimizer/node_modules/lightningcss-linux-arm-gnueabihf
222 silly reify mark deleted [
222 silly reify   '/Users/abel/Desktop/Codename Stealth Project/Website Code/debtoptimizer/node_modules/lightningcss-linux-arm-gnueabihf'
222 silly reify ]
223 verbose reify failed optional dependency /Users/abel/Desktop/Codename Stealth Project/Website Code/debtoptimizer/node_modules/lightningcss-freebsd-x64
224 silly reify mark deleted [
224 silly reify   '/Users/abel/Desktop/Codename Stealth Project/Website Code/debtoptimizer/node_modules/lightningcss-freebsd-x64'
224 silly reify ]
225 verbose reify failed optional dependency /Users/abel/Desktop/Codename Stealth Project/Website Code/debtoptimizer/node_modules/lightningcss-darwin-x64
226 silly reify mark deleted [
226 silly reify   '/Users/abel/Desktop/Codename Stealth Project/Website Code/debtoptimizer/node_modules/lightningcss-darwin-x64'
226 silly reify ]
227 verbose reify failed optional dependency /Users/abel/Desktop/Codename Stealth Project/Website Code/debtoptimizer/node_modules/@unrs/resolver-binding-win32-x64-msvc
228 silly reify mark deleted [
228 silly reify   '/Users/abel/Desktop/Codename Stealth Project/Website Code/debtoptimizer/node_modules/@unrs/resolver-binding-win32-x64-msvc'
228 silly reify ]
229 verbose reify failed optional dependency /Users/abel/Desktop/Codename Stealth Project/Website Code/debtoptimizer/node_modules/@unrs/resolver-binding-win32-ia32-msvc
230 silly reify mark deleted [
230 silly reify   '/Users/abel/Desktop/Codename Stealth Project/Website Code/debtoptimizer/node_modules/@unrs/resolver-binding-win32-ia32-msvc'
230 silly reify ]
231 verbose reify failed optional dependency /Users/abel/Desktop/Codename Stealth Project/Website Code/debtoptimizer/node_modules/@unrs/resolver-binding-win32-arm64-msvc
232 silly reify mark deleted [
232 silly reify   '/Users/abel/Desktop/Codename Stealth Project/Website Code/debtoptimizer/node_modules/@unrs/resolver-binding-win32-arm64-msvc'
232 silly reify ]
233 verbose reify failed optional dependency /Users/abel/Desktop/Codename Stealth Project/Website Code/debtoptimizer/node_modules/@unrs/resolver-binding-wasm32-wasi
234 silly reify mark deleted [
234 silly reify   '/Users/abel/Desktop/Codename Stealth Project/Website Code/debtoptimizer/node_modules/@unrs/resolver-binding-wasm32-wasi'
234 silly reify ]
235 verbose reify failed optional dependency /Users/abel/Desktop/Codename Stealth Project/Website Code/debtoptimizer/node_modules/@unrs/resolver-binding-linux-x64-musl
236 silly reify mark deleted [
236 silly reify   '/Users/abel/Desktop/Codename Stealth Project/Website Code/debtoptimizer/node_modules/@unrs/resolver-binding-linux-x64-musl'
236 silly reify ]
237 verbose reify failed optional dependency /Users/abel/Desktop/Codename Stealth Project/Website Code/debtoptimizer/node_modules/@unrs/resolver-binding-linux-x64-gnu
238 silly reify mark deleted [
238 silly reify   '/Users/abel/Desktop/Codename Stealth Project/Website Code/debtoptimizer/node_modules/@unrs/resolver-binding-linux-x64-gnu'
238 silly reify ]
239 verbose reify failed optional dependency /Users/abel/Desktop/Codename Stealth Project/Website Code/debtoptimizer/node_modules/@unrs/resolver-binding-linux-s390x-gnu
240 silly reify mark deleted [
240 silly reify   '/Users/abel/Desktop/Codename Stealth Project/Website Code/debtoptimizer/node_modules/@unrs/resolver-binding-linux-s390x-gnu'
240 silly reify ]
241 verbose reify failed optional dependency /Users/abel/Desktop/Codename Stealth Project/Website Code/debtoptimizer/node_modules/@unrs/resolver-binding-linux-riscv64-musl
242 silly reify mark deleted [
242 silly reify   '/Users/abel/Desktop/Codename Stealth Project/Website Code/debtoptimizer/node_modules/@unrs/resolver-binding-linux-riscv64-musl'
242 silly reify ]
243 verbose reify failed optional dependency /Users/abel/Desktop/Codename Stealth Project/Website Code/debtoptimizer/node_modules/@unrs/resolver-binding-linux-riscv64-gnu
244 silly reify mark deleted [
244 silly reify   '/Users/abel/Desktop/Codename Stealth Project/Website Code/debtoptimizer/node_modules/@unrs/resolver-binding-linux-riscv64-gnu'
244 silly reify ]
245 verbose reify failed optional dependency /Users/abel/Desktop/Codename Stealth Project/Website Code/debtoptimizer/node_modules/@unrs/resolver-binding-linux-ppc64-gnu
246 silly reify mark deleted [
246 silly reify   '/Users/abel/Desktop/Codename Stealth Project/Website Code/debtoptimizer/node_modules/@unrs/resolver-binding-linux-ppc64-gnu'
246 silly reify ]
247 verbose reify failed optional dependency /Users/abel/Desktop/Codename Stealth Project/Website Code/debtoptimizer/node_modules/@unrs/resolver-binding-linux-arm64-musl
248 silly reify mark deleted [
248 silly reify   '/Users/abel/Desktop/Codename Stealth Project/Website Code/debtoptimizer/node_modules/@unrs/resolver-binding-linux-arm64-musl'
248 silly reify ]
249 verbose reify failed optional dependency /Users/abel/Desktop/Codename Stealth Project/Website Code/debtoptimizer/node_modules/@unrs/resolver-binding-linux-arm64-gnu
250 silly reify mark deleted [
250 silly reify   '/Users/abel/Desktop/Codename Stealth Project/Website Code/debtoptimizer/node_modules/@unrs/resolver-binding-linux-arm64-gnu'
250 silly reify ]
251 verbose reify failed optional dependency /Users/abel/Desktop/Codename Stealth Project/Website Code/debtoptimizer/node_modules/@unrs/resolver-binding-linux-arm-musleabihf
252 silly reify mark deleted [
252 silly reify   '/Users/abel/Desktop/Codename Stealth Project/Website Code/debtoptimizer/node_modules/@unrs/resolver-binding-linux-arm-musleabihf'
252 silly reify ]
253 verbose reify failed optional dependency /Users/abel/Desktop/Codename Stealth Project/Website Code/debtoptimizer/node_modules/@unrs/resolver-binding-linux-arm-gnueabihf
254 silly reify mark deleted [
254 silly reify   '/Users/abel/Desktop/Codename Stealth Project/Website Code/debtoptimizer/node_modules/@unrs/resolver-binding-linux-arm-gnueabihf'
254 silly reify ]
255 verbose reify failed optional dependency /Users/abel/Desktop/Codename Stealth Project/Website Code/debtoptimizer/node_modules/@unrs/resolver-binding-freebsd-x64
256 silly reify mark deleted [
256 silly reify   '/Users/abel/Desktop/Codename Stealth Project/Website Code/debtoptimizer/node_modules/@unrs/resolver-binding-freebsd-x64'
256 silly reify ]
257 verbose reify failed optional dependency /Users/abel/Desktop/Codename Stealth Project/Website Code/debtoptimizer/node_modules/@unrs/resolver-binding-darwin-x64
258 silly reify mark deleted [
258 silly reify   '/Users/abel/Desktop/Codename Stealth Project/Website Code/debtoptimizer/node_modules/@unrs/resolver-binding-darwin-x64'
258 silly reify ]
259 verbose reify failed optional dependency /Users/abel/Desktop/Codename Stealth Project/Website Code/debtoptimizer/node_modules/@unrs/resolver-binding-android-arm64
260 silly reify mark deleted [
260 silly reify   '/Users/abel/Desktop/Codename Stealth Project/Website Code/debtoptimizer/node_modules/@unrs/resolver-binding-android-arm64'
260 silly reify ]
261 verbose reify failed optional dependency /Users/abel/Desktop/Codename Stealth Project/Website Code/debtoptimizer/node_modules/@unrs/resolver-binding-android-arm-eabi
262 silly reify mark deleted [
262 silly reify   '/Users/abel/Desktop/Codename Stealth Project/Website Code/debtoptimizer/node_modules/@unrs/resolver-binding-android-arm-eabi'
262 silly reify ]
263 verbose reify failed optional dependency /Users/abel/Desktop/Codename Stealth Project/Website Code/debtoptimizer/node_modules/@tailwindcss/oxide-win32-x64-msvc
264 silly reify mark deleted [
264 silly reify   '/Users/abel/Desktop/Codename Stealth Project/Website Code/debtoptimizer/node_modules/@tailwindcss/oxide-win32-x64-msvc'
264 silly reify ]
265 verbose reify failed optional dependency /Users/abel/Desktop/Codename Stealth Project/Website Code/debtoptimizer/node_modules/@tailwindcss/oxide-win32-arm64-msvc
266 silly reify mark deleted [
266 silly reify   '/Users/abel/Desktop/Codename Stealth Project/Website Code/debtoptimizer/node_modules/@tailwindcss/oxide-win32-arm64-msvc'
266 silly reify ]
267 verbose reify failed optional dependency /Users/abel/Desktop/Codename Stealth Project/Website Code/debtoptimizer/node_modules/@tailwindcss/oxide-linux-x64-musl
268 silly reify mark deleted [
268 silly reify   '/Users/abel/Desktop/Codename Stealth Project/Website Code/debtoptimizer/node_modules/@tailwindcss/oxide-linux-x64-musl'
268 silly reify ]
269 verbose reify failed optional dependency /Users/abel/Desktop/Codename Stealth Project/Website Code/debtoptimizer/node_modules/@tailwindcss/oxide-linux-x64-gnu
270 silly reify mark deleted [
270 silly reify   '/Users/abel/Desktop/Codename Stealth Project/Website Code/debtoptimizer/node_modules/@tailwindcss/oxide-linux-x64-gnu'
270 silly reify ]
271 verbose reify failed optional dependency /Users/abel/Desktop/Codename Stealth Project/Website Code/debtoptimizer/node_modules/@tailwindcss/oxide-linux-arm64-musl
272 silly reify mark deleted [
272 silly reify   '/Users/abel/Desktop/Codename Stealth Project/Website Code/debtoptimizer/node_modules/@tailwindcss/oxide-linux-arm64-musl'
272 silly reify ]
273 verbose reify failed optional dependency /Users/abel/Desktop/Codename Stealth Project/Website Code/debtoptimizer/node_modules/@tailwindcss/oxide-linux-arm64-gnu
274 silly reify mark deleted [
274 silly reify   '/Users/abel/Desktop/Codename Stealth Project/Website Code/debtoptimizer/node_modules/@tailwindcss/oxide-linux-arm64-gnu'
274 silly reify ]
275 verbose reify failed optional dependency /Users/abel/Desktop/Codename Stealth Project/Website Code/debtoptimizer/node_modules/@tailwindcss/oxide-linux-arm-gnueabihf
276 silly reify mark deleted [
276 silly reify   '/Users/abel/Desktop/Codename Stealth Project/Website Code/debtoptimizer/node_modules/@tailwindcss/oxide-linux-arm-gnueabihf'
276 silly reify ]
277 verbose reify failed optional dependency /Users/abel/Desktop/Codename Stealth Project/Website Code/debtoptimizer/node_modules/@tailwindcss/oxide-freebsd-x64
278 silly reify mark deleted [
278 silly reify   '/Users/abel/Desktop/Codename Stealth Project/Website Code/debtoptimizer/node_modules/@tailwindcss/oxide-freebsd-x64'
278 silly reify ]
279 verbose reify failed optional dependency /Users/abel/Desktop/Codename Stealth Project/Website Code/debtoptimizer/node_modules/@tailwindcss/oxide-darwin-x64
280 silly reify mark deleted [
280 silly reify   '/Users/abel/Desktop/Codename Stealth Project/Website Code/debtoptimizer/node_modules/@tailwindcss/oxide-darwin-x64'
280 silly reify ]
281 verbose reify failed optional dependency /Users/abel/Desktop/Codename Stealth Project/Website Code/debtoptimizer/node_modules/@tailwindcss/oxide-android-arm64
282 silly reify mark deleted [
282 silly reify   '/Users/abel/Desktop/Codename Stealth Project/Website Code/debtoptimizer/node_modules/@tailwindcss/oxide-android-arm64'
282 silly reify ]
283 verbose reify failed optional dependency /Users/abel/Desktop/Codename Stealth Project/Website Code/debtoptimizer/node_modules/@next/swc-win32-x64-msvc
284 silly reify mark deleted [
284 silly reify   '/Users/abel/Desktop/Codename Stealth Project/Website Code/debtoptimizer/node_modules/@next/swc-win32-x64-msvc'
284 silly reify ]
285 verbose reify failed optional dependency /Users/abel/Desktop/Codename Stealth Project/Website Code/debtoptimizer/node_modules/@next/swc-win32-arm64-msvc
286 silly reify mark deleted [
286 silly reify   '/Users/abel/Desktop/Codename Stealth Project/Website Code/debtoptimizer/node_modules/@next/swc-win32-arm64-msvc'
286 silly reify ]
287 verbose reify failed optional dependency /Users/abel/Desktop/Codename Stealth Project/Website Code/debtoptimizer/node_modules/@next/swc-linux-x64-musl
288 silly reify mark deleted [
288 silly reify   '/Users/abel/Desktop/Codename Stealth Project/Website Code/debtoptimizer/node_modules/@next/swc-linux-x64-musl'
288 silly reify ]
289 verbose reify failed optional dependency /Users/abel/Desktop/Codename Stealth Project/Website Code/debtoptimizer/node_modules/@next/swc-linux-x64-gnu
290 silly reify mark deleted [
290 silly reify   '/Users/abel/Desktop/Codename Stealth Project/Website Code/debtoptimizer/node_modules/@next/swc-linux-x64-gnu'
290 silly reify ]
291 verbose reify failed optional dependency /Users/abel/Desktop/Codename Stealth Project/Website Code/debtoptimizer/node_modules/@next/swc-linux-arm64-musl
292 silly reify mark deleted [
292 silly reify   '/Users/abel/Desktop/Codename Stealth Project/Website Code/debtoptimizer/node_modules/@next/swc-linux-arm64-musl'
292 silly reify ]
293 verbose reify failed optional dependency /Users/abel/Desktop/Codename Stealth Project/Website Code/debtoptimizer/node_modules/@next/swc-linux-arm64-gnu
294 silly reify mark deleted [
294 silly reify   '/Users/abel/Desktop/Codename Stealth Project/Website Code/debtoptimizer/node_modules/@next/swc-linux-arm64-gnu'
294 silly reify ]
295 verbose reify failed optional dependency /Users/abel/Desktop/Codename Stealth Project/Website Code/debtoptimizer/node_modules/@next/swc-darwin-x64
296 silly reify mark deleted [
296 silly reify   '/Users/abel/Desktop/Codename Stealth Project/Website Code/debtoptimizer/node_modules/@next/swc-darwin-x64'
296 silly reify ]
297 verbose reify failed optional dependency /Users/abel/Desktop/Codename Stealth Project/Website Code/debtoptimizer/node_modules/@img/sharp-win32-x64
298 silly reify mark deleted [
298 silly reify   '/Users/abel/Desktop/Codename Stealth Project/Website Code/debtoptimizer/node_modules/@img/sharp-win32-x64'
298 silly reify ]
299 verbose reify failed optional dependency /Users/abel/Desktop/Codename Stealth Project/Website Code/debtoptimizer/node_modules/@img/sharp-win32-ia32
300 silly reify mark deleted [
300 silly reify   '/Users/abel/Desktop/Codename Stealth Project/Website Code/debtoptimizer/node_modules/@img/sharp-win32-ia32'
300 silly reify ]
301 verbose reify failed optional dependency /Users/abel/Desktop/Codename Stealth Project/Website Code/debtoptimizer/node_modules/@img/sharp-win32-arm64
302 silly reify mark deleted [
302 silly reify   '/Users/abel/Desktop/Codename Stealth Project/Website Code/debtoptimizer/node_modules/@img/sharp-win32-arm64'
302 silly reify ]
303 verbose reify failed optional dependency /Users/abel/Desktop/Codename Stealth Project/Website Code/debtoptimizer/node_modules/@img/sharp-wasm32
304 silly reify mark deleted [
304 silly reify   '/Users/abel/Desktop/Codename Stealth Project/Website Code/debtoptimizer/node_modules/@img/sharp-wasm32'
304 silly reify ]
305 verbose reify failed optional dependency /Users/abel/Desktop/Codename Stealth Project/Website Code/debtoptimizer/node_modules/@img/sharp-linuxmusl-x64
306 silly reify mark deleted [
306 silly reify   '/Users/abel/Desktop/Codename Stealth Project/Website Code/debtoptimizer/node_modules/@img/sharp-linuxmusl-x64'
306 silly reify ]
307 verbose reify failed optional dependency /Users/abel/Desktop/Codename Stealth Project/Website Code/debtoptimizer/node_modules/@img/sharp-linuxmusl-arm64
308 silly reify mark deleted [
308 silly reify   '/Users/abel/Desktop/Codename Stealth Project/Website Code/debtoptimizer/node_modules/@img/sharp-linuxmusl-arm64'
308 silly reify ]
309 verbose reify failed optional dependency /Users/abel/Desktop/Codename Stealth Project/Website Code/debtoptimizer/node_modules/@img/sharp-linux-x64
310 silly reify mark deleted [
310 silly reify   '/Users/abel/Desktop/Codename Stealth Project/Website Code/debtoptimizer/node_modules/@img/sharp-linux-x64'
310 silly reify ]
311 verbose reify failed optional dependency /Users/abel/Desktop/Codename Stealth Project/Website Code/debtoptimizer/node_modules/@img/sharp-linux-s390x
312 silly reify mark deleted [
312 silly reify   '/Users/abel/Desktop/Codename Stealth Project/Website Code/debtoptimizer/node_modules/@img/sharp-linux-s390x'
312 silly reify ]
313 verbose reify failed optional dependency /Users/abel/Desktop/Codename Stealth Project/Website Code/debtoptimizer/node_modules/@img/sharp-linux-ppc64
314 silly reify mark deleted [
314 silly reify   '/Users/abel/Desktop/Codename Stealth Project/Website Code/debtoptimizer/node_modules/@img/sharp-linux-ppc64'
314 silly reify ]
315 verbose reify failed optional dependency /Users/abel/Desktop/Codename Stealth Project/Website Code/debtoptimizer/node_modules/@img/sharp-linux-arm64
316 silly reify mark deleted [
316 silly reify   '/Users/abel/Desktop/Codename Stealth Project/Website Code/debtoptimizer/node_modules/@img/sharp-linux-arm64'
316 silly reify ]
317 verbose reify failed optional dependency /Users/abel/Desktop/Codename Stealth Project/Website Code/debtoptimizer/node_modules/@img/sharp-linux-arm
318 silly reify mark deleted [
318 silly reify   '/Users/abel/Desktop/Codename Stealth Project/Website Code/debtoptimizer/node_modules/@img/sharp-linux-arm'
318 silly reify ]
319 verbose reify failed optional dependency /Users/abel/Desktop/Codename Stealth Project/Website Code/debtoptimizer/node_modules/@img/sharp-libvips-linuxmusl-x64
320 silly reify mark deleted [
320 silly reify   '/Users/abel/Desktop/Codename Stealth Project/Website Code/debtoptimizer/node_modules/@img/sharp-libvips-linuxmusl-x64'
320 silly reify ]
321 verbose reify failed optional dependency /Users/abel/Desktop/Codename Stealth Project/Website Code/debtoptimizer/node_modules/@img/sharp-libvips-linuxmusl-arm64
322 silly reify mark deleted [
322 silly reify   '/Users/abel/Desktop/Codename Stealth Project/Website Code/debtoptimizer/node_modules/@img/sharp-libvips-linuxmusl-arm64'
322 silly reify ]
323 verbose reify failed optional dependency /Users/abel/Desktop/Codename Stealth Project/Website Code/debtoptimizer/node_modules/@img/sharp-libvips-linux-x64
324 silly reify mark deleted [
324 silly reify   '/Users/abel/Desktop/Codename Stealth Project/Website Code/debtoptimizer/node_modules/@img/sharp-libvips-linux-x64'
324 silly reify ]
325 verbose reify failed optional dependency /Users/abel/Desktop/Codename Stealth Project/Website Code/debtoptimizer/node_modules/@img/sharp-libvips-linux-s390x
326 silly reify mark deleted [
326 silly reify   '/Users/abel/Desktop/Codename Stealth Project/Website Code/debtoptimizer/node_modules/@img/sharp-libvips-linux-s390x'
326 silly reify ]
327 verbose reify failed optional dependency /Users/abel/Desktop/Codename Stealth Project/Website Code/debtoptimizer/node_modules/@img/sharp-libvips-linux-ppc64
328 silly reify mark deleted [
328 silly reify   '/Users/abel/Desktop/Codename Stealth Project/Website Code/debtoptimizer/node_modules/@img/sharp-libvips-linux-ppc64'
328 silly reify ]
329 verbose reify failed optional dependency /Users/abel/Desktop/Codename Stealth Project/Website Code/debtoptimizer/node_modules/@img/sharp-libvips-linux-arm64
330 silly reify mark deleted [
330 silly reify   '/Users/abel/Desktop/Codename Stealth Project/Website Code/debtoptimizer/node_modules/@img/sharp-libvips-linux-arm64'
330 silly reify ]
331 verbose reify failed optional dependency /Users/abel/Desktop/Codename Stealth Project/Website Code/debtoptimizer/node_modules/@img/sharp-libvips-linux-arm
332 silly reify mark deleted [
332 silly reify   '/Users/abel/Desktop/Codename Stealth Project/Website Code/debtoptimizer/node_modules/@img/sharp-libvips-linux-arm'
332 silly reify ]
333 verbose reify failed optional dependency /Users/abel/Desktop/Codename Stealth Project/Website Code/debtoptimizer/node_modules/@img/sharp-libvips-darwin-x64
334 silly reify mark deleted [
334 silly reify   '/Users/abel/Desktop/Codename Stealth Project/Website Code/debtoptimizer/node_modules/@img/sharp-libvips-darwin-x64'
334 silly reify ]
335 verbose reify failed optional dependency /Users/abel/Desktop/Codename Stealth Project/Website Code/debtoptimizer/node_modules/@img/sharp-darwin-x64
336 silly reify mark deleted [
336 silly reify   '/Users/abel/Desktop/Codename Stealth Project/Website Code/debtoptimizer/node_modules/@img/sharp-darwin-x64'
336 silly reify ]
337 http cache countup.js@https://registry.npmjs.org/countup.js/-/countup.js-2.9.0.tgz 0ms (cache hit)
338 http cache motion-utils@https://registry.npmjs.org/motion-utils/-/motion-utils-12.23.6.tgz 0ms (cache hit)
339 http cache @react-stately/flags@https://registry.npmjs.org/@react-stately/flags/-/flags-3.1.2.tgz 0ms (cache hit)
340 http cache @react-stately/utils@https://registry.npmjs.org/@react-stately/utils/-/utils-3.10.8.tgz 1ms (cache hit)
341 http cache motion-dom@https://registry.npmjs.org/motion-dom/-/motion-dom-12.23.12.tgz 0ms (cache hit)
342 http cache @react-aria/ssr@https://registry.npmjs.org/@react-aria/ssr/-/ssr-3.9.10.tgz 0ms (cache hit)
343 http cache @react-types/shared@https://registry.npmjs.org/@react-types/shared/-/shared-3.32.0.tgz 0ms (cache hit)
344 http cache @react-aria/utils@https://registry.npmjs.org/@react-aria/utils/-/utils-3.30.1.tgz 0ms (cache hit)
345 http cache @standard-schema/utils@https://registry.npmjs.org/@standard-schema/utils/-/utils-0.3.0.tgz 0ms (cache hit)
346 http cache @floating-ui/core@https://registry.npmjs.org/@floating-ui/core/-/core-1.7.3.tgz 0ms (cache hit)
347 http cache @tanstack/virtual-core@https://registry.npmjs.org/@tanstack/virtual-core/-/virtual-core-3.13.12.tgz 0ms (cache hit)
348 http cache clsx@https://registry.npmjs.org/clsx/-/clsx-2.1.1.tgz 0ms (cache hit)
349 http cache tabbable@https://registry.npmjs.org/tabbable/-/tabbable-6.2.0.tgz 0ms (cache hit)
350 http cache @floating-ui/utils@https://registry.npmjs.org/@floating-ui/utils/-/utils-0.2.10.tgz 0ms (cache hit)
351 http cache @floating-ui/react-dom@https://registry.npmjs.org/@floating-ui/react-dom/-/react-dom-2.1.6.tgz 0ms (cache hit)
352 http cache use-sync-external-store@https://registry.npmjs.org/use-sync-external-store/-/use-sync-external-store-1.5.0.tgz 0ms (cache hit)
353 http cache @floating-ui/dom@https://registry.npmjs.org/@floating-ui/dom/-/dom-1.7.4.tgz 0ms (cache hit)
354 http cache @tanstack/react-virtual@https://registry.npmjs.org/@tanstack/react-virtual/-/react-virtual-3.13.12.tgz 0ms (cache hit)
355 http cache @react-aria/interactions@https://registry.npmjs.org/@react-aria/interactions/-/interactions-3.25.5.tgz 0ms (cache hit)
356 http cache @react-aria/focus@https://registry.npmjs.org/@react-aria/focus/-/focus-3.21.1.tgz 0ms (cache hit)
357 http cache @floating-ui/react@https://registry.npmjs.org/@floating-ui/react/-/react-0.26.28.tgz 0ms (cache hit)
358 http cache zod@https://registry.npmjs.org/zod/-/zod-4.1.8.tgz 0ms (cache hit)
359 http cache react-hook-form@https://registry.npmjs.org/react-hook-form/-/react-hook-form-7.62.0.tgz 0ms (cache hit)
360 http cache react-countup@https://registry.npmjs.org/react-countup/-/react-countup-6.5.3.tgz 0ms (cache hit)
361 http cache lucide-react@https://registry.npmjs.org/lucide-react/-/lucide-react-0.544.0.tgz 0ms (cache hit)
362 http cache framer-motion@https://registry.npmjs.org/framer-motion/-/framer-motion-12.23.12.tgz 0ms (cache hit)
363 http cache @hookform/resolvers@https://registry.npmjs.org/@hookform/resolvers/-/resolvers-5.2.1.tgz 0ms (cache hit)
364 http cache @headlessui/react@https://registry.npmjs.org/@headlessui/react/-/react-2.2.7.tgz 0ms (cache hit)
365 silly tarball no local data for countup.js@https://registry.npmjs.org/countup.js/-/countup.js-2.9.0.tgz. Extracting by manifest.
366 silly tarball no local data for @react-stately/flags@https://registry.npmjs.org/@react-stately/flags/-/flags-3.1.2.tgz. Extracting by manifest.
367 silly tarball no local data for motion-utils@https://registry.npmjs.org/motion-utils/-/motion-utils-12.23.6.tgz. Extracting by manifest.
368 silly tarball no local data for @react-stately/utils@https://registry.npmjs.org/@react-stately/utils/-/utils-3.10.8.tgz. Extracting by manifest.
369 silly tarball no local data for motion-dom@https://registry.npmjs.org/motion-dom/-/motion-dom-12.23.12.tgz. Extracting by manifest.
370 silly tarball no local data for @react-aria/ssr@https://registry.npmjs.org/@react-aria/ssr/-/ssr-3.9.10.tgz. Extracting by manifest.
371 silly tarball no local data for @react-types/shared@https://registry.npmjs.org/@react-types/shared/-/shared-3.32.0.tgz. Extracting by manifest.
372 silly tarball no local data for @react-aria/utils@https://registry.npmjs.org/@react-aria/utils/-/utils-3.30.1.tgz. Extracting by manifest.
373 silly tarball no local data for @standard-schema/utils@https://registry.npmjs.org/@standard-schema/utils/-/utils-0.3.0.tgz. Extracting by manifest.
374 silly tarball no local data for @floating-ui/core@https://registry.npmjs.org/@floating-ui/core/-/core-1.7.3.tgz. Extracting by manifest.
375 silly tarball no local data for @tanstack/virtual-core@https://registry.npmjs.org/@tanstack/virtual-core/-/virtual-core-3.13.12.tgz. Extracting by manifest.
376 silly tarball no local data for clsx@https://registry.npmjs.org/clsx/-/clsx-2.1.1.tgz. Extracting by manifest.
377 silly tarball no local data for tabbable@https://registry.npmjs.org/tabbable/-/tabbable-6.2.0.tgz. Extracting by manifest.
378 silly tarball no local data for @floating-ui/utils@https://registry.npmjs.org/@floating-ui/utils/-/utils-0.2.10.tgz. Extracting by manifest.
379 silly tarball no local data for @floating-ui/react-dom@https://registry.npmjs.org/@floating-ui/react-dom/-/react-dom-2.1.6.tgz. Extracting by manifest.
380 silly tarball no local data for use-sync-external-store@https://registry.npmjs.org/use-sync-external-store/-/use-sync-external-store-1.5.0.tgz. Extracting by manifest.
381 silly tarball no local data for @floating-ui/dom@https://registry.npmjs.org/@floating-ui/dom/-/dom-1.7.4.tgz. Extracting by manifest.
382 silly tarball no local data for @tanstack/react-virtual@https://registry.npmjs.org/@tanstack/react-virtual/-/react-virtual-3.13.12.tgz. Extracting by manifest.
383 silly tarball no local data for @react-aria/interactions@https://registry.npmjs.org/@react-aria/interactions/-/interactions-3.25.5.tgz. Extracting by manifest.
384 silly tarball no local data for @react-aria/focus@https://registry.npmjs.org/@react-aria/focus/-/focus-3.21.1.tgz. Extracting by manifest.
385 silly tarball no local data for @floating-ui/react@https://registry.npmjs.org/@floating-ui/react/-/react-0.26.28.tgz. Extracting by manifest.
386 silly tarball no local data for zod@https://registry.npmjs.org/zod/-/zod-4.1.8.tgz. Extracting by manifest.
387 silly tarball no local data for react-hook-form@https://registry.npmjs.org/react-hook-form/-/react-hook-form-7.62.0.tgz. Extracting by manifest.
388 silly tarball no local data for react-countup@https://registry.npmjs.org/react-countup/-/react-countup-6.5.3.tgz. Extracting by manifest.
389 silly tarball no local data for lucide-react@https://registry.npmjs.org/lucide-react/-/lucide-react-0.544.0.tgz. Extracting by manifest.
390 silly tarball no local data for framer-motion@https://registry.npmjs.org/framer-motion/-/framer-motion-12.23.12.tgz. Extracting by manifest.
391 silly tarball no local data for @hookform/resolvers@https://registry.npmjs.org/@hookform/resolvers/-/resolvers-5.2.1.tgz. Extracting by manifest.
392 silly tarball no local data for @headlessui/react@https://registry.npmjs.org/@headlessui/react/-/react-2.2.7.tgz. Extracting by manifest.
393 http fetch GET 200 https://registry.npmjs.org/@react-stately/utils/-/utils-3.10.8.tgz 94ms (cache miss)
394 http fetch POST 200 https://registry.npmjs.org/-/npm/v1/security/advisories/bulk 115ms
395 silly audit report {}
396 http fetch GET 200 https://registry.npmjs.org/@react-stately/flags/-/flags-3.1.2.tgz 109ms (cache miss)
397 http fetch GET 200 https://registry.npmjs.org/@standard-schema/utils/-/utils-0.3.0.tgz 116ms (cache miss)
398 http fetch GET 200 https://registry.npmjs.org/@tanstack/virtual-core/-/virtual-core-3.13.12.tgz 123ms (cache miss)
399 http fetch GET 200 https://registry.npmjs.org/motion-utils/-/motion-utils-12.23.6.tgz 141ms (cache miss)
400 http fetch GET 200 https://registry.npmjs.org/@react-aria/ssr/-/ssr-3.9.10.tgz 166ms (cache miss)
401 http fetch GET 200 https://registry.npmjs.org/@tanstack/react-virtual/-/react-virtual-3.13.12.tgz 182ms (cache miss)
402 http fetch GET 200 https://registry.npmjs.org/use-sync-external-store/-/use-sync-external-store-1.5.0.tgz 182ms (cache miss)
403 http fetch GET 200 https://registry.npmjs.org/@floating-ui/core/-/core-1.7.3.tgz 184ms (cache miss)
404 http fetch GET 200 https://registry.npmjs.org/@react-types/shared/-/shared-3.32.0.tgz 212ms (cache miss)
405 http fetch GET 200 https://registry.npmjs.org/clsx/-/clsx-2.1.1.tgz 214ms (cache miss)
406 http fetch GET 200 https://registry.npmjs.org/@floating-ui/dom/-/dom-1.7.4.tgz 214ms (cache miss)
407 http fetch GET 200 https://registry.npmjs.org/@floating-ui/react-dom/-/react-dom-2.1.6.tgz 217ms (cache miss)
408 http fetch GET 200 https://registry.npmjs.org/react-countup/-/react-countup-6.5.3.tgz 218ms (cache miss)
409 http fetch GET 200 https://registry.npmjs.org/countup.js/-/countup.js-2.9.0.tgz 224ms (cache miss)
410 http fetch GET 200 https://registry.npmjs.org/tabbable/-/tabbable-6.2.0.tgz 223ms (cache miss)
411 http fetch GET 200 https://registry.npmjs.org/@react-aria/focus/-/focus-3.21.1.tgz 234ms (cache miss)
412 http fetch GET 200 https://registry.npmjs.org/@react-aria/interactions/-/interactions-3.25.5.tgz 248ms (cache miss)
413 http fetch GET 200 https://registry.npmjs.org/react-hook-form/-/react-hook-form-7.62.0.tgz 277ms (cache miss)
414 http fetch GET 200 https://registry.npmjs.org/@floating-ui/utils/-/utils-0.2.10.tgz 285ms (cache miss)
415 http fetch GET 200 https://registry.npmjs.org/motion-dom/-/motion-dom-12.23.12.tgz 434ms (cache miss)
416 http fetch GET 200 https://registry.npmjs.org/@react-aria/utils/-/utils-3.30.1.tgz 499ms (cache miss)
417 http fetch GET 200 https://registry.npmjs.org/@hookform/resolvers/-/resolvers-5.2.1.tgz 584ms (cache miss)
418 http fetch GET 200 https://registry.npmjs.org/@headlessui/react/-/react-2.2.7.tgz 589ms (cache miss)
419 http fetch GET 200 https://registry.npmjs.org/framer-motion/-/framer-motion-12.23.12.tgz 649ms (cache miss)
420 http fetch GET 200 https://registry.npmjs.org/zod/-/zod-4.1.8.tgz 671ms (cache miss)
421 http fetch GET 200 https://registry.npmjs.org/@floating-ui/react/-/react-0.26.28.tgz 674ms (cache miss)
422 http fetch GET 200 https://registry.npmjs.org/lucide-react/-/lucide-react-0.544.0.tgz 974ms (cache miss)
423 silly ADD node_modules/countup.js
424 silly ADD node_modules/motion-utils
425 silly ADD node_modules/motion-dom
426 silly ADD node_modules/@tanstack/virtual-core
427 silly ADD node_modules/@react-stately/utils
428 silly ADD node_modules/@react-stately/flags
429 silly ADD node_modules/@react-aria/ssr
430 silly ADD node_modules/clsx
431 silly ADD node_modules/@react-types/shared
432 silly ADD node_modules/@react-aria/utils
433 silly ADD node_modules/@standard-schema/utils
434 silly ADD node_modules/@floating-ui/core
435 silly ADD node_modules/@floating-ui/dom
436 silly ADD node_modules/tabbable
437 silly ADD node_modules/@floating-ui/utils
438 silly ADD node_modules/@floating-ui/react-dom
439 silly ADD node_modules/use-sync-external-store
440 silly ADD node_modules/@tanstack/react-virtual
441 silly ADD node_modules/@react-aria/interactions
442 silly ADD node_modules/@react-aria/focus
443 silly ADD node_modules/@floating-ui/react
444 silly ADD node_modules/zod
445 silly ADD node_modules/react-hook-form
446 silly ADD node_modules/react-countup
447 silly ADD node_modules/lucide-react
448 silly ADD node_modules/framer-motion
449 silly ADD node_modules/@hookform/resolvers
450 silly ADD node_modules/@headlessui/react
451 silly ADD
452 silly ADD
453 silly ADD
454 silly ADD
455 silly ADD
456 silly ADD
457 silly ADD
458 silly ADD
459 silly ADD
460 silly ADD
461 silly ADD
462 silly ADD
463 silly ADD
464 silly ADD
465 silly ADD
466 silly ADD
467 silly ADD
468 silly ADD
469 silly ADD
470 silly ADD
471 silly ADD
472 silly ADD
473 silly ADD
474 silly ADD
475 silly ADD
476 silly ADD
477 silly ADD
478 silly ADD
479 silly ADD
480 silly ADD
481 silly ADD
482 silly ADD
483 silly ADD
484 silly ADD
485 silly ADD
486 silly ADD
487 silly ADD
488 silly ADD
489 silly ADD
490 silly ADD
491 silly ADD
492 silly ADD
493 silly ADD
494 silly ADD
495 silly ADD
496 silly ADD
497 silly ADD
498 silly ADD
499 silly ADD
500 silly ADD
501 silly ADD
502 silly ADD
503 silly ADD
504 silly ADD
505 silly ADD
506 silly ADD
507 silly ADD
508 silly ADD
509 silly ADD
510 silly ADD
511 silly ADD
512 silly ADD
513 silly ADD
514 silly ADD
515 silly ADD
516 verbose cwd /Users/abel/Desktop/Codename Stealth Project/Website Code/debtoptimizer
517 verbose os Darwin 23.1.0
518 verbose node v22.15.1
519 verbose npm  v10.9.2
520 notice
520 notice New [31mmajor[39m version of npm available! [31m10.9.2[39m -> [34m11.6.0[39m
520 notice Changelog: [34mhttps://github.com/npm/cli/releases/tag/v11.6.0[39m
520 notice To update run: [4mnpm install -g npm@11.6.0[24m
520 notice  { force: true, [Symbol(proc-log.meta)]: true }
521 verbose exit 0
522 info ok
